{"C:\\Users\\raghav.khattar\\Desktop\\movie_explorer_reactjs_raghav-main\\src\\components\\AddMovieForm.tsx": {"path":"C:\\Users\\raghav.khattar\\Desktop\\movie_explorer_reactjs_raghav-main\\src\\components\\AddMovieForm.tsx","statementMap":{"0":{"start":{"line":1,"column":0},"end":{"line":1,"column":75}},"1":{"start":{"line":2,"column":0},"end":{"line":2,"column":null}},"2":{"start":{"line":6,"column":0},"end":{"line":6,"column":36}},"3":{"start":{"line":7,"column":0},"end":{"line":7,"column":30}},"4":{"start":{"line":8,"column":0},"end":{"line":8,"column":45}},"5":{"start":{"line":9,"column":0},"end":{"line":9,"column":74}},"6":{"start":{"line":10,"column":0},"end":{"line":10,"column":55}},"7":{"start":{"line":11,"column":0},"end":{"line":11,"column":47}},"8":{"start":{"line":13,"column":31},"end":{"line":345,"column":1}},"9":{"start":{"line":14,"column":30},"end":{"line":14,"column":42}},"10":{"start":{"line":15,"column":42},"end":{"line":15,"column":54}},"11":{"start":{"line":16,"column":36},"end":{"line":16,"column":48}},"12":{"start":{"line":17,"column":30},"end":{"line":17,"column":54}},"13":{"start":{"line":18,"column":28},"end":{"line":18,"column":40}},"14":{"start":{"line":19,"column":28},"end":{"line":19,"column":52}},"15":{"start":{"line":20,"column":42},"end":{"line":20,"column":69}},"16":{"start":{"line":21,"column":42},"end":{"line":21,"column":69}},"17":{"start":{"line":22,"column":19},"end":{"line":22,"column":30}},"18":{"start":{"line":24,"column":4},"end":{"line":45,"column":13}},"19":{"start":{"line":25,"column":8},"end":{"line":44,"column":9}},"20":{"start":{"line":26,"column":35},"end":{"line":42,"column":14}},"21":{"start":{"line":26,"column":46},"end":{"line":42,"column":14}},"22":{"start":{"line":27,"column":16},"end":{"line":41,"column":17}},"23":{"start":{"line":28,"column":37},"end":{"line":28,"column":70}},"24":{"start":{"line":29,"column":20},"end":{"line":29,"column":45}},"25":{"start":{"line":30,"column":20},"end":{"line":30,"column":57}},"26":{"start":{"line":31,"column":20},"end":{"line":31,"column":51}},"27":{"start":{"line":32,"column":20},"end":{"line":32,"column":48}},"28":{"start":{"line":33,"column":20},"end":{"line":33,"column":51}},"29":{"start":{"line":34,"column":20},"end":{"line":34,"column":56}},"30":{"start":{"line":35,"column":20},"end":{"line":35,"column":56}},"31":{"start":{"line":37,"column":20},"end":{"line":37,"column":74}},"32":{"start":{"line":38,"column":20},"end":{"line":40,"column":23}},"33":{"start":{"line":43,"column":12},"end":{"line":43,"column":29}},"34":{"start":{"line":47,"column":25},"end":{"line":79,"column":5}},"35":{"start":{"line":48,"column":22},"end":{"line":48,"column":26}},"36":{"start":{"line":49,"column":33},"end":{"line":49,"column":35}},"37":{"start":{"line":51,"column":8},"end":{"line":54,"column":9}},"38":{"start":{"line":52,"column":12},"end":{"line":52,"column":45}},"39":{"start":{"line":53,"column":12},"end":{"line":53,"column":28}},"40":{"start":{"line":55,"column":8},"end":{"line":58,"column":9}},"41":{"start":{"line":56,"column":12},"end":{"line":56,"column":51}},"42":{"start":{"line":57,"column":12},"end":{"line":57,"column":28}},"43":{"start":{"line":59,"column":8},"end":{"line":62,"column":9}},"44":{"start":{"line":60,"column":12},"end":{"line":60,"column":48}},"45":{"start":{"line":61,"column":12},"end":{"line":61,"column":28}},"46":{"start":{"line":63,"column":8},"end":{"line":66,"column":9}},"47":{"start":{"line":64,"column":12},"end":{"line":64,"column":45}},"48":{"start":{"line":65,"column":12},"end":{"line":65,"column":28}},"49":{"start":{"line":67,"column":8},"end":{"line":70,"column":9}},"50":{"start":{"line":68,"column":12},"end":{"line":68,"column":50}},"51":{"start":{"line":69,"column":12},"end":{"line":69,"column":28}},"52":{"start":{"line":72,"column":8},"end":{"line":76,"column":9}},"53":{"start":{"line":73,"column":12},"end":{"line":75,"column":15}},"54":{"start":{"line":78,"column":8},"end":{"line":78,"column":23}},"55":{"start":{"line":81,"column":25},"end":{"line":137,"column":6}},"56":{"start":{"line":81,"column":65},"end":{"line":137,"column":6}},"57":{"start":{"line":82,"column":8},"end":{"line":82,"column":27}},"58":{"start":{"line":84,"column":8},"end":{"line":84,"column":36}},"59":{"start":{"line":84,"column":29},"end":{"line":84,"column":36}},"60":{"start":{"line":85,"column":25},"end":{"line":85,"column":39}},"61":{"start":{"line":87,"column":8},"end":{"line":87,"column":47}},"62":{"start":{"line":88,"column":8},"end":{"line":88,"column":53}},"63":{"start":{"line":89,"column":8},"end":{"line":89,"column":48}},"64":{"start":{"line":90,"column":8},"end":{"line":90,"column":61}},"65":{"start":{"line":91,"column":8},"end":{"line":91,"column":53}},"66":{"start":{"line":92,"column":8},"end":{"line":92,"column":50}},"67":{"start":{"line":93,"column":8},"end":{"line":93,"column":59}},"68":{"start":{"line":94,"column":8},"end":{"line":94,"column":62}},"69":{"start":{"line":95,"column":8},"end":{"line":95,"column":64}},"70":{"start":{"line":97,"column":8},"end":{"line":97,"column":59}},"71":{"start":{"line":98,"column":8},"end":{"line":100,"column":9}},"72":{"start":{"line":99,"column":12},"end":{"line":99,"column":58}},"73":{"start":{"line":101,"column":8},"end":{"line":103,"column":9}},"74":{"start":{"line":102,"column":12},"end":{"line":102,"column":58}},"75":{"start":{"line":105,"column":22},"end":{"line":105,"column":51}},"76":{"start":{"line":106,"column":8},"end":{"line":136,"column":9}},"77":{"start":{"line":107,"column":12},"end":{"line":121,"column":13}},"78":{"start":{"line":108,"column":16},"end":{"line":110,"column":17}},"79":{"start":{"line":109,"column":20},"end":{"line":109,"column":72}},"80":{"start":{"line":111,"column":16},"end":{"line":111,"column":64}},"81":{"start":{"line":113,"column":16},"end":{"line":115,"column":19}},"82":{"start":{"line":117,"column":16},"end":{"line":117,"column":44}},"83":{"start":{"line":118,"column":16},"end":{"line":120,"column":19}},"84":{"start":{"line":123,"column":12},"end":{"line":123,"column":25}},"85":{"start":{"line":124,"column":12},"end":{"line":124,"column":31}},"86":{"start":{"line":125,"column":12},"end":{"line":125,"column":28}},"87":{"start":{"line":126,"column":12},"end":{"line":126,"column":24}},"88":{"start":{"line":127,"column":12},"end":{"line":127,"column":24}},"89":{"start":{"line":128,"column":12},"end":{"line":128,"column":27}},"90":{"start":{"line":129,"column":12},"end":{"line":129,"column":33}},"91":{"start":{"line":130,"column":12},"end":{"line":130,"column":33}},"92":{"start":{"line":132,"column":12},"end":{"line":132,"column":64}},"93":{"start":{"line":133,"column":12},"end":{"line":135,"column":15}},"94":{"start":{"line":139,"column":4},"end":{"line":344,"column":6}},"95":{"start":{"line":195,"column":41},"end":{"line":195,"column":65}},"96":{"start":{"line":208,"column":41},"end":{"line":208,"column":71}},"97":{"start":{"line":223,"column":41},"end":{"line":223,"column":68}},"98":{"start":{"line":239,"column":45},"end":{"line":239,"column":106}},"99":{"start":{"line":270,"column":41},"end":{"line":270,"column":64}},"100":{"start":{"line":282,"column":70},"end":{"line":282,"column":104}},"101":{"start":{"line":296,"column":32},"end":{"line":296,"column":null}},"102":{"start":{"line":314,"column":32},"end":{"line":314,"column":null}},"103":{"start":{"line":347,"column":0},"end":{"line":347,"column":28}}},"fnMap":{"0":{"name":"(anonymous_8)","decl":{"start":{"line":13,"column":31},"end":{"line":13,"column":34}},"loc":{"start":{"line":13,"column":36},"end":{"line":345,"column":1}}},"1":{"name":"(anonymous_9)","decl":{"start":{"line":24,"column":14},"end":{"line":24,"column":17}},"loc":{"start":{"line":24,"column":19},"end":{"line":45,"column":5}}},"2":{"name":"(anonymous_10)","decl":{"start":{"line":26,"column":35},"end":{"line":26,"column":44}},"loc":{"start":{"line":26,"column":46},"end":{"line":42,"column":14}}},"3":{"name":"(anonymous_11)","decl":{"start":{"line":26,"column":46},"end":{"line":26,"column":null}},"loc":{"start":{"line":26,"column":46},"end":{"line":42,"column":13}}},"4":{"name":"(anonymous_12)","decl":{"start":{"line":47,"column":25},"end":{"line":47,"column":37}},"loc":{"start":{"line":47,"column":39},"end":{"line":79,"column":5}}},"5":{"name":"(anonymous_13)","decl":{"start":{"line":81,"column":25},"end":{"line":81,"column":32}},"loc":{"start":{"line":81,"column":65},"end":{"line":137,"column":6}}},"6":{"name":"(anonymous_14)","decl":{"start":{"line":81,"column":65},"end":{"line":81,"column":null}},"loc":{"start":{"line":81,"column":65},"end":{"line":137,"column":5}}},"7":{"name":"(anonymous_15)","decl":{"start":{"line":195,"column":34},"end":{"line":195,"column":35}},"loc":{"start":{"line":195,"column":41},"end":{"line":195,"column":65}}},"8":{"name":"(anonymous_16)","decl":{"start":{"line":208,"column":34},"end":{"line":208,"column":35}},"loc":{"start":{"line":208,"column":41},"end":{"line":208,"column":71}}},"9":{"name":"(anonymous_17)","decl":{"start":{"line":223,"column":34},"end":{"line":223,"column":35}},"loc":{"start":{"line":223,"column":41},"end":{"line":223,"column":68}}},"10":{"name":"(anonymous_18)","decl":{"start":{"line":239,"column":38},"end":{"line":239,"column":39}},"loc":{"start":{"line":239,"column":45},"end":{"line":239,"column":106}}},"11":{"name":"(anonymous_19)","decl":{"start":{"line":270,"column":34},"end":{"line":270,"column":35}},"loc":{"start":{"line":270,"column":41},"end":{"line":270,"column":64}}},"12":{"name":"(anonymous_20)","decl":{"start":{"line":282,"column":63},"end":{"line":282,"column":64}},"loc":{"start":{"line":282,"column":70},"end":{"line":282,"column":104}}},"13":{"name":"(anonymous_21)","decl":{"start":{"line":295,"column":38},"end":{"line":295,"column":39}},"loc":{"start":{"line":295,"column":75},"end":{"line":296,"column":null}}},"14":{"name":"(anonymous_22)","decl":{"start":{"line":313,"column":38},"end":{"line":313,"column":39}},"loc":{"start":{"line":313,"column":75},"end":{"line":314,"column":null}}}},"branchMap":{"0":{"loc":{"start":{"line":25,"column":8},"end":{"line":44,"column":9}},"type":"if","locations":[{"start":{"line":25,"column":8},"end":{"line":44,"column":9}}]},"1":{"loc":{"start":{"line":39,"column":34},"end":{"line":39,"column":87}},"type":"cond-expr","locations":[{"start":{"line":39,"column":61},"end":{"line":39,"column":73}},{"start":{"line":39,"column":76},"end":{"line":39,"column":87}}]},"2":{"loc":{"start":{"line":51,"column":8},"end":{"line":54,"column":9}},"type":"if","locations":[{"start":{"line":51,"column":8},"end":{"line":54,"column":9}}]},"3":{"loc":{"start":{"line":55,"column":8},"end":{"line":58,"column":9}},"type":"if","locations":[{"start":{"line":55,"column":8},"end":{"line":58,"column":9}}]},"4":{"loc":{"start":{"line":59,"column":8},"end":{"line":62,"column":9}},"type":"if","locations":[{"start":{"line":59,"column":8},"end":{"line":62,"column":9}}]},"5":{"loc":{"start":{"line":63,"column":8},"end":{"line":66,"column":9}},"type":"if","locations":[{"start":{"line":63,"column":8},"end":{"line":66,"column":9}}]},"6":{"loc":{"start":{"line":67,"column":8},"end":{"line":70,"column":9}},"type":"if","locations":[{"start":{"line":67,"column":8},"end":{"line":70,"column":9}}]},"7":{"loc":{"start":{"line":67,"column":12},"end":{"line":67,"column":40}},"type":"binary-expr","locations":[{"start":{"line":67,"column":12},"end":{"line":67,"column":17}},{"start":{"line":67,"column":21},"end":{"line":67,"column":40}}]},"8":{"loc":{"start":{"line":72,"column":8},"end":{"line":76,"column":9}},"type":"if","locations":[{"start":{"line":72,"column":8},"end":{"line":76,"column":9}}]},"9":{"loc":{"start":{"line":74,"column":26},"end":{"line":74,"column":79}},"type":"cond-expr","locations":[{"start":{"line":74,"column":53},"end":{"line":74,"column":65}},{"start":{"line":74,"column":68},"end":{"line":74,"column":79}}]},"10":{"loc":{"start":{"line":84,"column":8},"end":{"line":84,"column":36}},"type":"if","locations":[{"start":{"line":84,"column":8},"end":{"line":84,"column":36}}]},"11":{"loc":{"start":{"line":98,"column":8},"end":{"line":100,"column":9}},"type":"if","locations":[{"start":{"line":98,"column":8},"end":{"line":100,"column":9}}]},"12":{"loc":{"start":{"line":101,"column":8},"end":{"line":103,"column":9}},"type":"if","locations":[{"start":{"line":101,"column":8},"end":{"line":103,"column":9}}]},"13":{"loc":{"start":{"line":107,"column":12},"end":{"line":121,"column":13}},"type":"if","locations":[{"start":{"line":107,"column":12},"end":{"line":121,"column":13}},{"start":{"line":116,"column":19},"end":{"line":121,"column":13}}]},"14":{"loc":{"start":{"line":108,"column":16},"end":{"line":110,"column":17}},"type":"if","locations":[{"start":{"line":108,"column":16},"end":{"line":110,"column":17}}]},"15":{"loc":{"start":{"line":114,"column":30},"end":{"line":114,"column":83}},"type":"cond-expr","locations":[{"start":{"line":114,"column":57},"end":{"line":114,"column":69}},{"start":{"line":114,"column":72},"end":{"line":114,"column":83}}]},"16":{"loc":{"start":{"line":119,"column":30},"end":{"line":119,"column":83}},"type":"cond-expr","locations":[{"start":{"line":119,"column":57},"end":{"line":119,"column":69}},{"start":{"line":119,"column":72},"end":{"line":119,"column":83}}]},"17":{"loc":{"start":{"line":134,"column":26},"end":{"line":134,"column":79}},"type":"cond-expr","locations":[{"start":{"line":134,"column":53},"end":{"line":134,"column":65}},{"start":{"line":134,"column":68},"end":{"line":134,"column":79}}]},"18":{"loc":{"start":{"line":151,"column":26},"end":{"line":151,"column":79}},"type":"cond-expr","locations":[{"start":{"line":151,"column":53},"end":{"line":151,"column":65}},{"start":{"line":151,"column":68},"end":{"line":151,"column":79}}]},"19":{"loc":{"start":{"line":186,"column":21},"end":{"line":186,"column":56}},"type":"cond-expr","locations":[{"start":{"line":186,"column":26},"end":{"line":186,"column":38}},{"start":{"line":186,"column":41},"end":{"line":186,"column":56}}]},"20":{"loc":{"start":{"line":239,"column":54},"end":{"line":239,"column":105}},"type":"cond-expr","locations":[{"start":{"line":239,"column":78},"end":{"line":239,"column":80}},{"start":{"line":239,"column":83},"end":{"line":239,"column":105}}]},"21":{"loc":{"start":{"line":296,"column":47},"end":{"line":296,"column":74}},"type":"binary-expr","locations":[{"start":{"line":296,"column":47},"end":{"line":296,"column":66}},{"start":{"line":296,"column":70},"end":{"line":296,"column":74}}]},"22":{"loc":{"start":{"line":296,"column":47},"end":{"line":296,"column":66}},"type":"cond-expr","locations":[{"start":{"line":296,"column":61},"end":{"line":296,"column":64}},{"start":{"line":296,"column":61},"end":{"line":296,"column":66}}]},"23":{"loc":{"start":{"line":296,"column":47},"end":{"line":296,"column":64}},"type":"binary-expr","locations":[{"start":{"line":296,"column":47},"end":{"line":296,"column":64}},{"start":{"line":296,"column":61},"end":{"line":296,"column":64}}]},"24":{"loc":{"start":{"line":299,"column":25},"end":{"line":302,"column":null}},"type":"binary-expr","locations":[{"start":{"line":299,"column":25},"end":{"line":299,"column":36}},{"start":{"line":300,"column":28},"end":{"line":301,"column":null}}]},"25":{"loc":{"start":{"line":314,"column":47},"end":{"line":314,"column":74}},"type":"binary-expr","locations":[{"start":{"line":314,"column":47},"end":{"line":314,"column":66}},{"start":{"line":314,"column":70},"end":{"line":314,"column":74}}]},"26":{"loc":{"start":{"line":314,"column":47},"end":{"line":314,"column":66}},"type":"cond-expr","locations":[{"start":{"line":314,"column":61},"end":{"line":314,"column":64}},{"start":{"line":314,"column":61},"end":{"line":314,"column":66}}]},"27":{"loc":{"start":{"line":314,"column":47},"end":{"line":314,"column":64}},"type":"binary-expr","locations":[{"start":{"line":314,"column":47},"end":{"line":314,"column":64}},{"start":{"line":314,"column":61},"end":{"line":314,"column":64}}]},"28":{"loc":{"start":{"line":317,"column":25},"end":{"line":320,"column":null}},"type":"binary-expr","locations":[{"start":{"line":317,"column":25},"end":{"line":317,"column":36}},{"start":{"line":318,"column":28},"end":{"line":319,"column":null}}]},"29":{"loc":{"start":{"line":338,"column":25},"end":{"line":338,"column":56}},"type":"cond-expr","locations":[{"start":{"line":338,"column":30},"end":{"line":338,"column":42}},{"start":{"line":338,"column":45},"end":{"line":338,"column":56}}]}},"s":{"0":1,"1":1,"2":1,"3":1,"4":1,"5":1,"6":1,"7":1,"8":1,"9":21,"10":21,"11":21,"12":21,"13":21,"14":21,"15":21,"16":21,"17":21,"18":21,"19":6,"20":0,"21":0,"22":0,"23":0,"24":0,"25":0,"26":0,"27":0,"28":0,"29":0,"30":0,"31":0,"32":0,"33":0,"34":21,"35":1,"36":1,"37":1,"38":0,"39":0,"40":1,"41":0,"42":0,"43":1,"44":0,"45":0,"46":1,"47":0,"48":0,"49":1,"50":0,"51":0,"52":1,"53":0,"54":1,"55":21,"56":1,"57":1,"58":1,"59":0,"60":1,"61":1,"62":1,"63":1,"64":1,"65":1,"66":1,"67":1,"68":1,"69":1,"70":1,"71":1,"72":1,"73":1,"74":1,"75":1,"76":1,"77":1,"78":0,"79":0,"80":0,"81":0,"82":1,"83":0,"84":0,"85":0,"86":0,"87":0,"88":0,"89":0,"90":0,"91":0,"92":0,"93":0,"94":21,"95":2,"96":2,"97":2,"98":2,"99":1,"100":2,"101":2,"102":2,"103":1},"f":{"0":21,"1":6,"2":0,"3":0,"4":1,"5":1,"6":1,"7":2,"8":2,"9":2,"10":2,"11":1,"12":2,"13":2,"14":2},"b":{"0":[0],"1":[0,0],"2":[0],"3":[0],"4":[0],"5":[0],"6":[0],"7":[1,1],"8":[0],"9":[0,0],"10":[0],"11":[1],"12":[1],"13":[0,1],"14":[0],"15":[0,0],"16":[0,0],"17":[0,0],"18":[0,21],"19":[0,21],"20":[0,2],"21":[2,0],"22":[0,2],"23":[2,2],"24":[21,4],"25":[2,0],"26":[0,2],"27":[2,2],"28":[21,2],"29":[0,21]}}
,"C:\\Users\\raghav.khattar\\Desktop\\movie_explorer_reactjs_raghav-main\\src\\components\\AllMovies.tsx": {"path":"C:\\Users\\raghav.khattar\\Desktop\\movie_explorer_reactjs_raghav-main\\src\\components\\AllMovies.tsx","statementMap":{"0":{"start":{"line":1,"column":0},"end":{"line":1,"column":39}},"1":{"start":{"line":2,"column":0},"end":{"line":2,"column":33}},"2":{"start":{"line":3,"column":0},"end":{"line":3,"column":30}},"3":{"start":{"line":4,"column":0},"end":{"line":4,"column":null}},"4":{"start":{"line":12,"column":0},"end":{"line":12,"column":36}},"5":{"start":{"line":13,"column":0},"end":{"line":13,"column":33}},"6":{"start":{"line":14,"column":0},"end":{"line":14,"column":36}},"7":{"start":{"line":15,"column":0},"end":{"line":15,"column":68}},"8":{"start":{"line":16,"column":0},"end":{"line":16,"column":40}},"9":{"start":{"line":17,"column":0},"end":{"line":17,"column":44}},"10":{"start":{"line":34,"column":28},"end":{"line":37,"column":2}},"11":{"start":{"line":53,"column":8},"end":{"line":53,"column":21}},"12":{"start":{"line":63,"column":4},"end":{"line":65,"column":6}},"13":{"start":{"line":64,"column":8},"end":{"line":64,"column":58}},"14":{"start":{"line":78,"column":4},"end":{"line":98,"column":null}},"15":{"start":{"line":79,"column":8},"end":{"line":79,"column":43}},"16":{"start":{"line":80,"column":8},"end":{"line":97,"column":15}},"17":{"start":{"line":82,"column":16},"end":{"line":90,"column":19}},"18":{"start":{"line":83,"column":68},"end":{"line":85,"column":null}},"19":{"start":{"line":91,"column":16},"end":{"line":91,"column":69}},"20":{"start":{"line":92,"column":16},"end":{"line":92,"column":64}},"21":{"start":{"line":95,"column":16},"end":{"line":95,"column":63}},"22":{"start":{"line":96,"column":16},"end":{"line":96,"column":52}},"23":{"start":{"line":100,"column":4},"end":{"line":102,"column":null}},"24":{"start":{"line":101,"column":8},"end":{"line":101,"column":32}},"25":{"start":{"line":104,"column":4},"end":{"line":106,"column":6}},"26":{"start":{"line":105,"column":8},"end":{"line":105,"column":51}},"27":{"start":{"line":116,"column":4},"end":{"line":135,"column":6}},"28":{"start":{"line":117,"column":28},"end":{"line":117,"column":33}},"29":{"start":{"line":118,"column":8},"end":{"line":134,"column":10}},"30":{"start":{"line":137,"column":4},"end":{"line":156,"column":6}},"31":{"start":{"line":138,"column":28},"end":{"line":138,"column":33}},"32":{"start":{"line":139,"column":8},"end":{"line":155,"column":10}},"33":{"start":{"line":158,"column":4},"end":{"line":177,"column":6}},"34":{"start":{"line":159,"column":27},"end":{"line":159,"column":28}},"35":{"start":{"line":160,"column":29},"end":{"line":160,"column":30}},"36":{"start":{"line":161,"column":8},"end":{"line":167,"column":9}},"37":{"start":{"line":162,"column":12},"end":{"line":162,"column":29}},"38":{"start":{"line":163,"column":12},"end":{"line":163,"column":31}},"39":{"start":{"line":164,"column":15},"end":{"line":167,"column":9}},"40":{"start":{"line":165,"column":12},"end":{"line":165,"column":29}},"41":{"start":{"line":166,"column":12},"end":{"line":166,"column":31}},"42":{"start":{"line":168,"column":8},"end":{"line":176,"column":10}},"43":{"start":{"line":179,"column":4},"end":{"line":186,"column":6}},"44":{"start":{"line":180,"column":8},"end":{"line":185,"column":11}},"45":{"start":{"line":181,"column":12},"end":{"line":181,"column":29}},"46":{"start":{"line":54,"column":8},"end":{"line":60,"column":10}},"47":{"start":{"line":68,"column":8},"end":{"line":68,"column":65}},"48":{"start":{"line":69,"column":26},"end":{"line":69,"column":61}},"49":{"start":{"line":70,"column":28},"end":{"line":70,"column":67}},"50":{"start":{"line":71,"column":8},"end":{"line":71,"column":38}},"51":{"start":{"line":75,"column":8},"end":{"line":75,"column":68}},"52":{"start":{"line":109,"column":8},"end":{"line":109,"column":44}},"53":{"start":{"line":113,"column":8},"end":{"line":113,"column":77}},"54":{"start":{"line":189,"column":25},"end":{"line":189,"column":46}},"55":{"start":{"line":190,"column":8},"end":{"line":266,"column":10}},"56":{"start":{"line":214,"column":40},"end":{"line":214,"column":57}},"57":{"start":{"line":215,"column":83},"end":{"line":215,"column":106}},"58":{"start":{"line":239,"column":36},"end":{"line":239,"column":53}},"59":{"start":{"line":270,"column":0},"end":{"line":270,"column":39}}},"fnMap":{"0":{"name":"(anonymous_1)","decl":{"start":{"line":52,"column":4},"end":{"line":52,"column":16}},"loc":{"start":{"line":52,"column":36},"end":{"line":61,"column":5}}},"1":{"name":"(anonymous_2)","decl":{"start":{"line":63,"column":23},"end":{"line":63,"column":26}},"loc":{"start":{"line":63,"column":28},"end":{"line":65,"column":5}}},"2":{"name":"(anonymous_3)","decl":{"start":{"line":78,"column":18},"end":{"line":78,"column":19}},"loc":{"start":{"line":78,"column":35},"end":{"line":98,"column":5}}},"3":{"name":"(anonymous_4)","decl":{"start":{"line":81,"column":18},"end":{"line":81,"column":26}},"loc":{"start":{"line":81,"column":29},"end":{"line":93,"column":13}}},"4":{"name":"(anonymous_5)","decl":{"start":{"line":83,"column":52},"end":{"line":83,"column":53}},"loc":{"start":{"line":83,"column":68},"end":{"line":85,"column":null}}},"5":{"name":"(anonymous_6)","decl":{"start":{"line":94,"column":19},"end":{"line":94,"column":24}},"loc":{"start":{"line":94,"column":27},"end":{"line":97,"column":13}}},"6":{"name":"(anonymous_7)","decl":{"start":{"line":100,"column":23},"end":{"line":100,"column":24}},"loc":{"start":{"line":100,"column":77},"end":{"line":102,"column":5}}},"7":{"name":"(anonymous_8)","decl":{"start":{"line":104,"column":18},"end":{"line":104,"column":19}},"loc":{"start":{"line":104,"column":40},"end":{"line":106,"column":5}}},"8":{"name":"(anonymous_9)","decl":{"start":{"line":116,"column":16},"end":{"line":116,"column":17}},"loc":{"start":{"line":116,"column":31},"end":{"line":135,"column":5}}},"9":{"name":"(anonymous_10)","decl":{"start":{"line":137,"column":16},"end":{"line":137,"column":17}},"loc":{"start":{"line":137,"column":31},"end":{"line":156,"column":5}}},"10":{"name":"(anonymous_11)","decl":{"start":{"line":158,"column":24},"end":{"line":158,"column":27}},"loc":{"start":{"line":158,"column":29},"end":{"line":177,"column":5}}},"11":{"name":"(anonymous_12)","decl":{"start":{"line":179,"column":22},"end":{"line":179,"column":23}},"loc":{"start":{"line":179,"column":36},"end":{"line":186,"column":5}}},"12":{"name":"(anonymous_13)","decl":{"start":{"line":180,"column":49},"end":{"line":180,"column":50}},"loc":{"start":{"line":181,"column":12},"end":{"line":181,"column":29}}},"13":{"name":"(anonymous_14)","decl":{"start":{"line":67,"column":4},"end":{"line":67,"column":21}},"loc":{"start":{"line":67,"column":21},"end":{"line":72,"column":5}}},"14":{"name":"(anonymous_15)","decl":{"start":{"line":74,"column":4},"end":{"line":74,"column":24}},"loc":{"start":{"line":74,"column":24},"end":{"line":76,"column":5}}},"15":{"name":"(anonymous_16)","decl":{"start":{"line":108,"column":4},"end":{"line":108,"column":8}},"loc":{"start":{"line":108,"column":16},"end":{"line":110,"column":5}}},"16":{"name":"(anonymous_17)","decl":{"start":{"line":112,"column":4},"end":{"line":112,"column":8}},"loc":{"start":{"line":112,"column":16},"end":{"line":114,"column":5}}},"17":{"name":"(anonymous_18)","decl":{"start":{"line":188,"column":4},"end":{"line":188,"column":10}},"loc":{"start":{"line":188,"column":10},"end":{"line":267,"column":5}}},"18":{"name":"(anonymous_19)","decl":{"start":{"line":213,"column":51},"end":{"line":213,"column":52}},"loc":{"start":{"line":214,"column":40},"end":{"line":214,"column":57}}},"19":{"name":"(anonymous_20)","decl":{"start":{"line":215,"column":77},"end":{"line":215,"column":80}},"loc":{"start":{"line":215,"column":83},"end":{"line":215,"column":106}}},"20":{"name":"(anonymous_21)","decl":{"start":{"line":238,"column":60},"end":{"line":238,"column":61}},"loc":{"start":{"line":239,"column":36},"end":{"line":239,"column":53}}}},"branchMap":{"0":{"loc":{"start":{"line":89,"column":32},"end":{"line":89,"column":57}},"type":"binary-expr","locations":[{"start":{"line":89,"column":32},"end":{"line":89,"column":51}},{"start":{"line":89,"column":55},"end":{"line":89,"column":57}}]},"1":{"loc":{"start":{"line":124,"column":27},"end":{"line":124,"column":56}},"type":"cond-expr","locations":[{"start":{"line":124,"column":43},"end":{"line":124,"column":48}},{"start":{"line":124,"column":51},"end":{"line":124,"column":56}}]},"2":{"loc":{"start":{"line":145,"column":26},"end":{"line":145,"column":57}},"type":"cond-expr","locations":[{"start":{"line":145,"column":42},"end":{"line":145,"column":47}},{"start":{"line":145,"column":50},"end":{"line":145,"column":57}}]},"3":{"loc":{"start":{"line":161,"column":8},"end":{"line":167,"column":9}},"type":"if","locations":[{"start":{"line":161,"column":8},"end":{"line":167,"column":9}},{"start":{"line":164,"column":15},"end":{"line":167,"column":9}}]},"4":{"loc":{"start":{"line":164,"column":15},"end":{"line":167,"column":9}},"type":"if","locations":[{"start":{"line":164,"column":15},"end":{"line":167,"column":9}}]},"5":{"loc":{"start":{"line":179,"column":23},"end":{"line":179,"column":32}},"type":"default-arg","locations":[{"start":{"line":179,"column":31},"end":{"line":179,"column":32}}]},"6":{"loc":{"start":{"line":181,"column":56},"end":{"line":181,"column":84}},"type":"cond-expr","locations":[{"start":{"line":181,"column":72},"end":{"line":181,"column":78}},{"start":{"line":181,"column":81},"end":{"line":181,"column":84}}]},"7":{"loc":{"start":{"line":70,"column":28},"end":{"line":70,"column":67}},"type":"cond-expr","locations":[{"start":{"line":70,"column":40},"end":{"line":70,"column":63}},{"start":{"line":70,"column":66},"end":{"line":70,"column":67}}]},"8":{"loc":{"start":{"line":113,"column":15},"end":{"line":113,"column":76}},"type":"binary-expr","locations":[{"start":{"line":113,"column":15},"end":{"line":113,"column":44}},{"start":{"line":113,"column":48},"end":{"line":113,"column":76}}]},"9":{"loc":{"start":{"line":189,"column":25},"end":{"line":189,"column":46}},"type":"cond-expr","locations":[{"start":{"line":189,"column":41},"end":{"line":189,"column":42}},{"start":{"line":189,"column":45},"end":{"line":189,"column":46}}]},"10":{"loc":{"start":{"line":208,"column":85},"end":{"line":208,"column":116}},"type":"cond-expr","locations":[{"start":{"line":208,"column":101},"end":{"line":208,"column":107}},{"start":{"line":208,"column":110},"end":{"line":208,"column":116}}]},"11":{"loc":{"start":{"line":222,"column":52},"end":{"line":222,"column":83}},"type":"cond-expr","locations":[{"start":{"line":222,"column":68},"end":{"line":222,"column":74}},{"start":{"line":222,"column":77},"end":{"line":222,"column":83}}]},"12":{"loc":{"start":{"line":236,"column":29},"end":{"line":242,"column":34}},"type":"cond-expr","locations":[{"start":{"line":237,"column":34},"end":{"line":237,"column":77}},{"start":{"line":238,"column":34},"end":{"line":242,"column":34}}]},"13":{"loc":{"start":{"line":237,"column":55},"end":{"line":237,"column":76}},"type":"cond-expr","locations":[{"start":{"line":237,"column":71},"end":{"line":237,"column":72}},{"start":{"line":237,"column":75},"end":{"line":237,"column":76}}]},"14":{"loc":{"start":{"line":239,"column":81},"end":{"line":239,"column":112}},"type":"cond-expr","locations":[{"start":{"line":239,"column":97},"end":{"line":239,"column":103}},{"start":{"line":239,"column":106},"end":{"line":239,"column":112}}]}},"s":{"0":1,"1":1,"2":1,"3":1,"4":1,"5":1,"6":1,"7":1,"8":1,"9":1,"10":1,"11":3,"12":3,"13":0,"14":3,"15":3,"16":3,"17":3,"18":2,"19":3,"20":3,"21":0,"22":0,"23":3,"24":0,"25":3,"26":0,"27":3,"28":7,"29":7,"30":3,"31":7,"32":7,"33":3,"34":7,"35":7,"36":7,"37":0,"38":0,"39":7,"40":0,"41":0,"42":7,"43":3,"44":6,"45":36,"46":3,"47":3,"48":3,"49":3,"50":3,"51":3,"52":86,"53":7,"54":7,"55":7,"56":56,"57":0,"58":2,"59":1},"f":{"0":3,"1":0,"2":3,"3":3,"4":2,"5":0,"6":0,"7":0,"8":7,"9":7,"10":7,"11":6,"12":36,"13":3,"14":3,"15":86,"16":7,"17":7,"18":56,"19":0,"20":2},"b":{"0":[3,0],"1":[0,7],"2":[0,7],"3":[0,7],"4":[0],"5":[0],"6":[0,36],"7":[2,1],"8":[7,7],"9":[0,7],"10":[0,7],"11":[0,7],"12":[6,1],"13":[0,6],"14":[0,2]}}
,"C:\\Users\\raghav.khattar\\Desktop\\movie_explorer_reactjs_raghav-main\\src\\components\\AnimatedButton.tsx": {"path":"C:\\Users\\raghav.khattar\\Desktop\\movie_explorer_reactjs_raghav-main\\src\\components\\AnimatedButton.tsx","statementMap":{"0":{"start":{"line":56,"column":0},"end":{"line":56,"column":24}},"1":{"start":{"line":1,"column":0},"end":{"line":1,"column":57}},"2":{"start":{"line":2,"column":0},"end":{"line":2,"column":48}},"3":{"start":{"line":3,"column":0},"end":{"line":3,"column":67}},"4":{"start":{"line":4,"column":0},"end":{"line":4,"column":47}},"5":{"start":{"line":5,"column":0},"end":{"line":5,"column":33}},"6":{"start":{"line":7,"column":15},"end":{"line":14,"column":2}},"7":{"start":{"line":16,"column":29},"end":{"line":54,"column":3}},"8":{"start":{"line":16,"column":51},"end":{"line":54,"column":2}},"9":{"start":{"line":57,"column":21},"end":{"line":57,"column":34}},"10":{"start":{"line":58,"column":34},"end":{"line":58,"column":49}},"11":{"start":{"line":60,"column":31},"end":{"line":77,"column":null}},"12":{"start":{"line":60,"column":42},"end":{"line":77,"column":null}},"13":{"start":{"line":61,"column":8},"end":{"line":61,"column":25}},"14":{"start":{"line":63,"column":8},"end":{"line":76,"column":9}},"15":{"start":{"line":64,"column":30},"end":{"line":64,"column":56}},"16":{"start":{"line":66,"column":12},"end":{"line":72,"column":13}},"17":{"start":{"line":67,"column":16},"end":{"line":67,"column":57}},"18":{"start":{"line":68,"column":16},"end":{"line":68,"column":54}},"19":{"start":{"line":70,"column":16},"end":{"line":70,"column":66}},"20":{"start":{"line":71,"column":16},"end":{"line":71,"column":34}},"21":{"start":{"line":74,"column":12},"end":{"line":74,"column":66}},"22":{"start":{"line":75,"column":12},"end":{"line":75,"column":30}},"23":{"start":{"line":79,"column":4},"end":{"line":83,"column":6}}},"fnMap":{"0":{"name":"(anonymous_7)","decl":{"start":{"line":16,"column":44},"end":{"line":16,"column":47}},"loc":{"start":{"line":16,"column":51},"end":{"line":54,"column":2}}},"1":{"name":"SuggestMovieButton","decl":{"start":{"line":56,"column":24},"end":{"line":56,"column":42}},"loc":{"start":{"line":56,"column":42},"end":{"line":84,"column":1}}},"2":{"name":"(anonymous_9)","decl":{"start":{"line":60,"column":31},"end":{"line":60,"column":40}},"loc":{"start":{"line":60,"column":42},"end":{"line":77,"column":null}}},"3":{"name":"(anonymous_10)","decl":{"start":{"line":60,"column":42},"end":{"line":60,"column":null}},"loc":{"start":{"line":60,"column":42},"end":{"line":77,"column":5}}}},"branchMap":{"0":{"loc":{"start":{"line":66,"column":12},"end":{"line":72,"column":13}},"type":"if","locations":[{"start":{"line":66,"column":12},"end":{"line":72,"column":13}},{"start":{"line":69,"column":19},"end":{"line":72,"column":13}}]},"1":{"loc":{"start":{"line":81,"column":13},"end":{"line":81,"column":101}},"type":"cond-expr","locations":[{"start":{"line":81,"column":23},"end":{"line":81,"column":80}},{"start":{"line":81,"column":83},"end":{"line":81,"column":101}}]}},"s":{"0":1,"1":1,"2":1,"3":1,"4":1,"5":1,"6":1,"7":1,"8":9,"9":9,"10":9,"11":9,"12":3,"13":3,"14":3,"15":3,"16":2,"17":1,"18":1,"19":1,"20":1,"21":1,"22":1,"23":9},"f":{"0":9,"1":9,"2":3,"3":3},"b":{"0":[1,1],"1":[3,6]}}
,"C:\\Users\\raghav.khattar\\Desktop\\movie_explorer_reactjs_raghav-main\\src\\components\\Carousel.tsx": {"path":"C:\\Users\\raghav.khattar\\Desktop\\movie_explorer_reactjs_raghav-main\\src\\components\\Carousel.tsx","statementMap":{"0":{"start":{"line":1,"column":0},"end":{"line":1,"column":41}},"1":{"start":{"line":2,"column":0},"end":{"line":2,"column":47}},"2":{"start":{"line":3,"column":0},"end":{"line":3,"column":48}},"3":{"start":{"line":4,"column":0},"end":{"line":4,"column":68}},"4":{"start":{"line":5,"column":0},"end":{"line":5,"column":40}},"5":{"start":{"line":6,"column":0},"end":{"line":6,"column":46}},"6":{"start":{"line":15,"column":2},"end":{"line":36,"column":4}},"7":{"start":{"line":40,"column":2},"end":{"line":61,"column":4}},"8":{"start":{"line":74,"column":31},"end":{"line":86,"column":6}},"9":{"start":{"line":88,"column":28},"end":{"line":111,"column":6}},"10":{"start":{"line":113,"column":4},"end":{"line":219,"column":6}},"11":{"start":{"line":126,"column":14},"end":{"line":127,"column":null}},"12":{"start":{"line":72,"column":0},"end":{"line":72,"column":13}},"13":{"start":{"line":223,"column":0},"end":{"line":223,"column":28}}},"fnMap":{"0":{"name":"NextArrow","decl":{"start":{"line":14,"column":9},"end":{"line":14,"column":18}},"loc":{"start":{"line":14,"column":42},"end":{"line":37,"column":1}}},"1":{"name":"PrevArrow","decl":{"start":{"line":39,"column":9},"end":{"line":39,"column":18}},"loc":{"start":{"line":39,"column":42},"end":{"line":62,"column":1}}},"2":{"name":"(anonymous_3)","decl":{"start":{"line":73,"column":2},"end":{"line":73,"column":8}},"loc":{"start":{"line":73,"column":8},"end":{"line":220,"column":3}}},"3":{"name":"(anonymous_4)","decl":{"start":{"line":125,"column":24},"end":{"line":125,"column":25}},"loc":{"start":{"line":126,"column":14},"end":{"line":127,"column":null}}}},"branchMap":{},"s":{"0":1,"1":1,"2":1,"3":1,"4":1,"5":1,"6":0,"7":0,"8":4,"9":4,"10":4,"11":12,"12":1,"13":1},"f":{"0":0,"1":0,"2":4,"3":12},"b":{}}
,"C:\\Users\\raghav.khattar\\Desktop\\movie_explorer_reactjs_raghav-main\\src\\components\\Footer.tsx": {"path":"C:\\Users\\raghav.khattar\\Desktop\\movie_explorer_reactjs_raghav-main\\src\\components\\Footer.tsx","statementMap":{"0":{"start":{"line":1,"column":0},"end":{"line":1,"column":59}},"1":{"start":{"line":4,"column":4},"end":{"line":122,"column":6}},"2":{"start":{"line":81,"column":32},"end":{"line":82,"column":null}},"3":{"start":{"line":125,"column":0},"end":{"line":125,"column":22}}},"fnMap":{"0":{"name":"Footer","decl":{"start":{"line":3,"column":9},"end":{"line":3,"column":15}},"loc":{"start":{"line":3,"column":15},"end":{"line":123,"column":1}}},"1":{"name":"(anonymous_1)","decl":{"start":{"line":80,"column":76},"end":{"line":80,"column":77}},"loc":{"start":{"line":81,"column":32},"end":{"line":82,"column":null}}}},"branchMap":{},"s":{"0":5,"1":44,"2":176,"3":5},"f":{"0":44,"1":176},"b":{}}
,"C:\\Users\\raghav.khattar\\Desktop\\movie_explorer_reactjs_raghav-main\\src\\components\\GenreCard.tsx": {"path":"C:\\Users\\raghav.khattar\\Desktop\\movie_explorer_reactjs_raghav-main\\src\\components\\GenreCard.tsx","statementMap":{"0":{"start":{"line":1,"column":0},"end":{"line":1,"column":48}},"1":{"start":{"line":3,"column":18},"end":{"line":9,"column":2}},"2":{"start":{"line":16,"column":18},"end":{"line":59,"column":1}},"3":{"start":{"line":17,"column":2},"end":{"line":58,"column":4}},"4":{"start":{"line":20,"column":6},"end":{"line":20,"column":22}},"5":{"start":{"line":61,"column":0},"end":{"line":61,"column":25}}},"fnMap":{"0":{"name":"(anonymous_0)","decl":{"start":{"line":16,"column":18},"end":{"line":16,"column":19}},"loc":{"start":{"line":16,"column":56},"end":{"line":59,"column":1}}},"1":{"name":"(anonymous_1)","decl":{"start":{"line":19,"column":13},"end":{"line":19,"column":16}},"loc":{"start":{"line":19,"column":18},"end":{"line":21,"column":5}}}},"branchMap":{"0":{"loc":{"start":{"line":20,"column":6},"end":{"line":20,"column":21}},"type":"cond-expr","locations":[{"start":{"line":20,"column":13},"end":{"line":20,"column":16}},{"start":{"line":20,"column":6},"end":{"line":20,"column":21}}]},"1":{"loc":{"start":{"line":20,"column":6},"end":{"line":20,"column":16}},"type":"binary-expr","locations":[{"start":{"line":20,"column":6},"end":{"line":20,"column":16}},{"start":{"line":20,"column":6},"end":{"line":20,"column":16}}]}},"s":{"0":2,"1":2,"2":2,"3":149,"4":1,"5":2},"f":{"0":149,"1":1},"b":{"0":[0,1],"1":[1,1]}}
,"C:\\Users\\raghav.khattar\\Desktop\\movie_explorer_reactjs_raghav-main\\src\\components\\GenrePage.tsx": {"path":"C:\\Users\\raghav.khattar\\Desktop\\movie_explorer_reactjs_raghav-main\\src\\components\\GenrePage.tsx","statementMap":{"0":{"start":{"line":1,"column":0},"end":{"line":1,"column":44}},"1":{"start":{"line":2,"column":0},"end":{"line":2,"column":32}},"2":{"start":{"line":3,"column":0},"end":{"line":3,"column":29}},"3":{"start":{"line":4,"column":0},"end":{"line":4,"column":68}},"4":{"start":{"line":5,"column":0},"end":{"line":5,"column":35}},"5":{"start":{"line":6,"column":0},"end":{"line":6,"column":47}},"6":{"start":{"line":7,"column":0},"end":{"line":7,"column":43}},"7":{"start":{"line":24,"column":18},"end":{"line":81,"column":1}},"8":{"start":{"line":25,"column":20},"end":{"line":25,"column":50}},"9":{"start":{"line":26,"column":46},"end":{"line":26,"column":67}},"10":{"start":{"line":27,"column":32},"end":{"line":27,"column":46}},"11":{"start":{"line":29,"column":2},"end":{"line":37,"column":14}},"12":{"start":{"line":30,"column":22},"end":{"line":34,"column":6}},"13":{"start":{"line":30,"column":33},"end":{"line":34,"column":6}},"14":{"start":{"line":31,"column":21},"end":{"line":31,"column":56}},"15":{"start":{"line":32,"column":6},"end":{"line":32,"column":32}},"16":{"start":{"line":33,"column":6},"end":{"line":33,"column":24}},"17":{"start":{"line":36,"column":4},"end":{"line":36,"column":16}},"18":{"start":{"line":39,"column":26},"end":{"line":47,"column":3}},"19":{"start":{"line":40,"column":4},"end":{"line":46,"column":7}},"20":{"start":{"line":41,"column":6},"end":{"line":41,"column":23}},"21":{"start":{"line":49,"column":2},"end":{"line":80,"column":4}},"22":{"start":{"line":74,"column":14},"end":{"line":74,"column":37}},"23":{"start":{"line":83,"column":0},"end":{"line":83,"column":25}}},"fnMap":{"0":{"name":"(anonymous_8)","decl":{"start":{"line":24,"column":18},"end":{"line":24,"column":21}},"loc":{"start":{"line":24,"column":23},"end":{"line":81,"column":1}}},"1":{"name":"(anonymous_9)","decl":{"start":{"line":29,"column":12},"end":{"line":29,"column":15}},"loc":{"start":{"line":29,"column":17},"end":{"line":37,"column":3}}},"2":{"name":"(anonymous_10)","decl":{"start":{"line":30,"column":22},"end":{"line":30,"column":31}},"loc":{"start":{"line":30,"column":33},"end":{"line":34,"column":6}}},"3":{"name":"(anonymous_11)","decl":{"start":{"line":30,"column":33},"end":{"line":30,"column":null}},"loc":{"start":{"line":30,"column":33},"end":{"line":34,"column":5}}},"4":{"name":"(anonymous_12)","decl":{"start":{"line":39,"column":26},"end":{"line":39,"column":29}},"loc":{"start":{"line":39,"column":31},"end":{"line":47,"column":3}}},"5":{"name":"(anonymous_13)","decl":{"start":{"line":40,"column":41},"end":{"line":40,"column":42}},"loc":{"start":{"line":41,"column":6},"end":{"line":41,"column":23}}},"6":{"name":"(anonymous_14)","decl":{"start":{"line":73,"column":33},"end":{"line":73,"column":34}},"loc":{"start":{"line":74,"column":14},"end":{"line":74,"column":37}}}},"branchMap":{"0":{"loc":{"start":{"line":31,"column":44},"end":{"line":31,"column":55}},"type":"binary-expr","locations":[{"start":{"line":31,"column":44},"end":{"line":31,"column":49}},{"start":{"line":31,"column":53},"end":{"line":31,"column":55}}]},"1":{"loc":{"start":{"line":68,"column":12},"end":{"line":68,"column":48}},"type":"binary-expr","locations":[{"start":{"line":68,"column":12},"end":{"line":68,"column":32}},{"start":{"line":68,"column":36},"end":{"line":68,"column":48}}]},"2":{"loc":{"start":{"line":68,"column":12},"end":{"line":68,"column":32}},"type":"cond-expr","locations":[{"start":{"line":68,"column":17},"end":{"line":68,"column":19}},{"start":{"line":68,"column":12},"end":{"line":68,"column":32}}]},"3":{"loc":{"start":{"line":68,"column":12},"end":{"line":68,"column":19}},"type":"binary-expr","locations":[{"start":{"line":68,"column":12},"end":{"line":68,"column":19}},{"start":{"line":68,"column":12},"end":{"line":68,"column":19}}]},"4":{"loc":{"start":{"line":71,"column":11},"end":{"line":75,"column":14}},"type":"cond-expr","locations":[{"start":{"line":72,"column":14},"end":{"line":72,"column":31}},{"start":{"line":73,"column":14},"end":{"line":75,"column":14}}]}},"s":{"0":1,"1":1,"2":1,"3":1,"4":1,"5":1,"6":1,"7":1,"8":6,"9":6,"10":6,"11":6,"12":4,"13":4,"14":4,"15":3,"16":3,"17":4,"18":6,"19":4,"20":24,"21":6,"22":2,"23":1},"f":{"0":6,"1":4,"2":4,"3":4,"4":4,"5":24,"6":2},"b":{"0":[4,0],"1":[6,0],"2":[0,6],"3":[6,6],"4":[4,2]}}
,"C:\\Users\\raghav.khattar\\Desktop\\movie_explorer_reactjs_raghav-main\\src\\components\\HomePage.tsx": {"path":"C:\\Users\\raghav.khattar\\Desktop\\movie_explorer_reactjs_raghav-main\\src\\components\\HomePage.tsx","statementMap":{"0":{"start":{"line":1,"column":0},"end":{"line":1,"column":34}},"1":{"start":{"line":2,"column":0},"end":{"line":2,"column":33}},"2":{"start":{"line":3,"column":0},"end":{"line":3,"column":30}},"3":{"start":{"line":4,"column":0},"end":{"line":4,"column":null}},"4":{"start":{"line":11,"column":0},"end":{"line":11,"column":34}},"5":{"start":{"line":12,"column":0},"end":{"line":12,"column":36}},"6":{"start":{"line":13,"column":0},"end":{"line":13,"column":40}},"7":{"start":{"line":14,"column":0},"end":{"line":14,"column":46}},"8":{"start":{"line":15,"column":0},"end":{"line":15,"column":33}},"9":{"start":{"line":16,"column":0},"end":{"line":16,"column":68}},"10":{"start":{"line":17,"column":0},"end":{"line":17,"column":36}},"11":{"start":{"line":18,"column":0},"end":{"line":18,"column":40}},"12":{"start":{"line":19,"column":0},"end":{"line":19,"column":47}},"13":{"start":{"line":20,"column":0},"end":{"line":20,"column":50}},"14":{"start":{"line":47,"column":28},"end":{"line":50,"column":2}},"15":{"start":{"line":54,"column":4},"end":{"line":54,"column":17}},"16":{"start":{"line":62,"column":2},"end":{"line":64,"column":4}},"17":{"start":{"line":63,"column":4},"end":{"line":63,"column":54}},"18":{"start":{"line":86,"column":2},"end":{"line":88,"column":4}},"19":{"start":{"line":87,"column":4},"end":{"line":87,"column":47}},"20":{"start":{"line":98,"column":2},"end":{"line":117,"column":4}},"21":{"start":{"line":99,"column":24},"end":{"line":99,"column":29}},"22":{"start":{"line":100,"column":4},"end":{"line":116,"column":6}},"23":{"start":{"line":119,"column":2},"end":{"line":138,"column":4}},"24":{"start":{"line":120,"column":24},"end":{"line":120,"column":29}},"25":{"start":{"line":121,"column":4},"end":{"line":137,"column":6}},"26":{"start":{"line":140,"column":2},"end":{"line":226,"column":4}},"27":{"start":{"line":141,"column":22},"end":{"line":160,"column":5}},"28":{"start":{"line":142,"column":26},"end":{"line":142,"column":31}},"29":{"start":{"line":143,"column":6},"end":{"line":159,"column":8}},"30":{"start":{"line":162,"column":22},"end":{"line":181,"column":5}},"31":{"start":{"line":163,"column":26},"end":{"line":163,"column":31}},"32":{"start":{"line":164,"column":6},"end":{"line":180,"column":8}},"33":{"start":{"line":183,"column":23},"end":{"line":183,"column":24}},"34":{"start":{"line":184,"column":25},"end":{"line":184,"column":26}},"35":{"start":{"line":185,"column":4},"end":{"line":191,"column":5}},"36":{"start":{"line":186,"column":6},"end":{"line":186,"column":23}},"37":{"start":{"line":187,"column":6},"end":{"line":187,"column":25}},"38":{"start":{"line":188,"column":11},"end":{"line":191,"column":5}},"39":{"start":{"line":189,"column":6},"end":{"line":189,"column":23}},"40":{"start":{"line":190,"column":6},"end":{"line":190,"column":25}},"41":{"start":{"line":193,"column":4},"end":{"line":225,"column":6}},"42":{"start":{"line":229,"column":2},"end":{"line":237,"column":4}},"43":{"start":{"line":230,"column":4},"end":{"line":236,"column":7}},"44":{"start":{"line":231,"column":6},"end":{"line":231,"column":23}},"45":{"start":{"line":55,"column":4},"end":{"line":59,"column":6}},"46":{"start":{"line":67,"column":4},"end":{"line":67,"column":61}},"47":{"start":{"line":68,"column":4},"end":{"line":77,"column":5}},"48":{"start":{"line":69,"column":23},"end":{"line":69,"column":46}},"49":{"start":{"line":70,"column":6},"end":{"line":73,"column":9}},"50":{"start":{"line":75,"column":6},"end":{"line":75,"column":53}},"51":{"start":{"line":76,"column":6},"end":{"line":76,"column":42}},"52":{"start":{"line":83,"column":4},"end":{"line":83,"column":64}},"53":{"start":{"line":91,"column":4},"end":{"line":91,"column":40}},"54":{"start":{"line":95,"column":4},"end":{"line":95,"column":73}},"55":{"start":{"line":240,"column":38},"end":{"line":240,"column":48}},"56":{"start":{"line":241,"column":21},"end":{"line":241,"column":42}},"57":{"start":{"line":243,"column":4},"end":{"line":341,"column":6}},"58":{"start":{"line":295,"column":22},"end":{"line":295,"column":39}},"59":{"start":{"line":314,"column":22},"end":{"line":314,"column":39}},"60":{"start":{"line":330,"column":20},"end":{"line":330,"column":37}},"61":{"start":{"line":331,"column":61},"end":{"line":331,"column":84}},"62":{"start":{"line":345,"column":0},"end":{"line":345,"column":38}}},"fnMap":{"0":{"name":"(anonymous_8)","decl":{"start":{"line":53,"column":2},"end":{"line":53,"column":14}},"loc":{"start":{"line":53,"column":34},"end":{"line":60,"column":3}}},"1":{"name":"(anonymous_9)","decl":{"start":{"line":62,"column":21},"end":{"line":62,"column":24}},"loc":{"start":{"line":62,"column":26},"end":{"line":64,"column":3}}},"2":{"name":"(anonymous_10)","decl":{"start":{"line":86,"column":16},"end":{"line":86,"column":17}},"loc":{"start":{"line":86,"column":38},"end":{"line":88,"column":3}}},"3":{"name":"(anonymous_11)","decl":{"start":{"line":98,"column":14},"end":{"line":98,"column":15}},"loc":{"start":{"line":98,"column":29},"end":{"line":117,"column":3}}},"4":{"name":"(anonymous_12)","decl":{"start":{"line":119,"column":14},"end":{"line":119,"column":15}},"loc":{"start":{"line":119,"column":29},"end":{"line":138,"column":3}}},"5":{"name":"(anonymous_13)","decl":{"start":{"line":140,"column":22},"end":{"line":140,"column":25}},"loc":{"start":{"line":140,"column":27},"end":{"line":226,"column":3}}},"6":{"name":"(anonymous_14)","decl":{"start":{"line":141,"column":22},"end":{"line":141,"column":23}},"loc":{"start":{"line":141,"column":37},"end":{"line":160,"column":5}}},"7":{"name":"(anonymous_15)","decl":{"start":{"line":162,"column":22},"end":{"line":162,"column":23}},"loc":{"start":{"line":162,"column":37},"end":{"line":181,"column":5}}},"8":{"name":"(anonymous_16)","decl":{"start":{"line":229,"column":24},"end":{"line":229,"column":25}},"loc":{"start":{"line":229,"column":42},"end":{"line":237,"column":3}}},"9":{"name":"(anonymous_17)","decl":{"start":{"line":230,"column":45},"end":{"line":230,"column":46}},"loc":{"start":{"line":231,"column":6},"end":{"line":231,"column":23}}},"10":{"name":"(anonymous_18)","decl":{"start":{"line":66,"column":8},"end":{"line":66,"column":25}},"loc":{"start":{"line":66,"column":25},"end":{"line":78,"column":null}}},"11":{"name":"(anonymous_20)","decl":{"start":{"line":82,"column":2},"end":{"line":82,"column":22}},"loc":{"start":{"line":82,"column":22},"end":{"line":84,"column":3}}},"12":{"name":"(anonymous_21)","decl":{"start":{"line":90,"column":2},"end":{"line":90,"column":6}},"loc":{"start":{"line":90,"column":14},"end":{"line":92,"column":3}}},"13":{"name":"(anonymous_22)","decl":{"start":{"line":94,"column":2},"end":{"line":94,"column":6}},"loc":{"start":{"line":94,"column":14},"end":{"line":96,"column":3}}},"14":{"name":"(anonymous_23)","decl":{"start":{"line":239,"column":2},"end":{"line":239,"column":8}},"loc":{"start":{"line":239,"column":8},"end":{"line":342,"column":3}}},"15":{"name":"(anonymous_24)","decl":{"start":{"line":294,"column":36},"end":{"line":294,"column":37}},"loc":{"start":{"line":295,"column":22},"end":{"line":295,"column":39}}},"16":{"name":"(anonymous_25)","decl":{"start":{"line":313,"column":36},"end":{"line":313,"column":37}},"loc":{"start":{"line":314,"column":22},"end":{"line":314,"column":39}}},"17":{"name":"(anonymous_26)","decl":{"start":{"line":329,"column":33},"end":{"line":329,"column":34}},"loc":{"start":{"line":330,"column":20},"end":{"line":330,"column":37}}},"18":{"name":"(anonymous_27)","decl":{"start":{"line":331,"column":55},"end":{"line":331,"column":58}},"loc":{"start":{"line":331,"column":61},"end":{"line":331,"column":84}}}},"branchMap":{"0":{"loc":{"start":{"line":106,"column":17},"end":{"line":106,"column":47}},"type":"cond-expr","locations":[{"start":{"line":106,"column":33},"end":{"line":106,"column":39}},{"start":{"line":106,"column":42},"end":{"line":106,"column":47}}]},"1":{"loc":{"start":{"line":127,"column":16},"end":{"line":127,"column":46}},"type":"cond-expr","locations":[{"start":{"line":127,"column":32},"end":{"line":127,"column":37}},{"start":{"line":127,"column":40},"end":{"line":127,"column":46}}]},"2":{"loc":{"start":{"line":149,"column":19},"end":{"line":149,"column":49}},"type":"cond-expr","locations":[{"start":{"line":149,"column":35},"end":{"line":149,"column":41}},{"start":{"line":149,"column":44},"end":{"line":149,"column":49}}]},"3":{"loc":{"start":{"line":170,"column":18},"end":{"line":170,"column":48}},"type":"cond-expr","locations":[{"start":{"line":170,"column":34},"end":{"line":170,"column":39}},{"start":{"line":170,"column":42},"end":{"line":170,"column":48}}]},"4":{"loc":{"start":{"line":185,"column":4},"end":{"line":191,"column":5}},"type":"if","locations":[{"start":{"line":185,"column":4},"end":{"line":191,"column":5}},{"start":{"line":188,"column":11},"end":{"line":191,"column":5}}]},"5":{"loc":{"start":{"line":188,"column":11},"end":{"line":191,"column":5}},"type":"if","locations":[{"start":{"line":188,"column":11},"end":{"line":191,"column":5}}]},"6":{"loc":{"start":{"line":231,"column":49},"end":{"line":231,"column":70}},"type":"cond-expr","locations":[{"start":{"line":231,"column":65},"end":{"line":231,"column":66}},{"start":{"line":231,"column":69},"end":{"line":231,"column":70}}]},"7":{"loc":{"start":{"line":71,"column":20},"end":{"line":71,"column":41}},"type":"binary-expr","locations":[{"start":{"line":71,"column":20},"end":{"line":71,"column":35}},{"start":{"line":71,"column":39},"end":{"line":71,"column":41}}]},"8":{"loc":{"start":{"line":95,"column":11},"end":{"line":95,"column":72}},"type":"binary-expr","locations":[{"start":{"line":95,"column":11},"end":{"line":95,"column":40}},{"start":{"line":95,"column":44},"end":{"line":95,"column":72}}]},"9":{"loc":{"start":{"line":241,"column":21},"end":{"line":241,"column":42}},"type":"cond-expr","locations":[{"start":{"line":241,"column":37},"end":{"line":241,"column":38}},{"start":{"line":241,"column":41},"end":{"line":241,"column":42}}]},"10":{"loc":{"start":{"line":260,"column":19},"end":{"line":260,"column":67}},"type":"cond-expr","locations":[{"start":{"line":260,"column":35},"end":{"line":260,"column":36}},{"start":{"line":260,"column":39},"end":{"line":260,"column":67}}]},"11":{"loc":{"start":{"line":260,"column":39},"end":{"line":260,"column":67}},"type":"cond-expr","locations":[{"start":{"line":260,"column":55},"end":{"line":260,"column":56}},{"start":{"line":260,"column":59},"end":{"line":260,"column":67}}]},"12":{"loc":{"start":{"line":263,"column":21},"end":{"line":263,"column":42}},"type":"cond-expr","locations":[{"start":{"line":263,"column":37},"end":{"line":263,"column":38}},{"start":{"line":263,"column":41},"end":{"line":263,"column":42}}]},"13":{"loc":{"start":{"line":272,"column":22},"end":{"line":272,"column":63}},"type":"cond-expr","locations":[{"start":{"line":272,"column":38},"end":{"line":272,"column":39}},{"start":{"line":272,"column":42},"end":{"line":272,"column":63}}]},"14":{"loc":{"start":{"line":272,"column":42},"end":{"line":272,"column":63}},"type":"cond-expr","locations":[{"start":{"line":272,"column":58},"end":{"line":272,"column":59}},{"start":{"line":272,"column":62},"end":{"line":272,"column":63}}]},"15":{"loc":{"start":{"line":273,"column":28},"end":{"line":273,"column":61}},"type":"cond-expr","locations":[{"start":{"line":273,"column":44},"end":{"line":273,"column":50}},{"start":{"line":273,"column":53},"end":{"line":273,"column":61}}]},"16":{"loc":{"start":{"line":274,"column":23},"end":{"line":274,"column":44}},"type":"cond-expr","locations":[{"start":{"line":274,"column":39},"end":{"line":274,"column":40}},{"start":{"line":274,"column":43},"end":{"line":274,"column":44}}]},"17":{"loc":{"start":{"line":281,"column":30},"end":{"line":281,"column":86}},"type":"cond-expr","locations":[{"start":{"line":281,"column":46},"end":{"line":281,"column":52}},{"start":{"line":281,"column":55},"end":{"line":281,"column":86}}]},"18":{"loc":{"start":{"line":281,"column":55},"end":{"line":281,"column":86}},"type":"cond-expr","locations":[{"start":{"line":281,"column":71},"end":{"line":281,"column":77}},{"start":{"line":281,"column":80},"end":{"line":281,"column":86}}]},"19":{"loc":{"start":{"line":287,"column":19},"end":{"line":287,"column":67}},"type":"cond-expr","locations":[{"start":{"line":287,"column":37},"end":{"line":287,"column":59}},{"start":{"line":287,"column":62},"end":{"line":287,"column":67}}]},"20":{"loc":{"start":{"line":290,"column":17},"end":{"line":299,"column":null}},"type":"cond-expr","locations":[{"start":{"line":291,"column":18},"end":{"line":291,"column":138}},{"start":{"line":293,"column":18},"end":{"line":298,"column":null}}]},"21":{"loc":{"start":{"line":291,"column":89},"end":{"line":291,"column":130}},"type":"cond-expr","locations":[{"start":{"line":291,"column":105},"end":{"line":291,"column":106}},{"start":{"line":291,"column":109},"end":{"line":291,"column":130}}]},"22":{"loc":{"start":{"line":291,"column":109},"end":{"line":291,"column":130}},"type":"cond-expr","locations":[{"start":{"line":291,"column":125},"end":{"line":291,"column":126}},{"start":{"line":291,"column":129},"end":{"line":291,"column":130}}]},"23":{"loc":{"start":{"line":295,"column":65},"end":{"line":295,"column":86}},"type":"cond-expr","locations":[{"start":{"line":295,"column":81},"end":{"line":295,"column":82}},{"start":{"line":295,"column":85},"end":{"line":295,"column":86}}]},"24":{"loc":{"start":{"line":304,"column":26},"end":{"line":304,"column":54}},"type":"cond-expr","locations":[{"start":{"line":304,"column":42},"end":{"line":304,"column":43}},{"start":{"line":304,"column":46},"end":{"line":304,"column":54}}]},"25":{"loc":{"start":{"line":305,"column":71},"end":{"line":305,"column":102}},"type":"cond-expr","locations":[{"start":{"line":305,"column":87},"end":{"line":305,"column":93}},{"start":{"line":305,"column":96},"end":{"line":305,"column":102}}]},"26":{"loc":{"start":{"line":309,"column":17},"end":{"line":318,"column":null}},"type":"cond-expr","locations":[{"start":{"line":310,"column":18},"end":{"line":310,"column":138}},{"start":{"line":312,"column":18},"end":{"line":317,"column":null}}]},"27":{"loc":{"start":{"line":310,"column":89},"end":{"line":310,"column":130}},"type":"cond-expr","locations":[{"start":{"line":310,"column":105},"end":{"line":310,"column":106}},{"start":{"line":310,"column":109},"end":{"line":310,"column":130}}]},"28":{"loc":{"start":{"line":310,"column":109},"end":{"line":310,"column":130}},"type":"cond-expr","locations":[{"start":{"line":310,"column":125},"end":{"line":310,"column":126}},{"start":{"line":310,"column":129},"end":{"line":310,"column":130}}]},"29":{"loc":{"start":{"line":314,"column":65},"end":{"line":314,"column":86}},"type":"cond-expr","locations":[{"start":{"line":314,"column":81},"end":{"line":314,"column":82}},{"start":{"line":314,"column":85},"end":{"line":314,"column":86}}]},"30":{"loc":{"start":{"line":330,"column":63},"end":{"line":330,"column":84}},"type":"cond-expr","locations":[{"start":{"line":330,"column":79},"end":{"line":330,"column":80}},{"start":{"line":330,"column":83},"end":{"line":330,"column":84}}]}},"s":{"0":1,"1":1,"2":1,"3":1,"4":1,"5":1,"6":1,"7":1,"8":1,"9":1,"10":1,"11":1,"12":1,"13":1,"14":1,"15":3,"16":3,"17":0,"18":3,"19":0,"20":3,"21":0,"22":0,"23":3,"24":0,"25":0,"26":3,"27":9,"28":9,"29":9,"30":9,"31":9,"32":9,"33":9,"34":9,"35":9,"36":0,"37":0,"38":9,"39":0,"40":0,"41":9,"42":3,"43":6,"44":30,"45":3,"46":3,"47":3,"48":3,"49":2,"50":1,"51":1,"52":3,"53":153,"54":30,"55":5,"56":5,"57":5,"58":0,"59":0,"60":40,"61":0,"62":1},"f":{"0":3,"1":0,"2":0,"3":0,"4":0,"5":9,"6":9,"7":9,"8":6,"9":30,"10":3,"11":3,"12":153,"13":30,"14":5,"15":0,"16":0,"17":40,"18":0},"b":{"0":[0,0],"1":[0,0],"2":[0,9],"3":[0,9],"4":[0,9],"5":[0],"6":[0,30],"7":[2,0],"8":[30,30],"9":[0,5],"10":[0,5],"11":[0,5],"12":[0,5],"13":[0,5],"14":[0,5],"15":[0,5],"16":[0,5],"17":[0,5],"18":[0,5],"19":[5,0],"20":[3,2],"21":[0,3],"22":[0,3],"23":[0,0],"24":[0,5],"25":[0,5],"26":[3,2],"27":[0,3],"28":[0,3],"29":[0,0],"30":[0,40]}}
,"C:\\Users\\raghav.khattar\\Desktop\\movie_explorer_reactjs_raghav-main\\src\\components\\LoginSignup.tsx": {"path":"C:\\Users\\raghav.khattar\\Desktop\\movie_explorer_reactjs_raghav-main\\src\\components\\LoginSignup.tsx","statementMap":{"0":{"start":{"line":1,"column":0},"end":{"line":1,"column":34}},"1":{"start":{"line":2,"column":0},"end":{"line":2,"column":52}},"2":{"start":{"line":3,"column":0},"end":{"line":3,"column":36}},"3":{"start":{"line":4,"column":0},"end":{"line":4,"column":48}},"4":{"start":{"line":5,"column":0},"end":{"line":5,"column":40}},"5":{"start":{"line":6,"column":0},"end":{"line":6,"column":50}},"6":{"start":{"line":7,"column":0},"end":{"line":7,"column":48}},"7":{"start":{"line":8,"column":0},"end":{"line":8,"column":42}},"8":{"start":{"line":9,"column":0},"end":{"line":9,"column":40}},"9":{"start":{"line":10,"column":0},"end":{"line":10,"column":42}},"10":{"start":{"line":11,"column":0},"end":{"line":11,"column":51}},"11":{"start":{"line":12,"column":0},"end":{"line":12,"column":55}},"12":{"start":{"line":13,"column":0},"end":{"line":13,"column":47}},"13":{"start":{"line":14,"column":0},"end":{"line":14,"column":57}},"14":{"start":{"line":40,"column":4},"end":{"line":40,"column":17}},"15":{"start":{"line":53,"column":2},"end":{"line":97,"column":4}},"16":{"start":{"line":54,"column":80},"end":{"line":54,"column":90}},"17":{"start":{"line":55,"column":48},"end":{"line":55,"column":50}},"18":{"start":{"line":56,"column":18},"end":{"line":56,"column":22}},"19":{"start":{"line":58,"column":23},"end":{"line":58,"column":51}},"20":{"start":{"line":60,"column":4},"end":{"line":63,"column":5}},"21":{"start":{"line":61,"column":6},"end":{"line":61,"column":43}},"22":{"start":{"line":62,"column":6},"end":{"line":62,"column":22}},"23":{"start":{"line":65,"column":4},"end":{"line":68,"column":5}},"24":{"start":{"line":66,"column":6},"end":{"line":66,"column":65}},"25":{"start":{"line":67,"column":6},"end":{"line":67,"column":22}},"26":{"start":{"line":70,"column":4},"end":{"line":85,"column":5}},"27":{"start":{"line":71,"column":6},"end":{"line":74,"column":7}},"28":{"start":{"line":72,"column":8},"end":{"line":72,"column":41}},"29":{"start":{"line":73,"column":8},"end":{"line":73,"column":24}},"30":{"start":{"line":76,"column":6},"end":{"line":79,"column":7}},"31":{"start":{"line":77,"column":8},"end":{"line":77,"column":59}},"32":{"start":{"line":78,"column":8},"end":{"line":78,"column":24}},"33":{"start":{"line":81,"column":6},"end":{"line":84,"column":7}},"34":{"start":{"line":82,"column":8},"end":{"line":82,"column":63}},"35":{"start":{"line":83,"column":8},"end":{"line":83,"column":24}},"36":{"start":{"line":87,"column":4},"end":{"line":87,"column":48}},"37":{"start":{"line":89,"column":4},"end":{"line":94,"column":5}},"38":{"start":{"line":90,"column":28},"end":{"line":90,"column":60}},"39":{"start":{"line":91,"column":6},"end":{"line":93,"column":9}},"40":{"start":{"line":96,"column":4},"end":{"line":96,"column":19}},"41":{"start":{"line":99,"column":2},"end":{"line":101,"column":4}},"42":{"start":{"line":100,"column":4},"end":{"line":100,"column":88}},"43":{"start":{"line":100,"column":32},"end":{"line":100,"column":85}},"44":{"start":{"line":103,"column":2},"end":{"line":150,"column":4}},"45":{"start":{"line":103,"column":28},"end":{"line":150,"column":4}},"46":{"start":{"line":104,"column":4},"end":{"line":104,"column":37}},"47":{"start":{"line":104,"column":30},"end":{"line":104,"column":37}},"48":{"start":{"line":106,"column":80},"end":{"line":106,"column":90}},"49":{"start":{"line":107,"column":4},"end":{"line":107,"column":37}},"50":{"start":{"line":109,"column":17},"end":{"line":112,"column":6}},"51":{"start":{"line":115,"column":4},"end":{"line":149,"column":5}},"52":{"start":{"line":116,"column":6},"end":{"line":143,"column":7}},"53":{"start":{"line":117,"column":25},"end":{"line":117,"column":49}},"54":{"start":{"line":118,"column":8},"end":{"line":118,"column":77}},"55":{"start":{"line":119,"column":8},"end":{"line":119,"column":57}},"56":{"start":{"line":121,"column":8},"end":{"line":123,"column":11}},"57":{"start":{"line":125,"column":8},"end":{"line":125,"column":33}},"58":{"start":{"line":127,"column":21},"end":{"line":133,"column":10}},"59":{"start":{"line":134,"column":25},"end":{"line":134,"column":50}},"60":{"start":{"line":135,"column":8},"end":{"line":135,"column":52}},"61":{"start":{"line":138,"column":8},"end":{"line":140,"column":11}},"62":{"start":{"line":145,"column":6},"end":{"line":145,"column":41}},"63":{"start":{"line":146,"column":6},"end":{"line":146,"column":58}},"64":{"start":{"line":148,"column":6},"end":{"line":148,"column":40}},"65":{"start":{"line":152,"column":2},"end":{"line":154,"column":4}},"66":{"start":{"line":153,"column":4},"end":{"line":153,"column":29}},"67":{"start":{"line":41,"column":4},"end":{"line":50,"column":6}},"68":{"start":{"line":157,"column":107},"end":{"line":157,"column":117}},"69":{"start":{"line":158,"column":24},"end":{"line":158,"column":41}},"70":{"start":{"line":159,"column":21},"end":{"line":159,"column":39}},"71":{"start":{"line":160,"column":21},"end":{"line":160,"column":60}},"72":{"start":{"line":162,"column":4},"end":{"line":481,"column":6}},"73":{"start":{"line":294,"column":35},"end":{"line":294,"column":67}},"74":{"start":{"line":309,"column":35},"end":{"line":309,"column":68}},"75":{"start":{"line":319,"column":39},"end":{"line":319,"column":79}},"76":{"start":{"line":349,"column":37},"end":{"line":349,"column":78}},"77":{"start":{"line":375,"column":37},"end":{"line":375,"column":81}},"78":{"start":{"line":404,"column":39},"end":{"line":404,"column":91}},"79":{"start":{"line":434,"column":39},"end":{"line":434,"column":88}},"80":{"start":{"line":485,"column":0},"end":{"line":485,"column":38}}},"fnMap":{"0":{"name":"(anonymous_8)","decl":{"start":{"line":39,"column":2},"end":{"line":39,"column":14}},"loc":{"start":{"line":39,"column":30},"end":{"line":51,"column":3}}},"1":{"name":"(anonymous_9)","decl":{"start":{"line":53,"column":17},"end":{"line":53,"column":29}},"loc":{"start":{"line":53,"column":31},"end":{"line":97,"column":3}}},"2":{"name":"(anonymous_10)","decl":{"start":{"line":99,"column":15},"end":{"line":99,"column":18}},"loc":{"start":{"line":99,"column":20},"end":{"line":101,"column":3}}},"3":{"name":"(anonymous_11)","decl":{"start":{"line":100,"column":18},"end":{"line":100,"column":27}},"loc":{"start":{"line":100,"column":32},"end":{"line":100,"column":85}}},"4":{"name":"(anonymous_12)","decl":{"start":{"line":103,"column":17},"end":{"line":103,"column":26}},"loc":{"start":{"line":103,"column":28},"end":{"line":150,"column":4}}},"5":{"name":"(anonymous_13)","decl":{"start":{"line":103,"column":28},"end":{"line":103,"column":null}},"loc":{"start":{"line":103,"column":28},"end":{"line":150,"column":3}}},"6":{"name":"(anonymous_14)","decl":{"start":{"line":152,"column":16},"end":{"line":152,"column":19}},"loc":{"start":{"line":152,"column":21},"end":{"line":154,"column":3}}},"7":{"name":"(anonymous_15)","decl":{"start":{"line":156,"column":2},"end":{"line":156,"column":8}},"loc":{"start":{"line":156,"column":8},"end":{"line":482,"column":3}}},"8":{"name":"(anonymous_16)","decl":{"start":{"line":294,"column":29},"end":{"line":294,"column":32}},"loc":{"start":{"line":294,"column":35},"end":{"line":294,"column":67}}},"9":{"name":"(anonymous_17)","decl":{"start":{"line":309,"column":29},"end":{"line":309,"column":32}},"loc":{"start":{"line":309,"column":35},"end":{"line":309,"column":68}}},"10":{"name":"(anonymous_18)","decl":{"start":{"line":319,"column":30},"end":{"line":319,"column":31}},"loc":{"start":{"line":319,"column":36},"end":{"line":319,"column":80}}},"11":{"name":"(anonymous_19)","decl":{"start":{"line":349,"column":28},"end":{"line":349,"column":29}},"loc":{"start":{"line":349,"column":34},"end":{"line":349,"column":79}}},"12":{"name":"(anonymous_20)","decl":{"start":{"line":375,"column":28},"end":{"line":375,"column":29}},"loc":{"start":{"line":375,"column":34},"end":{"line":375,"column":82}}},"13":{"name":"(anonymous_21)","decl":{"start":{"line":404,"column":30},"end":{"line":404,"column":31}},"loc":{"start":{"line":404,"column":36},"end":{"line":404,"column":92}}},"14":{"name":"(anonymous_22)","decl":{"start":{"line":434,"column":30},"end":{"line":434,"column":31}},"loc":{"start":{"line":434,"column":36},"end":{"line":434,"column":89}}}},"branchMap":{"0":{"loc":{"start":{"line":60,"column":4},"end":{"line":63,"column":5}},"type":"if","locations":[{"start":{"line":60,"column":4},"end":{"line":63,"column":5}}]},"1":{"loc":{"start":{"line":60,"column":8},"end":{"line":60,"column":41}},"type":"binary-expr","locations":[{"start":{"line":60,"column":8},"end":{"line":60,"column":14}},{"start":{"line":60,"column":18},"end":{"line":60,"column":41}}]},"2":{"loc":{"start":{"line":65,"column":4},"end":{"line":68,"column":5}},"type":"if","locations":[{"start":{"line":65,"column":4},"end":{"line":68,"column":5}}]},"3":{"loc":{"start":{"line":65,"column":8},"end":{"line":65,"column":40}},"type":"binary-expr","locations":[{"start":{"line":65,"column":8},"end":{"line":65,"column":17}},{"start":{"line":65,"column":21},"end":{"line":65,"column":40}}]},"4":{"loc":{"start":{"line":70,"column":4},"end":{"line":85,"column":5}},"type":"if","locations":[{"start":{"line":70,"column":4},"end":{"line":85,"column":5}}]},"5":{"loc":{"start":{"line":71,"column":6},"end":{"line":74,"column":7}},"type":"if","locations":[{"start":{"line":71,"column":6},"end":{"line":74,"column":7}}]},"6":{"loc":{"start":{"line":76,"column":6},"end":{"line":79,"column":7}},"type":"if","locations":[{"start":{"line":76,"column":6},"end":{"line":79,"column":7}}]},"7":{"loc":{"start":{"line":76,"column":10},"end":{"line":76,"column":60}},"type":"binary-expr","locations":[{"start":{"line":76,"column":10},"end":{"line":76,"column":27}},{"start":{"line":76,"column":31},"end":{"line":76,"column":60}}]},"8":{"loc":{"start":{"line":81,"column":6},"end":{"line":84,"column":7}},"type":"if","locations":[{"start":{"line":81,"column":6},"end":{"line":84,"column":7}}]},"9":{"loc":{"start":{"line":81,"column":10},"end":{"line":81,"column":59}},"type":"binary-expr","locations":[{"start":{"line":81,"column":10},"end":{"line":81,"column":24}},{"start":{"line":81,"column":28},"end":{"line":81,"column":59}}]},"10":{"loc":{"start":{"line":89,"column":4},"end":{"line":94,"column":5}},"type":"if","locations":[{"start":{"line":89,"column":4},"end":{"line":94,"column":5}}]},"11":{"loc":{"start":{"line":92,"column":18},"end":{"line":92,"column":71}},"type":"cond-expr","locations":[{"start":{"line":92,"column":45},"end":{"line":92,"column":57}},{"start":{"line":92,"column":60},"end":{"line":92,"column":71}}]},"12":{"loc":{"start":{"line":104,"column":4},"end":{"line":104,"column":37}},"type":"if","locations":[{"start":{"line":104,"column":4},"end":{"line":104,"column":37}}]},"13":{"loc":{"start":{"line":116,"column":6},"end":{"line":143,"column":7}},"type":"if","locations":[{"start":{"line":116,"column":6},"end":{"line":143,"column":7}},{"start":{"line":126,"column":13},"end":{"line":143,"column":7}}]},"14":{"loc":{"start":{"line":122,"column":20},"end":{"line":122,"column":73}},"type":"cond-expr","locations":[{"start":{"line":122,"column":47},"end":{"line":122,"column":59}},{"start":{"line":122,"column":62},"end":{"line":122,"column":73}}]},"15":{"loc":{"start":{"line":139,"column":20},"end":{"line":139,"column":73}},"type":"cond-expr","locations":[{"start":{"line":139,"column":47},"end":{"line":139,"column":59}},{"start":{"line":139,"column":62},"end":{"line":139,"column":73}}]},"16":{"loc":{"start":{"line":160,"column":21},"end":{"line":160,"column":60}},"type":"binary-expr","locations":[{"start":{"line":160,"column":21},"end":{"line":160,"column":38}},{"start":{"line":160,"column":42},"end":{"line":160,"column":60}}]},"17":{"loc":{"start":{"line":166,"column":20},"end":{"line":166,"column":57}},"type":"cond-expr","locations":[{"start":{"line":166,"column":31},"end":{"line":166,"column":43}},{"start":{"line":166,"column":46},"end":{"line":166,"column":57}}]},"18":{"loc":{"start":{"line":271,"column":23},"end":{"line":271,"column":38}},"type":"cond-expr","locations":[{"start":{"line":271,"column":33},"end":{"line":271,"column":34}},{"start":{"line":271,"column":37},"end":{"line":271,"column":38}}]},"19":{"loc":{"start":{"line":285,"column":32},"end":{"line":285,"column":60}},"type":"cond-expr","locations":[{"start":{"line":285,"column":55},"end":{"line":285,"column":56}},{"start":{"line":285,"column":59},"end":{"line":285,"column":60}}]},"20":{"loc":{"start":{"line":285,"column":32},"end":{"line":285,"column":52}},"type":"binary-expr","locations":[{"start":{"line":285,"column":32},"end":{"line":285,"column":40}},{"start":{"line":285,"column":44},"end":{"line":285,"column":52}}]},"21":{"loc":{"start":{"line":291,"column":36},"end":{"line":291,"column":74}},"type":"cond-expr","locations":[{"start":{"line":291,"column":46},"end":{"line":291,"column":65}},{"start":{"line":291,"column":68},"end":{"line":291,"column":74}}]},"22":{"loc":{"start":{"line":292,"column":37},"end":{"line":292,"column":52}},"type":"cond-expr","locations":[{"start":{"line":292,"column":47},"end":{"line":292,"column":48}},{"start":{"line":292,"column":51},"end":{"line":292,"column":52}}]},"23":{"loc":{"start":{"line":300,"column":32},"end":{"line":300,"column":60}},"type":"cond-expr","locations":[{"start":{"line":300,"column":55},"end":{"line":300,"column":56}},{"start":{"line":300,"column":59},"end":{"line":300,"column":60}}]},"24":{"loc":{"start":{"line":300,"column":32},"end":{"line":300,"column":52}},"type":"binary-expr","locations":[{"start":{"line":300,"column":32},"end":{"line":300,"column":40}},{"start":{"line":300,"column":44},"end":{"line":300,"column":52}}]},"25":{"loc":{"start":{"line":306,"column":36},"end":{"line":306,"column":75}},"type":"cond-expr","locations":[{"start":{"line":306,"column":47},"end":{"line":306,"column":66}},{"start":{"line":306,"column":69},"end":{"line":306,"column":75}}]},"26":{"loc":{"start":{"line":307,"column":37},"end":{"line":307,"column":53}},"type":"cond-expr","locations":[{"start":{"line":307,"column":48},"end":{"line":307,"column":49}},{"start":{"line":307,"column":52},"end":{"line":307,"column":53}}]},"27":{"loc":{"start":{"line":315,"column":17},"end":{"line":341,"column":null}},"type":"binary-expr","locations":[{"start":{"line":315,"column":17},"end":{"line":315,"column":25}},{"start":{"line":316,"column":18},"end":{"line":340,"column":null}}]},"28":{"loc":{"start":{"line":323,"column":26},"end":{"line":323,"column":68}},"type":"cond-expr","locations":[{"start":{"line":323,"column":49},"end":{"line":323,"column":56}},{"start":{"line":323,"column":59},"end":{"line":323,"column":68}}]},"29":{"loc":{"start":{"line":323,"column":26},"end":{"line":323,"column":46}},"type":"binary-expr","locations":[{"start":{"line":323,"column":26},"end":{"line":323,"column":34}},{"start":{"line":323,"column":38},"end":{"line":323,"column":46}}]},"30":{"loc":{"start":{"line":353,"column":24},"end":{"line":353,"column":66}},"type":"cond-expr","locations":[{"start":{"line":353,"column":47},"end":{"line":353,"column":54}},{"start":{"line":353,"column":57},"end":{"line":353,"column":66}}]},"31":{"loc":{"start":{"line":353,"column":24},"end":{"line":353,"column":44}},"type":"binary-expr","locations":[{"start":{"line":353,"column":24},"end":{"line":353,"column":32}},{"start":{"line":353,"column":36},"end":{"line":353,"column":44}}]},"32":{"loc":{"start":{"line":379,"column":24},"end":{"line":379,"column":66}},"type":"cond-expr","locations":[{"start":{"line":379,"column":47},"end":{"line":379,"column":54}},{"start":{"line":379,"column":57},"end":{"line":379,"column":66}}]},"33":{"loc":{"start":{"line":379,"column":24},"end":{"line":379,"column":44}},"type":"binary-expr","locations":[{"start":{"line":379,"column":24},"end":{"line":379,"column":32}},{"start":{"line":379,"column":36},"end":{"line":379,"column":44}}]},"34":{"loc":{"start":{"line":399,"column":17},"end":{"line":426,"column":null}},"type":"binary-expr","locations":[{"start":{"line":399,"column":17},"end":{"line":399,"column":25}},{"start":{"line":400,"column":18},"end":{"line":425,"column":null}}]},"35":{"loc":{"start":{"line":408,"column":26},"end":{"line":408,"column":68}},"type":"cond-expr","locations":[{"start":{"line":408,"column":49},"end":{"line":408,"column":56}},{"start":{"line":408,"column":59},"end":{"line":408,"column":68}}]},"36":{"loc":{"start":{"line":408,"column":26},"end":{"line":408,"column":46}},"type":"binary-expr","locations":[{"start":{"line":408,"column":26},"end":{"line":408,"column":34}},{"start":{"line":408,"column":38},"end":{"line":408,"column":46}}]},"37":{"loc":{"start":{"line":429,"column":17},"end":{"line":458,"column":null}},"type":"binary-expr","locations":[{"start":{"line":429,"column":17},"end":{"line":429,"column":25}},{"start":{"line":430,"column":18},"end":{"line":457,"column":null}}]},"38":{"loc":{"start":{"line":439,"column":26},"end":{"line":439,"column":68}},"type":"cond-expr","locations":[{"start":{"line":439,"column":49},"end":{"line":439,"column":56}},{"start":{"line":439,"column":59},"end":{"line":439,"column":68}}]},"39":{"loc":{"start":{"line":439,"column":26},"end":{"line":439,"column":46}},"type":"binary-expr","locations":[{"start":{"line":439,"column":26},"end":{"line":439,"column":34}},{"start":{"line":439,"column":38},"end":{"line":439,"column":46}}]},"40":{"loc":{"start":{"line":471,"column":28},"end":{"line":471,"column":63}},"type":"cond-expr","locations":[{"start":{"line":471,"column":38},"end":{"line":471,"column":51}},{"start":{"line":471,"column":54},"end":{"line":471,"column":63}}]},"41":{"loc":{"start":{"line":474,"column":19},"end":{"line":474,"column":48}},"type":"cond-expr","locations":[{"start":{"line":474,"column":29},"end":{"line":474,"column":36}},{"start":{"line":474,"column":39},"end":{"line":474,"column":48}}]}},"s":{"0":1,"1":1,"2":1,"3":1,"4":1,"5":1,"6":1,"7":1,"8":1,"9":1,"10":1,"11":1,"12":1,"13":1,"14":8,"15":8,"16":6,"17":6,"18":6,"19":6,"20":6,"21":2,"22":2,"23":6,"24":2,"25":2,"26":6,"27":3,"28":1,"29":1,"30":3,"31":1,"32":1,"33":3,"34":1,"35":1,"36":6,"37":6,"38":2,"39":2,"40":6,"41":8,"42":0,"43":0,"44":8,"45":6,"46":6,"47":2,"48":4,"49":4,"50":4,"51":4,"52":4,"53":2,"54":1,"55":1,"56":1,"57":1,"58":2,"59":2,"60":1,"61":1,"62":2,"63":2,"64":4,"65":8,"66":0,"67":8,"68":188,"69":188,"70":188,"71":188,"72":188,"73":0,"74":4,"75":16,"76":64,"77":44,"78":22,"79":20,"80":1},"f":{"0":8,"1":6,"2":0,"3":0,"4":6,"5":6,"6":0,"7":188,"8":0,"9":4,"10":16,"11":64,"12":44,"13":22,"14":20},"b":{"0":[2],"1":[6,4],"2":[2],"3":[6,4],"4":[3],"5":[1],"6":[1],"7":[3,2],"8":[1],"9":[3,2],"10":[2],"11":[0,2],"12":[2],"13":[2,2],"14":[0,1],"15":[0,1],"16":[188,188],"17":[0,188],"18":[67,121],"19":[0,188],"20":[188,188],"21":[67,121],"22":[67,121],"23":[0,188],"24":[188,188],"25":[121,67],"26":[121,67],"27":[188,121],"28":[0,121],"29":[121,121],"30":[0,188],"31":[188,188],"32":[0,188],"33":[188,188],"34":[188,121],"35":[0,121],"36":[121,121],"37":[188,121],"38":[0,121],"39":[121,121],"40":[4,184],"41":[67,121]}}
,"C:\\Users\\raghav.khattar\\Desktop\\movie_explorer_reactjs_raghav-main\\src\\components\\MovieCard.tsx": {"path":"C:\\Users\\raghav.khattar\\Desktop\\movie_explorer_reactjs_raghav-main\\src\\components\\MovieCard.tsx","statementMap":{"0":{"start":{"line":1,"column":0},"end":{"line":1,"column":36}},"1":{"start":{"line":2,"column":0},"end":{"line":2,"column":36}},"2":{"start":{"line":3,"column":0},"end":{"line":3,"column":51}},"3":{"start":{"line":4,"column":0},"end":{"line":4,"column":43}},"4":{"start":{"line":19,"column":18},"end":{"line":149,"column":1}},"5":{"start":{"line":20,"column":34},"end":{"line":20,"column":38}},"6":{"start":{"line":21,"column":4},"end":{"line":148,"column":6}},"7":{"start":{"line":151,"column":0},"end":{"line":151,"column":25}}},"fnMap":{"0":{"name":"(anonymous_1)","decl":{"start":{"line":19,"column":18},"end":{"line":19,"column":19}},"loc":{"start":{"line":19,"column":48},"end":{"line":149,"column":1}}}},"branchMap":{},"s":{"0":3,"1":3,"2":3,"3":3,"4":3,"5":10,"6":10,"7":3},"f":{"0":10},"b":{}}
[...]
"column":25}},"50":{"start":{"line":82,"column":2},"end":{"line":116,"column":3}},"51":{"start":{"line":83,"column":21},"end":{"line":91,"column":null}},"52":{"start":{"line":94,"column":22},"end":{"line":102,"column":6}},"53":{"start":{"line":104,"column":4},"end":{"line":104,"column":21}},"54":{"start":{"line":106,"column":4},"end":{"line":106,"column":92}},"55":{"start":{"line":107,"column":4},"end":{"line":115,"column":6}},"56":{"start":{"line":67,"column":13},"end":{"line":67,"column":30}},"57":{"start":{"line":124,"column":34},"end":{"line":156,"column":2}},"58":{"start":{"line":124,"column":72},"end":{"line":156,"column":2}},"59":{"start":{"line":125,"column":2},"end":{"line":155,"column":3}},"60":{"start":{"line":126,"column":22},"end":{"line":126,"column":51}},"61":{"start":{"line":127,"column":4},"end":{"line":129,"column":5}},"62":{"start":{"line":128,"column":6},"end":{"line":128,"column":74}},"63":{"start":{"line":130,"column":4},"end":{"line":132,"column":5}},"64":{"start":{"line":131,"column":6},"end":{"line":131,"column":69}},"65":{"start":{"line":135,"column":21},"end":{"line":142,"column":6}},"66":{"start":{"line":145,"column":4},"end":{"line":148,"column":5}},"67":{"start":{"line":146,"column":42},"end":{"line":146,"column":81}},"68":{"start":{"line":146,"column":77},"end":{"line":146,"column":79}},"69":{"start":{"line":147,"column":6},"end":{"line":147,"column":138}},"70":{"start":{"line":150,"column":17},"end":{"line":150,"column":38}},"71":{"start":{"line":151,"column":4},"end":{"line":151,"column":16}},"72":{"start":{"line":153,"column":4},"end":{"line":153,"column":67}},"73":{"start":{"line":154,"column":4},"end":{"line":154,"column":16}},"74":{"start":{"line":124,"column":13},"end":{"line":124,"column":34}},"75":{"start":{"line":159,"column":34},"end":{"line":179,"column":2}},"76":{"start":{"line":159,"column":69},"end":{"line":179,"column":2}},"77":{"start":{"line":160,"column":20},"end":{"line":160,"column":21}},"78":{"start":{"line":161,"column":29},"end":{"line":161,"column":31}},"79":{"start":{"line":163,"column":2},"end":{"line":173,"column":3}},"80":{"start":{"line":164,"column":17},"end":{"line":164,"column":48}},"81":{"start":{"line":166,"column":4},"end":{"line":166,"column":65}},"82":{"start":{"line":166,"column":59},"end":{"line":166,"column":65}},"83":{"start":{"line":168,"column":4},"end":{"line":168,"column":64}},"84":{"start":{"line":168,"column":53},"end":{"line":168,"column":61}},"85":{"start":{"line":170,"column":4},"end":{"line":170,"column":65}},"86":{"start":{"line":170,"column":59},"end":{"line":170,"column":65}},"87":{"start":{"line":172,"column":4},"end":{"line":172,"column":18}},"88":{"start":{"line":175,"column":2},"end":{"line":175,"column":41}},"89":{"start":{"line":175,"column":29},"end":{"line":175,"column":41}},"90":{"start":{"line":177,"column":19},"end":{"line":177,"column":72}},"91":{"start":{"line":178,"column":2},"end":{"line":178,"column":18}},"92":{"start":{"line":159,"column":13},"end":{"line":159,"column":34}},"93":{"start":{"line":182,"column":35},"end":{"line":202,"column":2}},"94":{"start":{"line":182,"column":70},"end":{"line":202,"column":2}},"95":{"start":{"line":183,"column":20},"end":{"line":183,"column":21}},"96":{"start":{"line":184,"column":32},"end":{"line":184,"column":34}},"97":{"start":{"line":186,"column":2},"end":{"line":196,"column":3}},"98":{"start":{"line":187,"column":17},"end":{"line":187,"column":48}},"99":{"start":{"line":189,"column":4},"end":{"line":189,"column":65}},"100":{"start":{"line":189,"column":59},"end":{"line":189,"column":65}},"101":{"start":{"line":191,"column":4},"end":{"line":191,"column":67}},"102":{"start":{"line":191,"column":56},"end":{"line":191,"column":64}},"103":{"start":{"line":193,"column":4},"end":{"line":193,"column":65}},"104":{"start":{"line":193,"column":59},"end":{"line":193,"column":65}},"105":{"start":{"line":195,"column":4},"end":{"line":195,"column":18}},"106":{"start":{"line":198,"column":2},"end":{"line":198,"column":44}},"107":{"start":{"line":198,"column":32},"end":{"line":198,"column":44}},"108":{"start":{"line":200,"column":19},"end":{"line":200,"column":78}},"109":{"start":{"line":201,"column":2},"end":{"line":201,"column":18}},"110":{"start":{"line":182,"column":13},"end":{"line":182,"column":35}},"111":{"start":{"line":205,"column":32},"end":{"line":213,"column":null}},"112":{"start":{"line":205,"column":56},"end":{"line":213,"column":null}},"113":{"start":{"line":206,"column":2},"end":{"line":212,"column":3}},"114":{"start":{"line":207,"column":21},"end":{"line":207,"column":115}},"115":{"start":{"line":208,"column":4},"end":{"line":208,"column":32}},"116":{"start":{"line":211,"column":4},"end":{"line":211,"column":55}},"117":{"start":{"line":205,"column":13},"end":{"line":205,"column":32}},"118":{"start":{"line":216,"column":37},"end":{"line":232,"column":null}},"119":{"start":{"line":216,"column":75},"end":{"line":232,"column":null}},"120":{"start":{"line":217,"column":2},"end":{"line":231,"column":3}},"121":{"start":{"line":218,"column":21},"end":{"line":226,"column":null}},"122":{"start":{"line":228,"column":4},"end":{"line":228,"column":25}},"123":{"start":{"line":230,"column":4},"end":{"line":230,"column":57}},"124":{"start":{"line":216,"column":13},"end":{"line":216,"column":37}},"125":{"start":{"line":234,"column":27},"end":{"line":245,"column":null}},"126":{"start":{"line":234,"column":56},"end":{"line":245,"column":null}},"127":{"start":{"line":235,"column":2},"end":{"line":244,"column":3}},"128":{"start":{"line":236,"column":21},"end":{"line":240,"column":6}},"129":{"start":{"line":241,"column":4},"end":{"line":241,"column":25}},"130":{"start":{"line":243,"column":4},"end":{"line":243,"column":52}},"131":{"start":{"line":234,"column":13},"end":{"line":234,"column":27}},"132":{"start":{"line":247,"column":28},"end":{"line":258,"column":null}},"133":{"start":{"line":247,"column":84},"end":{"line":258,"column":null}},"134":{"start":{"line":248,"column":2},"end":{"line":257,"column":3}},"135":{"start":{"line":249,"column":21},"end":{"line":253,"column":6}},"136":{"start":{"line":254,"column":4},"end":{"line":254,"column":25}},"137":{"start":{"line":256,"column":4},"end":{"line":256,"column":52}},"138":{"start":{"line":247,"column":13},"end":{"line":247,"column":28}},"139":{"start":{"line":260,"column":30},"end":{"line":271,"column":null}},"140":{"start":{"line":260,"column":51},"end":{"line":271,"column":null}},"141":{"start":{"line":261,"column":2},"end":{"line":270,"column":3}},"142":{"start":{"line":262,"column":21},"end":{"line":266,"column":6}},"143":{"start":{"line":267,"column":4},"end":{"line":267,"column":25}},"144":{"start":{"line":269,"column":4},"end":{"line":269,"column":52}},"145":{"start":{"line":260,"column":13},"end":{"line":260,"column":30}}},"fnMap":{"0":{"name":"(anonymous_8)","decl":{"start":{"line":3,"column":25},"end":{"line":3,"column":32}},"loc":{"start":{"line":3,"column":49},"end":{"line":11,"column":null}}},"1":{"name":"(anonymous_9)","decl":{"start":{"line":3,"column":49},"end":{"line":3,"column":null}},"loc":{"start":{"line":3,"column":49},"end":{"line":11,"column":1}}},"2":{"name":"(anonymous_10)","decl":{"start":{"line":13,"column":24},"end":{"line":13,"column":31}},"loc":{"start":{"line":13,"column":48},"end":{"line":21,"column":null}}},"3":{"name":"(anonymous_11)","decl":{"start":{"line":13,"column":48},"end":{"line":13,"column":null}},"loc":{"start":{"line":13,"column":48},"end":{"line":21,"column":1}}},"4":{"name":"(anonymous_12)","decl":{"start":{"line":22,"column":25},"end":{"line":22,"column":34}},"loc":{"start":{"line":22,"column":36},"end":{"line":37,"column":null}}},"5":{"name":"(anonymous_13)","decl":{"start":{"line":22,"column":36},"end":{"line":22,"column":null}},"loc":{"start":{"line":22,"column":36},"end":{"line":37,"column":1}}},"6":{"name":"(anonymous_14)","decl":{"start":{"line":38,"column":28},"end":{"line":38,"column":35}},"loc":{"start":{"line":38,"column":55},"end":{"line":46,"column":null}}},"7":{"name":"(anonymous_15)","decl":{"start":{"line":38,"column":55},"end":{"line":38,"column":null}},"loc":{"start":{"line":38,"column":51},"end":{"line":46,"column":1}}},"8":{"name":"(anonymous_16)","decl":{"start":{"line":47,"column":31},"end":{"line":47,"column":40}},"loc":{"start":{"line":47,"column":42},"end":{"line":55,"column":null}}},"9":{"name":"(anonymous_17)","decl":{"start":{"line":47,"column":42},"end":{"line":47,"column":null}},"loc":{"start":{"line":47,"column":42},"end":{"line":55,"column":1}}},"10":{"name":"(anonymous_18)","decl":{"start":{"line":58,"column":31},"end":{"line":58,"column":38}},"loc":{"start":{"line":58,"column":52},"end":{"line":65,"column":null}}},"11":{"name":"(anonymous_19)","decl":{"start":{"line":58,"column":52},"end":{"line":58,"column":null}},"loc":{"start":{"line":58,"column":52},"end":{"line":65,"column":1}}},"12":{"name":"(anonymous_20)","decl":{"start":{"line":67,"column":30},"end":{"line":67,"column":null}},"loc":{"start":{"line":71,"column":18},"end":{"line":117,"column":2}}},"13":{"name":"(anonymous_21)","decl":{"start":{"line":71,"column":18},"end":{"line":71,"column":null}},"loc":{"start":{"line":70,"column":16},"end":{"line":117,"column":1}}},"14":{"name":"(anonymous_22)","decl":{"start":{"line":124,"column":34},"end":{"line":124,"column":41}},"loc":{"start":{"line":124,"column":72},"end":{"line":156,"column":2}}},"15":{"name":"(anonymous_23)","decl":{"start":{"line":124,"column":72},"end":{"line":124,"column":null}},"loc":{"start":{"line":124,"column":72},"end":{"line":156,"column":1}}},"16":{"name":"(anonymous_24)","decl":{"start":{"line":146,"column":70},"end":{"line":146,"column":73}},"loc":{"start":{"line":146,"column":77},"end":{"line":146,"column":79}}},"17":{"name":"(anonymous_25)","decl":{"start":{"line":159,"column":34},"end":{"line":159,"column":67}},"loc":{"start":{"line":159,"column":69},"end":{"line":179,"column":2}}},"18":{"name":"(anonymous_26)","decl":{"start":{"line":159,"column":69},"end":{"line":159,"column":null}},"loc":{"start":{"line":159,"column":69},"end":{"line":179,"column":1}}},"19":{"name":"(anonymous_27)","decl":{"start":{"line":168,"column":37},"end":{"line":168,"column":38}},"loc":{"start":{"line":168,"column":53},"end":{"line":168,"column":61}}},"20":{"name":"(anonymous_28)","decl":{"start":{"line":182,"column":35},"end":{"line":182,"column":68}},"loc":{"start":{"line":182,"column":70},"end":{"line":202,"column":2}}},"21":{"name":"(anonymous_29)","decl":{"start":{"line":182,"column":70},"end":{"line":182,"column":null}},"loc":{"start":{"line":182,"column":70},"end":{"line":202,"column":1}}},"22":{"name":"(anonymous_30)","decl":{"start":{"line":191,"column":40},"end":{"line":191,"column":41}},"loc":{"start":{"line":191,"column":56},"end":{"line":191,"column":64}}},"23":{"name":"(anonymous_31)","decl":{"start":{"line":205,"column":32},"end":{"line":205,"column":39}},"loc":{"start":{"line":205,"column":56},"end":{"line":213,"column":null}}},"24":{"name":"(anonymous_32)","decl":{"start":{"line":205,"column":56},"end":{"line":205,"column":null}},"loc":{"start":{"line":205,"column":56},"end":{"line":213,"column":1}}},"25":{"name":"(anonymous_33)","decl":{"start":{"line":216,"column":37},"end":{"line":216,"column":44}},"loc":{"start":{"line":216,"column":75},"end":{"line":232,"column":null}}},"26":{"name":"(anonymous_34)","decl":{"start":{"line":216,"column":75},"end":{"line":216,"column":null}},"loc":{"start":{"line":216,"column":75},"end":{"line":232,"column":1}}},"27":{"name":"(anonymous_35)","decl":{"start":{"line":234,"column":27},"end":{"line":234,"column":34}},"loc":{"start":{"line":234,"column":56},"end":{"line":245,"column":null}}},"28":{"name":"(anonymous_36)","decl":{"start":{"line":234,"column":56},"end":{"line":234,"column":null}},"loc":{"start":{"line":234,"column":56},"end":{"line":245,"column":1}}},"29":{"name":"(anonymous_37)","decl":{"start":{"line":247,"column":28},"end":{"line":247,"column":35}},"loc":{"start":{"line":247,"column":84},"end":{"line":258,"column":null}}},"30":{"name":"(anonymous_38)","decl":{"start":{"line":247,"column":84},"end":{"line":247,"column":null}},"loc":{"start":{"line":247,"column":84},"end":{"line":258,"column":1}}},"31":{"name":"(anonymous_39)","decl":{"start":{"line":260,"column":30},"end":{"line":260,"column":37}},"loc":{"start":{"line":260,"column":51},"end":{"line":271,"column":null}}},"32":{"name":"(anonymous_40)","decl":{"start":{"line":260,"column":51},"end":{"line":260,"column":null}},"loc":{"start":{"line":260,"column":51},"end":{"line":271,"column":1}}}},"branchMap":{"0":{"loc":{"start":{"line":38,"column":35},"end":{"line":38,"column":51}},"type":"default-arg","locations":[{"start":{"line":38,"column":50},"end":{"line":38,"column":51}}]},"1":{"loc":{"start":{"line":68,"column":2},"end":{"line":68,"column":18}},"type":"default-arg","locations":[{"start":{"line":68,"column":17},"end":{"line":68,"column":18}}]},"2":{"loc":{"start":{"line":77,"column":2},"end":{"line":79,"column":3}},"type":"if","locations":[{"start":{"line":77,"column":2},"end":{"line":79,"column":3}}]},"3":{"loc":{"start":{"line":77,"column":6},"end":{"line":77,"column":30}},"type":"binary-expr","locations":[{"start":{"line":77,"column":6},"end":{"line":77,"column":11}},{"start":{"line":77,"column":15},"end":{"line":77,"column":30}}]},"4":{"loc":{"start":{"line":95,"column":14},"end":{"line":95,"column":40}},"type":"binary-expr","locations":[{"start":{"line":95,"column":14},"end":{"line":95,"column":34}},{"start":{"line":95,"column":38},"end":{"line":95,"column":40}}]},"5":{"loc":{"start":{"line":96,"column":18},"end":{"line":101,"column":null}},"type":"binary-expr","locations":[{"start":{"line":96,"column":18},"end":{"line":96,"column":42}},{"start":{"line":96,"column":46},"end":{"line":101,"column":null}}]},"6":{"loc":{"start":{"line":99,"column":21},"end":{"line":99,"column":54}},"type":"binary-expr","locations":[{"start":{"line":99,"column":21},"end":{"line":99,"column":49}},{"start":{"line":99,"column":53},"end":{"line":99,"column":54}}]},"7":{"loc":{"start":{"line":99,"column":21},"end":{"line":99,"column":49}},"type":"cond-expr","locations":[{"start":{"line":99,"column":41},"end":{"line":99,"column":43}},{"start":{"line":99,"column":41},"end":{"line":99,"column":49}}]},"8":{"loc":{"start":{"line":99,"column":21},"end":{"line":99,"column":43}},"type":"binary-expr","locations":[{"start":{"line":99,"column":21},"end":{"line":99,"column":43}},{"start":{"line":99,"column":41},"end":{"line":99,"column":43}}]},"9":{"loc":{"start":{"line":127,"column":4},"end":{"line":129,"column":5}},"type":"if","locations":[{"start":{"line":127,"column":4},"end":{"line":129,"column":5}}]},"10":{"loc":{"start":{"line":130,"column":4},"end":{"line":132,"column":5}},"type":"if","locations":[{"start":{"line":130,"column":4},"end":{"line":132,"column":5}}]},"11":{"loc":{"start":{"line":145,"column":4},"end":{"line":148,"column":5}},"type":"if","locations":[{"start":{"line":145,"column":4},"end":{"line":148,"column":5}}]},"12":{"loc":{"start":{"line":147,"column":98},"end":{"line":147,"column":134}},"type":"binary-expr","locations":[{"start":{"line":147,"column":98},"end":{"line":147,"column":115}},{"start":{"line":147,"column":119},"end":{"line":147,"column":134}}]},"13":{"loc":{"start":{"line":166,"column":4},"end":{"line":166,"column":65}},"type":"if","locations":[{"start":{"line":166,"column":4},"end":{"line":166,"column":65}}]},"14":{"loc":{"start":{"line":166,"column":8},"end":{"line":166,"column":57}},"type":"binary-expr","locations":[{"start":{"line":166,"column":8},"end":{"line":166,"column":13}},{"start":{"line":166,"column":17},"end":{"line":166,"column":29}},{"start":{"line":166,"column":33},"end":{"line":166,"column":57}}]},"15":{"loc":{"start":{"line":170,"column":4},"end":{"line":170,"column":65}},"type":"if","locations":[{"start":{"line":170,"column":4},"end":{"line":170,"column":65}}]},"16":{"loc":{"start":{"line":170,"column":8},"end":{"line":170,"column":57}},"type":"binary-expr","locations":[{"start":{"line":170,"column":8},"end":{"line":170,"column":23}},{"start":{"line":170,"column":27},"end":{"line":170,"column":57}}]},"17":{"loc":{"start":{"line":175,"column":2},"end":{"line":175,"column":41}},"type":"if","locations":[{"start":{"line":175,"column":2},"end":{"line":175,"column":41}}]},"18":{"loc":{"start":{"line":189,"column":4},"end":{"line":189,"column":65}},"type":"if","locations":[{"start":{"line":189,"column":4},"end":{"line":189,"column":65}}]},"19":{"loc":{"start":{"line":189,"column":8},"end":{"line":189,"column":57}},"type":"binary-expr","locations":[{"start":{"line":189,"column":8},"end":{"line":189,"column":13}},{"start":{"line":189,"column":17},"end":{"line":189,"column":29}},{"start":{"line":189,"column":33},"end":{"line":189,"column":57}}]},"20":{"loc":{"start":{"line":193,"column":4},"end":{"line":193,"column":65}},"type":"if","locations":[{"start":{"line":193,"column":4},"end":{"line":193,"column":65}}]},"21":{"loc":{"start":{"line":193,"column":8},"end":{"line":193,"column":57}},"type":"binary-expr","locations":[{"start":{"line":193,"column":8},"end":{"line":193,"column":23}},{"start":{"line":193,"column":27},"end":{"line":193,"column":57}}]},"22":{"loc":{"start":{"line":198,"column":2},"end":{"line":198,"column":44}},"type":"if","locations":[{"start":{"line":198,"column":2},"end":{"line":198,"column":44}}]}},"s":{"0":4,"1":4,"2":1,"3":1,"4":1,"5":1,"6":0,"7":4,"8":4,"9":1,"10":1,"11":1,"12":1,"13":0,"14":4,"15":4,"16":1,"17":1,"18":1,"19":1,"20":1,"21":1,"22":0,"23":4,"24":4,"25":1,"26":1,"27":1,"28":1,"29":0,"30":4,"31":4,"32":0,"33":0,"34":0,"35":0,"36":0,"37":4,"38":4,"39":1,"40":1,"41":1,"42":1,"43":0,"44":4,"45":4,"46":1,"47":1,"48":1,"49":0,"50":1,"51":1,"52":1,"53":1,"54":0,"55":0,"56":4,"57":4,"58":0,"59":0,"60":0,"61":0,"62":0,"63":0,"64":0,"65":0,"66":0,"67":0,"68":0,"69":0,"70":0,"71":0,"72":0,"73":0,"74":4,"75":4,"76":0,"77":0,"78":0,"79":0,"80":0,"81":0,"82":0,"83":0,"84":0,"85":0,"86":0,"87":0,"88":0,"89":0,"90":0,"91":0,"92":4,"93":4,"94":0,"95":0,"96":0,"97":0,"98":0,"99":0,"100":0,"101":0,"102":0,"103":0,"104":0,"105":0,"106":0,"107":0,"108":0,"109":0,"110":4,"111":4,"112":1,"113":1,"114":1,"115":1,"116":0,"117":4,"118":4,"119":0,"120":0,"121":0,"122":0,"123":0,"124":4,"125":4,"126":2,"127":2,"128":2,"129":1,"130":0,"131":4,"132":4,"133":1,"134":1,"135":1,"136":1,"137":0,"138":4,"139":4,"140":1,"141":1,"142":1,"143":1,"144":0,"145":4},"f":{"0":1,"1":1,"2":1,"3":1,"4":1,"5":1,"6":1,"7":1,"8":0,"9":0,"10":1,"11":1,"12":1,"13":1,"14":0,"15":0,"16":0,"17":0,"18":0,"19":0,"20":0,"21":0,"22":0,"23":1,"24":1,"25":0,"26":0,"27":2,"28":2,"29":1,"30":1,"31":1,"32":1},"b":{"0":[0],"1":[0],"2":[0],"3":[1,0],"4":[1,0],"5":[1,0],"6":[0,0],"7":[0,0],"8":[0,0],"9":[0],"10":[0],"11":[0],"12":[0,0],"13":[0],"14":[0,0,0],"15":[0],"16":[0,0],"17":[0],"18":[0],"19":[0,0,0],"20":[0],"21":[0,0],"22":[0]}}
,"C:\\Users\\raghav.khattar\\Desktop\\movie_explorer_reactjs_raghav-main\\src\\utils\\HOC.tsx": {"path":"C:\\Users\\raghav.khattar\\Desktop\\movie_explorer_reactjs_raghav-main\\src\\utils\\HOC.tsx","statementMap":{"0":{"start":{"line":1,"column":0},"end":{"line":1,"column":47}},"1":{"start":{"line":3,"column":21},"end":{"line":8,"column":3}},"2":{"start":{"line":4,"column":4},"end":{"line":7,"column":6}},"3":{"start":{"line":5,"column":23},"end":{"line":5,"column":36}},"4":{"start":{"line":6,"column":6},"end":{"line":6,"column":58}},"5":{"start":{"line":10,"column":0},"end":{"line":10,"column":28}}},"fnMap":{"0":{"name":"(anonymous_0)","decl":{"start":{"line":3,"column":21},"end":{"line":3,"column":22}},"loc":{"start":{"line":3,"column":40},"end":{"line":8,"column":3}}},"1":{"name":"(anonymous_1)","decl":{"start":{"line":4,"column":11},"end":{"line":4,"column":12}},"loc":{"start":{"line":4,"column":27},"end":{"line":7,"column":5}}}},"branchMap":{},"s":{"0":4,"1":4,"2":6,"3":45,"4":45,"5":4},"f":{"0":6,"1":45},"b":{}}
}
