{"C:\\Users\\raghav.khattar\\Desktop\\movie_explorer_reactjs_raghav-main\\src\\components\\AnimatedButton.tsx": {"path":"C:\\Users\\raghav.khattar\\Desktop\\movie_explorer_reactjs_raghav-main\\src\\components\\AnimatedButton.tsx","statementMap":{"0":{"start":{"line":56,"column":0},"end":{"line":56,"column":24}},"1":{"start":{"line":1,"column":0},"end":{"line":1,"column":57}},"2":{"start":{"line":2,"column":0},"end":{"line":2,"column":48}},"3":{"start":{"line":3,"column":0},"end":{"line":3,"column":67}},"4":{"start":{"line":4,"column":0},"end":{"line":4,"column":47}},"5":{"start":{"line":5,"column":0},"end":{"line":5,"column":33}},"6":{"start":{"line":7,"column":15},"end":{"line":14,"column":2}},"7":{"start":{"line":16,"column":29},"end":{"line":54,"column":3}},"8":{"start":{"line":16,"column":51},"end":{"line":54,"column":2}},"9":{"start":{"line":57,"column":21},"end":{"line":57,"column":34}},"10":{"start":{"line":58,"column":34},"end":{"line":58,"column":49}},"11":{"start":{"line":60,"column":31},"end":{"line":77,"column":null}},"12":{"start":{"line":60,"column":42},"end":{"line":77,"column":null}},"13":{"start":{"line":61,"column":8},"end":{"line":61,"column":25}},"14":{"start":{"line":63,"column":8},"end":{"line":76,"column":9}},"15":{"start":{"line":64,"column":30},"end":{"line":64,"column":56}},"16":{"start":{"line":66,"column":12},"end":{"line":72,"column":13}},"17":{"start":{"line":67,"column":16},"end":{"line":67,"column":57}},"18":{"start":{"line":68,"column":16},"end":{"line":68,"column":54}},"19":{"start":{"line":70,"column":16},"end":{"line":70,"column":66}},"20":{"start":{"line":71,"column":16},"end":{"line":71,"column":34}},"21":{"start":{"line":74,"column":12},"end":{"line":74,"column":66}},"22":{"start":{"line":75,"column":12},"end":{"line":75,"column":30}},"23":{"start":{"line":79,"column":4},"end":{"line":83,"column":6}}},"fnMap":{"0":{"name":"(anonymous_7)","decl":{"start":{"line":16,"column":44},"end":{"line":16,"column":47}},"loc":{"start":{"line":16,"column":51},"end":{"line":54,"column":2}}},"1":{"name":"SuggestMovieButton","decl":{"start":{"line":56,"column":24},"end":{"line":56,"column":42}},"loc":{"start":{"line":56,"column":42},"end":{"line":84,"column":1}}},"2":{"name":"(anonymous_9)","decl":{"start":{"line":60,"column":31},"end":{"line":60,"column":40}},"loc":{"start":{"line":60,"column":42},"end":{"line":77,"column":null}}},"3":{"name":"(anonymous_10)","decl":{"start":{"line":60,"column":42},"end":{"line":60,"column":null}},"loc":{"start":{"line":60,"column":42},"end":{"line":77,"column":5}}}},"branchMap":{"0":{"loc":{"start":{"line":66,"column":12},"end":{"line":72,"column":13}},"type":"if","locations":[{"start":{"line":66,"column":12},"end":{"line":72,"column":13}},{"start":{"line":69,"column":19},"end":{"line":72,"column":13}}]},"1":{"loc":{"start":{"line":81,"column":13},"end":{"line":81,"column":101}},"type":"cond-expr","locations":[{"start":{"line":81,"column":23},"end":{"line":81,"column":80}},{"start":{"line":81,"column":83},"end":{"line":81,"column":101}}]}},"s":{"0":1,"1":1,"2":1,"3":1,"4":1,"5":1,"6":1,"7":1,"8":9,"9":9,"10":9,"11":9,"12":3,"13":3,"14":3,"15":3,"16":2,"17":1,"18":1,"19":1,"20":1,"21":1,"22":1,"23":9},"f":{"0":9,"1":9,"2":3,"3":3},"b":{"0":[1,1],"1":[3,6]}}
,"C:\\Users\\raghav.khattar\\Desktop\\movie_explorer_reactjs_raghav-main\\src\\components\\Carousel.tsx": {"path":"C:\\Users\\raghav.khattar\\Desktop\\movie_explorer_reactjs_raghav-main\\src\\components\\Carousel.tsx","statementMap":{"0":{"start":{"line":1,"column":0},"end":{"line":1,"column":41}},"1":{"start":{"line":2,"column":0},"end":{"line":2,"column":47}},"2":{"start":{"line":3,"column":0},"end":{"line":3,"column":48}},"3":{"start":{"line":4,"column":0},"end":{"line":4,"column":68}},"4":{"start":{"line":5,"column":0},"end":{"line":5,"column":40}},"5":{"start":{"line":6,"column":0},"end":{"line":6,"column":46}},"6":{"start":{"line":15,"column":2},"end":{"line":36,"column":4}},"7":{"start":{"line":40,"column":2},"end":{"line":61,"column":4}},"8":{"start":{"line":74,"column":31},"end":{"line":86,"column":6}},"9":{"start":{"line":88,"column":28},"end":{"line":111,"column":6}},"10":{"start":{"line":113,"column":4},"end":{"line":219,"column":6}},"11":{"start":{"line":126,"column":14},"end":{"line":127,"column":null}},"12":{"start":{"line":72,"column":0},"end":{"line":72,"column":13}},"13":{"start":{"line":223,"column":0},"end":{"line":223,"column":28}}},"fnMap":{"0":{"name":"NextArrow","decl":{"start":{"line":14,"column":9},"end":{"line":14,"column":18}},"loc":{"start":{"line":14,"column":42},"end":{"line":37,"column":1}}},"1":{"name":"PrevArrow","decl":{"start":{"line":39,"column":9},"end":{"line":39,"column":18}},"loc":{"start":{"line":39,"column":42},"end":{"line":62,"column":1}}},"2":{"name":"(anonymous_3)","decl":{"start":{"line":73,"column":2},"end":{"line":73,"column":8}},"loc":{"start":{"line":73,"column":8},"end":{"line":220,"column":3}}},"3":{"name":"(anonymous_4)","decl":{"start":{"line":125,"column":24},"end":{"line":125,"column":25}},"loc":{"start":{"line":126,"column":14},"end":{"line":127,"column":null}}}},"branchMap":{},"s":{"0":1,"1":1,"2":1,"3":1,"4":1,"5":1,"6":0,"7":0,"8":4,"9":4,"10":4,"11":12,"12":1,"13":1},"f":{"0":0,"1":0,"2":4,"3":12},"b":{}}
,"C:\\Users\\raghav.khattar\\Desktop\\movie_explorer_reactjs_raghav-main\\src\\components\\Footer.tsx": {"path":"C:\\Users\\raghav.khattar\\Desktop\\movie_explorer_reactjs_raghav-main\\src\\components\\Footer.tsx","statementMap":{"0":{"start":{"line":1,"column":0},"end":{"line":1,"column":59}},"1":{"start":{"line":4,"column":4},"end":{"line":122,"column":6}},"2":{"start":{"line":81,"column":32},"end":{"line":82,"column":null}},"3":{"start":{"line":125,"column":0},"end":{"line":125,"column":22}}},"fnMap":{"0":{"name":"Footer","decl":{"start":{"line":3,"column":9},"end":{"line":3,"column":15}},"loc":{"start":{"line":3,"column":15},"end":{"line":123,"column":1}}},"1":{"name":"(anonymous_1)","decl":{"start":{"line":80,"column":76},"end":{"line":80,"column":77}},"loc":{"start":{"line":81,"column":32},"end":{"line":82,"column":null}}}},"branchMap":{},"s":{"0":4,"1":23,"2":92,"3":4},"f":{"0":23,"1":92},"b":{}}
,"C:\\Users\\raghav.khattar\\Desktop\\movie_explorer_reactjs_raghav-main\\src\\components\\GenreCard.tsx": {"path":"C:\\Users\\raghav.khattar\\Desktop\\movie_explorer_reactjs_raghav-main\\src\\components\\GenreCard.tsx","statementMap":{"0":{"start":{"line":1,"column":0},"end":{"line":1,"column":48}},"1":{"start":{"line":3,"column":18},"end":{"line":9,"column":2}},"2":{"start":{"line":16,"column":18},"end":{"line":59,"column":1}},"3":{"start":{"line":17,"column":2},"end":{"line":58,"column":4}},"4":{"start":{"line":20,"column":6},"end":{"line":20,"column":22}},"5":{"start":{"line":61,"column":0},"end":{"line":61,"column":25}}},"fnMap":{"0":{"name":"(anonymous_0)","decl":{"start":{"line":16,"column":18},"end":{"line":16,"column":19}},"loc":{"start":{"line":16,"column":56},"end":{"line":59,"column":1}}},"1":{"name":"(anonymous_1)","decl":{"start":{"line":19,"column":13},"end":{"line":19,"column":16}},"loc":{"start":{"line":19,"column":18},"end":{"line":21,"column":5}}}},"branchMap":{"0":{"loc":{"start":{"line":20,"column":6},"end":{"line":20,"column":21}},"type":"cond-expr","locations":[{"start":{"line":20,"column":13},"end":{"line":20,"column":16}},{"start":{"line":20,"column":6},"end":{"line":20,"column":21}}]},"1":{"loc":{"start":{"line":20,"column":6},"end":{"line":20,"column":16}},"type":"binary-expr","locations":[{"start":{"line":20,"column":6},"end":{"line":20,"column":16}},{"start":{"line":20,"column":6},"end":{"line":20,"column":16}}]}},"s":{"0":2,"1":2,"2":2,"3":149,"4":1,"5":2},"f":{"0":149,"1":1},"b":{"0":[0,1],"1":[1,1]}}
,"C:\\Users\\raghav.khattar\\Desktop\\movie_explorer_reactjs_raghav-main\\src\\components\\MovieCard.tsx": {"path":"C:\\Users\\raghav.khattar\\Desktop\\movie_explorer_reactjs_raghav-main\\src\\components\\MovieCard.tsx","statementMap":{"0":{"start":{"line":1,"column":0},"end":{"line":1,"column":36}},"1":{"start":{"line":2,"column":0},"end":{"line":2,"column":36}},"2":{"start":{"line":3,"column":0},"end":{"line":3,"column":51}},"3":{"start":{"line":4,"column":0},"end":{"line":4,"column":43}},"4":{"start":{"line":19,"column":18},"end":{"line":149,"column":1}},"5":{"start":{"line":20,"column":34},"end":{"line":20,"column":38}},"6":{"start":{"line":21,"column":4},"end":{"line":148,"column":6}},"7":{"start":{"line":151,"column":0},"end":{"line":151,"column":25}}},"fnMap":{"0":{"name":"(anonymous_1)","decl":{"start":{"line":19,"column":18},"end":{"line":19,"column":19}},"loc":{"start":{"line":19,"column":48},"end":{"line":149,"column":1}}}},"branchMap":{"0":{"loc":{"start":{"line":121,"column":29},"end":{"line":121,"column":52}},"type":"binary-expr","locations":[{"start":{"line":121,"column":29},"end":{"line":121,"column":39}},{"start":{"line":121,"column":43},"end":{"line":121,"column":52}}]}},"s":{"0":3,"1":3,"2":3,"3":3,"4":3,"5":8,"6":8,"7":3},"f":{"0":8},"b":{"0":[8,2]}}
,"C:\\Users\\raghav.khattar\\Desktop\\movie_explorer_reactjs_raghav-main\\src\\components\\NavbarNew.tsx": {"path":"C:\\Users\\raghav.khattar\\Desktop\\movie_explorer_reactjs_raghav-main\\src\\components\\NavbarNew.tsx","statementMap":{"0":{"start":{"line":1,"column":0},"end":{"line":1,"column":52}},"1":{"start":{"line":2,"column":0},"end":{"line":2,"column":36}},"2":{"start":{"line":3,"column":0},"end":{"line":3,"column":null}},"3":{"start":{"line":10,"column":0},"end":{"line":10,"column":null}},"4":{"start":{"line":16,"column":0},"end":{"line":16,"column":45}},"5":{"start":{"line":17,"column":0},"end":{"line":17,"column":41}},"6":{"start":{"line":18,"column":0},"end":{"line":18,"column":66}},"7":{"start":{"line":19,"column":0},"end":{"line":19,"column":64}},"8":{"start":{"line":20,"column":0},"end":{"line":20,"column":70}},"9":{"start":{"line":21,"column":0},"end":{"line":21,"column":66}},"10":{"start":{"line":22,"column":0},"end":{"line":22,"column":40}},"11":{"start":{"line":23,"column":0},"end":{"line":23,"column":43}},"12":{"start":{"line":35,"column":2},"end":{"line":35,"column":46}},"13":{"start":{"line":37,"column":2},"end":{"line":40,"column":4}},"14":{"start":{"line":50,"column":2},"end":{"line":52,"column":4}},"15":{"start":{"line":51,"column":4},"end":{"line":51,"column":57}},"16":{"start":{"line":54,"column":2},"end":{"line":56,"column":4}},"17":{"start":{"line":55,"column":4},"end":{"line":55,"column":29}},"18":{"start":{"line":58,"column":2},"end":{"line":60,"column":4}},"19":{"start":{"line":59,"column":4},"end":{"line":59,"column":38}},"20":{"start":{"line":62,"column":2},"end":{"line":64,"column":4}},"21":{"start":{"line":63,"column":4},"end":{"line":63,"column":41}},"22":{"start":{"line":66,"column":2},"end":{"line":68,"column":4}},"23":{"start":{"line":67,"column":4},"end":{"line":67,"column":35}},"24":{"start":{"line":70,"column":2},"end":{"line":72,"column":4}},"25":{"start":{"line":71,"column":4},"end":{"line":71,"column":53}},"26":{"start":{"line":74,"column":2},"end":{"line":76,"column":4}},"27":{"start":{"line":75,"column":4},"end":{"line":75,"column":38}},"28":{"start":{"line":78,"column":2},"end":{"line":87,"column":4}},"29":{"start":{"line":78,"column":29},"end":{"line":87,"column":4}},"30":{"start":{"line":79,"column":4},"end":{"line":86,"column":5}},"31":{"start":{"line":80,"column":6},"end":{"line":80,"column":24}},"32":{"start":{"line":81,"column":6},"end":{"line":81,"column":36}},"33":{"start":{"line":83,"column":6},"end":{"line":83,"column":45}},"34":{"start":{"line":85,"column":6},"end":{"line":85,"column":40}},"35":{"start":{"line":43,"column":4},"end":{"line":43,"column":57}},"36":{"start":{"line":47,"column":4},"end":{"line":47,"column":60}},"37":{"start":{"line":90,"column":35},"end":{"line":90,"column":45}},"38":{"start":{"line":91,"column":17},"end":{"line":91,"column":34}},"39":{"start":{"line":92,"column":23},"end":{"line":92,"column":54}},"40":{"start":{"line":93,"column":25},"end":{"line":93,"column":70}},"41":{"start":{"line":95,"column":4},"end":{"line":310,"column":6}},"42":{"start":{"line":300,"column":31},"end":{"line":300,"column":60}},"43":{"start":{"line":314,"column":0},"end":{"line":314,"column":39}}},"fnMap":{"0":{"name":"(anonymous_8)","decl":{"start":{"line":34,"column":0},"end":{"line":34,"column":6}},"loc":{"start":{"line":34,"column":0},"end":{"line":312,"column":1}}},"1":{"name":"(anonymous_9)","decl":{"start":{"line":50,"column":17},"end":{"line":50,"column":20}},"loc":{"start":{"line":50,"column":22},"end":{"line":52,"column":3}}},"2":{"name":"(anonymous_10)","decl":{"start":{"line":54,"column":24},"end":{"line":54,"column":27}},"loc":{"start":{"line":54,"column":29},"end":{"line":56,"column":3}}},"3":{"name":"(anonymous_11)","decl":{"start":{"line":58,"column":29},"end":{"line":58,"column":32}},"loc":{"start":{"line":58,"column":34},"end":{"line":60,"column":3}}},"4":{"name":"(anonymous_12)","decl":{"start":{"line":62,"column":32},"end":{"line":62,"column":35}},"loc":{"start":{"line":62,"column":37},"end":{"line":64,"column":3}}},"5":{"name":"(anonymous_13)","decl":{"start":{"line":66,"column":22},"end":{"line":66,"column":25}},"loc":{"start":{"line":66,"column":27},"end":{"line":68,"column":3}}},"6":{"name":"(anonymous_14)","decl":{"start":{"line":70,"column":20},"end":{"line":70,"column":21}},"loc":{"start":{"line":70,"column":61},"end":{"line":72,"column":3}}},"7":{"name":"(anonymous_15)","decl":{"start":{"line":74,"column":20},"end":{"line":74,"column":23}},"loc":{"start":{"line":74,"column":25},"end":{"line":76,"column":3}}},"8":{"name":"(anonymous_16)","decl":{"start":{"line":78,"column":18},"end":{"line":78,"column":27}},"loc":{"start":{"line":78,"column":29},"end":{"line":87,"column":4}}},"9":{"name":"(anonymous_17)","decl":{"start":{"line":78,"column":29},"end":{"line":78,"column":null}},"loc":{"start":{"line":78,"column":29},"end":{"line":87,"column":3}}},"10":{"name":"(anonymous_18)","decl":{"start":{"line":42,"column":2},"end":{"line":42,"column":19}},"loc":{"start":{"line":42,"column":19},"end":{"line":44,"column":3}}},"11":{"name":"(anonymous_19)","decl":{"start":{"line":46,"column":2},"end":{"line":46,"column":22}},"loc":{"start":{"line":46,"column":22},"end":{"line":48,"column":3}}},"12":{"name":"(anonymous_20)","decl":{"start":{"line":89,"column":2},"end":{"line":89,"column":8}},"loc":{"start":{"line":89,"column":8},"end":{"line":311,"column":3}}},"13":{"name":"(anonymous_21)","decl":{"start":{"line":300,"column":25},"end":{"line":300,"column":28}},"loc":{"start":{"line":300,"column":31},"end":{"line":300,"column":60}}}},"branchMap":{"0":{"loc":{"start":{"line":123,"column":22},"end":{"line":123,"column":48}},"type":"cond-expr","locations":[{"start":{"line":123,"column":33},"end":{"line":123,"column":39}},{"start":{"line":123,"column":42},"end":{"line":123,"column":48}}]},"1":{"loc":{"start":{"line":135,"column":18},"end":{"line":135,"column":44}},"type":"cond-expr","locations":[{"start":{"line":135,"column":29},"end":{"line":135,"column":35}},{"start":{"line":135,"column":38},"end":{"line":135,"column":44}}]},"2":{"loc":{"start":{"line":156,"column":11},"end":{"line":185,"column":null}},"type":"binary-expr","locations":[{"start":{"line":156,"column":11},"end":{"line":156,"column":20}},{"start":{"line":157,"column":12},"end":{"line":184,"column":null}}]},"3":{"loc":{"start":{"line":191,"column":31},"end":{"line":191,"column":47}},"type":"cond-expr","locations":[{"start":{"line":191,"column":42},"end":{"line":191,"column":43}},{"start":{"line":191,"column":46},"end":{"line":191,"column":47}}]},"4":{"loc":{"start":{"line":215,"column":13},"end":{"line":305,"column":null}},"type":"cond-expr","locations":[{"start":{"line":216,"column":14},"end":{"line":297,"column":null}},{"start":{"line":299,"column":14},"end":{"line":303,"column":null}}]},"5":{"loc":{"start":{"line":217,"column":16},"end":{"line":239,"column":null}},"type":"binary-expr","locations":[{"start":{"line":217,"column":16},"end":{"line":217,"column":24}},{"start":{"line":217,"column":28},"end":{"line":239,"column":null}}]},"6":{"loc":{"start":{"line":241,"column":16},"end":{"line":251,"column":null}},"type":"binary-expr","locations":[{"start":{"line":241,"column":16},"end":{"line":241,"column":28}},{"start":{"line":242,"column":18},"end":{"line":245,"column":null}}]},"7":{"loc":{"start":{"line":254,"column":16},"end":{"line":262,"column":null}},"type":"binary-expr","locations":[{"start":{"line":254,"column":16},"end":{"line":254,"column":29}},{"start":{"line":255,"column":18},"end":{"line":257,"column":null}}]}},"s":{"0":4,"1":4,"2":4,"3":4,"4":4,"5":4,"6":4,"7":4,"8":4,"9":4,"10":4,"11":4,"12":18,"13":18,"14":18,"15":0,"16":18,"17":1,"18":18,"19":1,"20":18,"21":1,"22":18,"23":1,"24":18,"25":4,"26":18,"27":0,"28":18,"29":1,"30":1,"31":1,"32":1,"33":0,"34":1,"35":18,"36":18,"37":31,"38":31,"39":31,"40":31,"41":31,"42":0,"43":4},"f":{"0":18,"1":0,"2":1,"3":1,"4":1,"5":1,"6":4,"7":0,"8":1,"9":1,"10":18,"11":18,"12":31,"13":0},"b":{"0":[1,30],"1":[1,30],"2":[31,30],"3":[1,30],"4":[8,23],"5":[8,0],"6":[8,2],"7":[8,6]}}
,"C:\\Users\\raghav.khattar\\Desktop\\movie_explorer_reactjs_raghav-main\\src\\pages\\AllMoviesPage.tsx": {"path":"C:\\Users\\raghav.khattar\\Desktop\\movie_explorer_reactjs_raghav-main\\src\\pages\\AllMoviesPage.tsx","statementMap":{"0":{"start":{"line":1,"column":0},"end":{"line":1,"column":39}},"1":{"start":{"line":2,"column":0},"end":{"line":2,"column":45}},"2":{"start":{"line":3,"column":0},"end":{"line":3,"column":42}},"3":{"start":{"line":4,"column":0},"end":{"line":4,"column":null}},"4":{"start":{"line":12,"column":0},"end":{"line":12,"column":48}},"5":{"start":{"line":13,"column":0},"end":{"line":13,"column":33}},"6":{"start":{"line":14,"column":0},"end":{"line":14,"column":48}},"7":{"start":{"line":15,"column":0},"end":{"line":15,"column":68}},"8":{"start":{"line":16,"column":0},"end":{"line":16,"column":40}},"9":{"start":{"line":17,"column":0},"end":{"line":17,"column":44}},"10":{"start":{"line":34,"column":28},"end":{"line":37,"column":2}},"11":{"start":{"line":53,"column":8},"end":{"line":53,"column":21}},"12":{"start":{"line":63,"column":4},"end":{"line":65,"column":6}},"13":{"start":{"line":64,"column":8},"end":{"line":64,"column":58}},"14":{"start":{"line":79,"column":4},"end":{"line":104,"column":6}},"15":{"start":{"line":79,"column":41},"end":{"line":104,"column":6}},"16":{"start":{"line":80,"column":8},"end":{"line":103,"column":9}},"17":{"start":{"line":81,"column":12},"end":{"line":81,"column":47}},"18":{"start":{"line":83,"column":29},"end":{"line":83,"column":53}},"19":{"start":{"line":85,"column":31},"end":{"line":88,"column":15}},"20":{"start":{"line":85,"column":67},"end":{"line":87,"column":null}},"21":{"start":{"line":90,"column":12},"end":{"line":95,"column":15}},"22":{"start":{"line":97,"column":12},"end":{"line":97,"column":65}},"23":{"start":{"line":98,"column":12},"end":{"line":98,"column":60}},"24":{"start":{"line":101,"column":12},"end":{"line":101,"column":59}},"25":{"start":{"line":102,"column":12},"end":{"line":102,"column":48}},"26":{"start":{"line":108,"column":4},"end":{"line":110,"column":null}},"27":{"start":{"line":109,"column":8},"end":{"line":109,"column":32}},"28":{"start":{"line":112,"column":4},"end":{"line":114,"column":6}},"29":{"start":{"line":113,"column":8},"end":{"line":113,"column":51}},"30":{"start":{"line":124,"column":4},"end":{"line":143,"column":6}},"31":{"start":{"line":125,"column":28},"end":{"line":125,"column":33}},"32":{"start":{"line":126,"column":8},"end":{"line":142,"column":10}},"33":{"start":{"line":145,"column":4},"end":{"line":164,"column":6}},"34":{"start":{"line":146,"column":28},"end":{"line":146,"column":33}},"35":{"start":{"line":147,"column":8},"end":{"line":163,"column":10}},"36":{"start":{"line":166,"column":4},"end":{"line":185,"column":6}},"37":{"start":{"line":167,"column":27},"end":{"line":167,"column":28}},"38":{"start":{"line":168,"column":29},"end":{"line":168,"column":30}},"39":{"start":{"line":169,"column":8},"end":{"line":175,"column":9}},"40":{"start":{"line":170,"column":12},"end":{"line":170,"column":29}},"41":{"start":{"line":171,"column":12},"end":{"line":171,"column":31}},"42":{"start":{"line":172,"column":15},"end":{"line":175,"column":9}},"43":{"start":{"line":173,"column":12},"end":{"line":173,"column":29}},"44":{"start":{"line":174,"column":12},"end":{"line":174,"column":31}},"45":{"start":{"line":176,"column":8},"end":{"line":184,"column":10}},"46":{"start":{"line":187,"column":4},"end":{"line":194,"column":6}},"47":{"start":{"line":188,"column":8},"end":{"line":193,"column":11}},"48":{"start":{"line":189,"column":12},"end":{"line":189,"column":29}},"49":{"start":{"line":54,"column":8},"end":{"line":60,"column":10}},"50":{"start":{"line":68,"column":8},"end":{"line":68,"column":65}},"51":{"start":{"line":69,"column":26},"end":{"line":69,"column":61}},"52":{"start":{"line":71,"column":28},"end":{"line":71,"column":67}},"53":{"start":{"line":72,"column":8},"end":{"line":72,"column":38}},"54":{"start":{"line":76,"column":8},"end":{"line":76,"column":68}},"55":{"start":{"line":117,"column":8},"end":{"line":117,"column":44}},"56":{"start":{"line":121,"column":8},"end":{"line":121,"column":77}},"57":{"start":{"line":197,"column":25},"end":{"line":197,"column":46}},"58":{"start":{"line":198,"column":8},"end":{"line":274,"column":10}},"59":{"start":{"line":222,"column":40},"end":{"line":222,"column":57}},"60":{"start":{"line":223,"column":83},"end":{"line":223,"column":106}},"61":{"start":{"line":247,"column":36},"end":{"line":247,"column":53}},"62":{"start":{"line":278,"column":0},"end":{"line":278,"column":39}}},"fnMap":{"0":{"name":"(anonymous_8)","decl":{"start":{"line":52,"column":4},"end":{"line":52,"column":16}},"loc":{"start":{"line":52,"column":36},"end":{"line":61,"column":5}}},"1":{"name":"(anonymous_9)","decl":{"start":{"line":63,"column":23},"end":{"line":63,"column":26}},"loc":{"start":{"line":63,"column":28},"end":{"line":65,"column":5}}},"2":{"name":"(anonymous_10)","decl":{"start":{"line":79,"column":18},"end":{"line":79,"column":25}},"loc":{"start":{"line":79,"column":41},"end":{"line":104,"column":6}}},"3":{"name":"(anonymous_11)","decl":{"start":{"line":79,"column":41},"end":{"line":79,"column":null}},"loc":{"start":{"line":79,"column":41},"end":{"line":104,"column":5}}},"4":{"name":"(anonymous_12)","decl":{"start":{"line":85,"column":51},"end":{"line":85,"column":52}},"loc":{"start":{"line":85,"column":67},"end":{"line":87,"column":null}}},"5":{"name":"(anonymous_13)","decl":{"start":{"line":108,"column":23},"end":{"line":108,"column":24}},"loc":{"start":{"line":108,"column":77},"end":{"line":110,"column":5}}},"6":{"name":"(anonymous_14)","decl":{"start":{"line":112,"column":18},"end":{"line":112,"column":19}},"loc":{"start":{"line":112,"column":40},"end":{"line":114,"column":5}}},"7":{"name":"(anonymous_15)","decl":{"start":{"line":124,"column":16},"end":{"line":124,"column":17}},"loc":{"start":{"line":124,"column":31},"end":{"line":143,"column":5}}},"8":{"name":"(anonymous_16)","decl":{"start":{"line":145,"column":16},"end":{"line":145,"column":17}},"loc":{"start":{"line":145,"column":31},"end":{"line":164,"column":5}}},"9":{"name":"(anonymous_17)","decl":{"start":{"line":166,"column":24},"end":{"line":166,"column":27}},"loc":{"start":{"line":166,"column":29},"end":{"line":185,"column":5}}},"10":{"name":"(anonymous_18)","decl":{"start":{"line":187,"column":22},"end":{"line":187,"column":23}},"loc":{"start":{"line":187,"column":36},"end":{"line":194,"column":5}}},"11":{"name":"(anonymous_19)","decl":{"start":{"line":188,"column":49},"end":{"line":188,"column":50}},"loc":{"start":{"line":189,"column":12},"end":{"line":189,"column":29}}},"12":{"name":"(anonymous_20)","decl":{"start":{"line":67,"column":4},"end":{"line":67,"column":21}},"loc":{"start":{"line":67,"column":21},"end":{"line":73,"column":5}}},"13":{"name":"(anonymous_21)","decl":{"start":{"line":75,"column":4},"end":{"line":75,"column":24}},"loc":{"start":{"line":75,"column":24},"end":{"line":77,"column":5}}},"14":{"name":"(anonymous_22)","decl":{"start":{"line":116,"column":4},"end":{"line":116,"column":8}},"loc":{"start":{"line":116,"column":16},"end":{"line":118,"column":5}}},"15":{"name":"(anonymous_23)","decl":{"start":{"line":120,"column":4},"end":{"line":120,"column":8}},"loc":{"start":{"line":120,"column":16},"end":{"line":122,"column":5}}},"16":{"name":"(anonymous_24)","decl":{"start":{"line":196,"column":4},"end":{"line":196,"column":10}},"loc":{"start":{"line":196,"column":10},"end":{"line":275,"column":5}}},"17":{"name":"(anonymous_25)","decl":{"start":{"line":221,"column":51},"end":{"line":221,"column":52}},"loc":{"start":{"line":222,"column":40},"end":{"line":222,"column":57}}},"18":{"name":"(anonymous_26)","decl":{"start":{"line":223,"column":77},"end":{"line":223,"column":80}},"loc":{"start":{"line":223,"column":83},"end":{"line":223,"column":106}}},"19":{"name":"(anonymous_27)","decl":{"start":{"line":246,"column":60},"end":{"line":246,"column":61}},"loc":{"start":{"line":247,"column":36},"end":{"line":247,"column":53}}}},"branchMap":{"0":{"loc":{"start":{"line":94,"column":28},"end":{"line":94,"column":53}},"type":"binary-expr","locations":[{"start":{"line":94,"column":28},"end":{"line":94,"column":47}},{"start":{"line":94,"column":51},"end":{"line":94,"column":53}}]},"1":{"loc":{"start":{"line":132,"column":27},"end":{"line":132,"column":56}},"type":"cond-expr","locations":[{"start":{"line":132,"column":43},"end":{"line":132,"column":48}},{"start":{"line":132,"column":51},"end":{"line":132,"column":56}}]},"2":{"loc":{"start":{"line":153,"column":26},"end":{"line":153,"column":57}},"type":"cond-expr","locations":[{"start":{"line":153,"column":42},"end":{"line":153,"column":47}},{"start":{"line":153,"column":50},"end":{"line":153,"column":57}}]},"3":{"loc":{"start":{"line":169,"column":8},"end":{"line":175,"column":9}},"type":"if","locations":[{"start":{"line":169,"column":8},"end":{"line":175,"column":9}},{"start":{"line":172,"column":15},"end":{"line":175,"column":9}}]},"4":{"loc":{"start":{"line":172,"column":15},"end":{"line":175,"column":9}},"type":"if","locations":[{"start":{"line":172,"column":15},"end":{"line":175,"column":9}}]},"5":{"loc":{"start":{"line":187,"column":23},"end":{"line":187,"column":32}},"type":"default-arg","locations":[{"start":{"line":187,"column":31},"end":{"line":187,"column":32}}]},"6":{"loc":{"start":{"line":189,"column":56},"end":{"line":189,"column":84}},"type":"cond-expr","locations":[{"start":{"line":189,"column":72},"end":{"line":189,"column":78}},{"start":{"line":189,"column":81},"end":{"line":189,"column":84}}]},"7":{"loc":{"start":{"line":71,"column":28},"end":{"line":71,"column":67}},"type":"cond-expr","locations":[{"start":{"line":71,"column":40},"end":{"line":71,"column":63}},{"start":{"line":71,"column":66},"end":{"line":71,"column":67}}]},"8":{"loc":{"start":{"line":121,"column":15},"end":{"line":121,"column":76}},"type":"binary-expr","locations":[{"start":{"line":121,"column":15},"end":{"line":121,"column":44}},{"start":{"line":121,"column":48},"end":{"line":121,"column":76}}]},"9":{"loc":{"start":{"line":197,"column":25},"end":{"line":197,"column":46}},"type":"cond-expr","locations":[{"start":{"line":197,"column":41},"end":{"line":197,"column":42}},{"start":{"line":197,"column":45},"end":{"line":197,"column":46}}]},"10":{"loc":{"start":{"line":216,"column":85},"end":{"line":216,"column":116}},"type":"cond-expr","locations":[{"start":{"line":216,"column":101},"end":{"line":216,"column":107}},{"start":{"line":216,"column":110},"end":{"line":216,"column":116}}]},"11":{"loc":{"start":{"line":230,"column":52},"end":{"line":230,"column":83}},"type":"cond-expr","locations":[{"start":{"line":230,"column":68},"end":{"line":230,"column":74}},{"start":{"line":230,"column":77},"end":{"line":230,"column":83}}]},"12":{"loc":{"start":{"line":244,"column":29},"end":{"line":250,"column":34}},"type":"cond-expr","locations":[{"start":{"line":245,"column":34},"end":{"line":245,"column":77}},{"start":{"line":246,"column":34},"end":{"line":250,"column":34}}]},"13":{"loc":{"start":{"line":245,"column":55},"end":{"line":245,"column":76}},"type":"cond-expr","locations":[{"start":{"line":245,"column":71},"end":{"line":245,"column":72}},{"start":{"line":245,"column":75},"end":{"line":245,"column":76}}]},"14":{"loc":{"start":{"line":247,"column":81},"end":{"line":247,"column":112}},"type":"cond-expr","locations":[{"start":{"line":247,"column":97},"end":{"line":247,"column":103}},{"start":{"line":247,"column":106},"end":{"line":247,"column":112}}]}},"s":{"0":1,"1":1,"2":1,"3":1,"4":1,"5":1,"6":1,"7":1,"8":1,"9":1,"10":1,"11":3,"12":3,"13":0,"14":3,"15":3,"16":3,"17":3,"18":3,"19":3,"20":2,"21":3,"22":3,"23":3,"24":0,"25":0,"26":3,"27":0,"28":3,"29":0,"30":3,"31":7,"32":7,"33":3,"34":7,"35":7,"36":3,"37":7,"38":7,"39":7,"40":0,"41":0,"42":7,"43":0,"44":0,"45":7,"46":3,"47":6,"48":36,"49":3,"50":3,"51":3,"52":3,"53":3,"54":3,"55":84,"56":7,"57":7,"58":7,"59":56,"60":0,"61":0,"62":1},"f":{"0":3,"1":0,"2":3,"3":3,"4":2,"5":0,"6":0,"7":7,"8":7,"9":7,"10":6,"11":36,"12":3,"13":3,"14":84,"15":7,"16":7,"17":56,"18":0,"19":0},"b":{"0":[3,0],"1":[0,7],"2":[0,7],"3":[0,7],"4":[0],"5":[0],"6":[0,36],"7":[2,1],"8":[7,7],"9":[0,7],"10":[0,7],"11":[0,7],"12":[6,1],"13":[0,6],"14":[0,0]}}
,"C:\\Users\\raghav.khattar\\Desktop\\movie_explorer_reactjs_raghav-main\\src\\pages\\AuthPage.tsx": {"path":"C:\\Users\\raghav.khattar\\Desktop\\movie_explorer_reactjs_raghav-main\\src\\pages\\AuthPage.tsx","statementMap":{"0":{"start":{"line":1,"column":0},"end":{"line":1,"column":34}},"1":{"start":{"line":2,"column":0},"end":{"line":2,"column":52}},"2":{"start":{"line":3,"column":0},"end":{"line":3,"column":36}},"3":{"start":{"line":4,"column":0},"end":{"line":4,"column":48}},"4":{"start":{"line":5,"column":0},"end":{"line":5,"column":40}},"5":{"start":{"line":6,"column":0},"end":{"line":6,"column":50}},"6":{"start":{"line":7,"column":0},"end":{"line":7,"column":48}},"7":{"start":{"line":8,"column":0},"end":{"line":8,"column":42}},"8":{"start":{"line":9,"column":0},"end":{"line":9,"column":40}},"9":{"start":{"line":10,"column":0},"end":{"line":10,"column":42}},"10":{"start":{"line":11,"column":0},"end":{"line":11,"column":51}},"11":{"start":{"line":12,"column":0},"end":{"line":12,"column":55}},"12":{"start":{"line":13,"column":0},"end":{"line":13,"column":47}},"13":{"start":{"line":14,"column":0},"end":{"line":14,"column":57}},"14":{"start":{"line":38,"column":4},"end":{"line":38,"column":17}},"15":{"start":{"line":51,"column":2},"end":{"line":95,"column":4}},"16":{"start":{"line":52,"column":80},"end":{"line":52,"column":90}},"17":{"start":{"line":53,"column":48},"end":{"line":53,"column":50}},"18":{"start":{"line":54,"column":18},"end":{"line":54,"column":22}},"19":{"start":{"line":56,"column":23},"end":{"line":56,"column":51}},"20":{"start":{"line":58,"column":4},"end":{"line":61,"column":5}},"21":{"start":{"line":59,"column":6},"end":{"line":59,"column":43}},"22":{"start":{"line":60,"column":6},"end":{"line":60,"column":22}},"23":{"start":{"line":63,"column":4},"end":{"line":66,"column":5}},"24":{"start":{"line":64,"column":6},"end":{"line":64,"column":65}},"25":{"start":{"line":65,"column":6},"end":{"line":65,"column":22}},"26":{"start":{"line":68,"column":4},"end":{"line":83,"column":5}},"27":{"start":{"line":69,"column":6},"end":{"line":72,"column":7}},"28":{"start":{"line":70,"column":8},"end":{"line":70,"column":41}},"29":{"start":{"line":71,"column":8},"end":{"line":71,"column":24}},"30":{"start":{"line":74,"column":6},"end":{"line":77,"column":7}},"31":{"start":{"line":75,"column":8},"end":{"line":75,"column":59}},"32":{"start":{"line":76,"column":8},"end":{"line":76,"column":24}},"33":{"start":{"line":79,"column":6},"end":{"line":82,"column":7}},"34":{"start":{"line":80,"column":8},"end":{"line":80,"column":63}},"35":{"start":{"line":81,"column":8},"end":{"line":81,"column":24}},"36":{"start":{"line":85,"column":4},"end":{"line":85,"column":48}},"37":{"start":{"line":87,"column":4},"end":{"line":92,"column":5}},"38":{"start":{"line":88,"column":28},"end":{"line":88,"column":60}},"39":{"start":{"line":89,"column":6},"end":{"line":91,"column":9}},"40":{"start":{"line":94,"column":4},"end":{"line":94,"column":19}},"41":{"start":{"line":97,"column":2},"end":{"line":99,"column":4}},"42":{"start":{"line":98,"column":4},"end":{"line":98,"column":88}},"43":{"start":{"line":98,"column":32},"end":{"line":98,"column":85}},"44":{"start":{"line":101,"column":2},"end":{"line":148,"column":4}},"45":{"start":{"line":101,"column":28},"end":{"line":148,"column":4}},"46":{"start":{"line":102,"column":4},"end":{"line":102,"column":37}},"47":{"start":{"line":102,"column":30},"end":{"line":102,"column":37}},"48":{"start":{"line":104,"column":80},"end":{"line":104,"column":90}},"49":{"start":{"line":105,"column":4},"end":{"line":105,"column":37}},"50":{"start":{"line":107,"column":17},"end":{"line":110,"column":6}},"51":{"start":{"line":113,"column":4},"end":{"line":147,"column":5}},"52":{"start":{"line":114,"column":6},"end":{"line":141,"column":7}},"53":{"start":{"line":115,"column":25},"end":{"line":115,"column":49}},"54":{"start":{"line":116,"column":8},"end":{"line":116,"column":77}},"55":{"start":{"line":117,"column":8},"end":{"line":117,"column":57}},"56":{"start":{"line":119,"column":8},"end":{"line":121,"column":11}},"57":{"start":{"line":123,"column":8},"end":{"line":123,"column":33}},"58":{"start":{"line":125,"column":21},"end":{"line":131,"column":10}},"59":{"start":{"line":132,"column":25},"end":{"line":132,"column":50}},"60":{"start":{"line":133,"column":8},"end":{"line":133,"column":52}},"61":{"start":{"line":136,"column":8},"end":{"line":138,"column":11}},"62":{"start":{"line":143,"column":6},"end":{"line":143,"column":41}},"63":{"start":{"line":144,"column":6},"end":{"line":144,"column":58}},"64":{"start":{"line":146,"column":6},"end":{"line":146,"column":40}},"65":{"start":{"line":150,"column":2},"end":{"line":152,"column":4}},"66":{"start":{"line":151,"column":4},"end":{"line":151,"column":29}},"67":{"start":{"line":39,"column":4},"end":{"line":48,"column":6}},"68":{"start":{"line":155,"column":107},"end":{"line":155,"column":117}},"69":{"start":{"line":156,"column":24},"end":{"line":156,"column":41}},"70":{"start":{"line":157,"column":21},"end":{"line":157,"column":39}},"71":{"start":{"line":158,"column":21},"end":{"line":158,"column":60}},"72":{"start":{"line":160,"column":4},"end":{"line":479,"column":6}},"73":{"start":{"line":292,"column":35},"end":{"line":292,"column":67}},"74":{"start":{"line":307,"column":35},"end":{"line":307,"column":68}},"75":{"start":{"line":317,"column":39},"end":{"line":317,"column":79}},"76":{"start":{"line":347,"column":37},"end":{"line":347,"column":78}},"77":{"start":{"line":373,"column":37},"end":{"line":373,"column":81}},"78":{"start":{"line":402,"column":39},"end":{"line":402,"column":91}},"79":{"start":{"line":432,"column":39},"end":{"line":432,"column":88}},"80":{"start":{"line":483,"column":0},"end":{"line":483,"column":38}}},"fnMap":{"0":{"name":"(anonymous_8)","decl":{"start":{"line":37,"column":2},"end":{"line":37,"column":14}},"loc":{"start":{"line":37,"column":30},"end":{"line":49,"column":3}}},"1":{"name":"(anonymous_9)","decl":{"start":{"line":51,"column":17},"end":{"line":51,"column":29}},"loc":{"start":{"line":51,"column":31},"end":{"line":95,"column":3}}},"2":{"name":"(anonymous_10)","decl":{"start":{"line":97,"column":15},"end":{"line":97,"column":18}},"loc":{"start":{"line":97,"column":20},"end":{"line":99,"column":3}}},"3":{"name":"(anonymous_11)","decl":{"start":{"line":98,"column":18},"end":{"line":98,"column":27}},"loc":{"start":{"line":98,"column":32},"end":{"line":98,"column":85}}},"4":{"name":"(anonymous_12)","decl":{"start":{"line":101,"column":17},"end":{"line":101,"column":26}},"loc":{"start":{"line":101,"column":28},"end":{"line":148,"column":4}}},"5":{"name":"(anonymous_13)","decl":{"start":{"line":101,"column":28},"end":{"line":101,"column":null}},"loc":{"start":{"line":101,"column":28},"end":{"line":148,"column":3}}},"6":{"name":"(anonymous_14)","decl":{"start":{"line":150,"column":16},"end":{"line":150,"column":19}},"loc":{"start":{"line":150,"column":21},"end":{"line":152,"column":3}}},"7":{"name":"(anonymous_15)","decl":{"start":{"line":154,"column":2},"end":{"line":154,"column":8}},"loc":{"start":{"line":154,"column":8},"end":{"line":480,"column":3}}},"8":{"name":"(anonymous_16)","decl":{"start":{"line":292,"column":29},"end":{"line":292,"column":32}},"loc":{"start":{"line":292,"column":35},"end":{"line":292,"column":67}}},"9":{"name":"(anonymous_17)","decl":{"start":{"line":307,"column":29},"end":{"line":307,"column":32}},"loc":{"start":{"line":307,"column":35},"end":{"line":307,"column":68}}},"10":{"name":"(anonymous_18)","decl":{"start":{"line":317,"column":30},"end":{"line":317,"column":31}},"loc":{"start":{"line":317,"column":36},"end":{"line":317,"column":80}}},"11":{"name":"(anonymous_19)","decl":{"start":{"line":347,"column":28},"end":{"line":347,"column":29}},"loc":{"start":{"line":347,"column":34},"end":{"line":347,"column":79}}},"12":{"name":"(anonymous_20)","decl":{"start":{"line":373,"column":28},"end":{"line":373,"column":29}},"loc":{"start":{"line":373,"column":34},"end":{"line":373,"column":82}}},"13":{"name":"(anonymous_21)","decl":{"start":{"line":402,"column":30},"end":{"line":402,"column":31}},"loc":{"start":{"line":402,"column":36},"end":{"line":402,"column":92}}},"14":{"name":"(anonymous_22)","decl":{"start":{"line":432,"column":30},"end":{"line":432,"column":31}},"loc":{"start":{"line":432,"column":36},"end":{"line":432,"column":89}}}},"branchMap":{"0":{"loc":{"start":{"line":58,"column":4},"end":{"line":61,"column":5}},"type":"if","locations":[{"start":{"line":58,"column":4},"end":{"line":61,"column":5}}]},"1":{"loc":{"start":{"line":58,"column":8},"end":{"line":58,"column":41}},"type":"binary-expr","locations":[{"start":{"line":58,"column":8},"end":{"line":58,"column":14}},{"start":{"line":58,"column":18},"end":{"line":58,"column":41}}]},"2":{"loc":{"start":{"line":63,"column":4},"end":{"line":66,"column":5}},"type":"if","locations":[{"start":{"line":63,"column":4},"end":{"line":66,"column":5}}]},"3":{"loc":{"start":{"line":63,"column":8},"end":{"line":63,"column":40}},"type":"binary-expr","locations":[{"start":{"line":63,"column":8},"end":{"line":63,"column":17}},{"start":{"line":63,"column":21},"end":{"line":63,"column":40}}]},"4":{"loc":{"start":{"line":68,"column":4},"end":{"line":83,"column":5}},"type":"if","locations":[{"start":{"line":68,"column":4},"end":{"line":83,"column":5}}]},"5":{"loc":{"start":{"line":69,"column":6},"end":{"line":72,"column":7}},"type":"if","locations":[{"start":{"line":69,"column":6},"end":{"line":72,"column":7}}]},"6":{"loc":{"start":{"line":74,"column":6},"end":{"line":77,"column":7}},"type":"if","locations":[{"start":{"line":74,"column":6},"end":{"line":77,"column":7}}]},"7":{"loc":{"start":{"line":74,"column":10},"end":{"line":74,"column":60}},"type":"binary-expr","locations":[{"start":{"line":74,"column":10},"end":{"line":74,"column":27}},{"start":{"line":74,"column":31},"end":{"line":74,"column":60}}]},"8":{"loc":{"start":{"line":79,"column":6},"end":{"line":82,"column":7}},"type":"if","locations":[{"start":{"line":79,"column":6},"end":{"line":82,"column":7}}]},"9":{"loc":{"start":{"line":79,"column":10},"end":{"line":79,"column":59}},"type":"binary-expr","locations":[{"start":{"line":79,"column":10},"end":{"line":79,"column":24}},{"start":{"line":79,"column":28},"end":{"line":79,"column":59}}]},"10":{"loc":{"start":{"line":87,"column":4},"end":{"line":92,"column":5}},"type":"if","locations":[{"start":{"line":87,"column":4},"end":{"line":92,"column":5}}]},"11":{"loc":{"start":{"line":90,"column":18},"end":{"line":90,"column":71}},"type":"cond-expr","locations":[{"start":{"line":90,"column":45},"end":{"line":90,"column":57}},{"start":{"line":90,"column":60},"end":{"line":90,"column":71}}]},"12":{"loc":{"start":{"line":102,"column":4},"end":{"line":102,"column":37}},"type":"if","locations":[{"start":{"line":102,"column":4},"end":{"line":102,"column":37}}]},"13":{"loc":{"start":{"line":114,"column":6},"end":{"line":141,"column":7}},"type":"if","locations":[{"start":{"line":114,"column":6},"end":{"line":141,"column":7}},{"start":{"line":124,"column":13},"end":{"line":141,"column":7}}]},"14":{"loc":{"start":{"line":120,"column":20},"end":{"line":120,"column":73}},"type":"cond-expr","locations":[{"start":{"line":120,"column":47},"end":{"line":120,"column":59}},{"start":{"line":120,"column":62},"end":{"line":120,"column":73}}]},"15":{"loc":{"start":{"line":137,"column":20},"end":{"line":137,"column":73}},"type":"cond-expr","locations":[{"start":{"line":137,"column":47},"end":{"line":137,"column":59}},{"start":{"line":137,"column":62},"end":{"line":137,"column":73}}]},"16":{"loc":{"start":{"line":158,"column":21},"end":{"line":158,"column":60}},"type":"binary-expr","locations":[{"start":{"line":158,"column":21},"end":{"line":158,"column":38}},{"start":{"line":158,"column":42},"end":{"line":158,"column":60}}]},"17":{"loc":{"start":{"line":164,"column":20},"end":{"line":164,"column":57}},"type":"cond-expr","locations":[{"start":{"line":164,"column":31},"end":{"line":164,"column":43}},{"start":{"line":164,"column":46},"end":{"line":164,"column":57}}]},"18":{"loc":{"start":{"line":269,"column":23},"end":{"line":269,"column":38}},"type":"cond-expr","locations":[{"start":{"line":269,"column":33},"end":{"line":269,"column":34}},{"start":{"line":269,"column":37},"end":{"line":269,"column":38}}]},"19":{"loc":{"start":{"line":283,"column":32},"end":{"line":283,"column":60}},"type":"cond-expr","locations":[{"start":{"line":283,"column":55},"end":{"line":283,"column":56}},{"start":{"line":283,"column":59},"end":{"line":283,"column":60}}]},"20":{"loc":{"start":{"line":283,"column":32},"end":{"line":283,"column":52}},"type":"binary-expr","locations":[{"start":{"line":283,"column":32},"end":{"line":283,"column":40}},{"start":{"line":283,"column":44},"end":{"line":283,"column":52}}]},"21":{"loc":{"start":{"line":289,"column":36},"end":{"line":289,"column":74}},"type":"cond-expr","locations":[{"start":{"line":289,"column":46},"end":{"line":289,"column":65}},{"start":{"line":289,"column":68},"end":{"line":289,"column":74}}]},"22":{"loc":{"start":{"line":290,"column":37},"end":{"line":290,"column":52}},"type":"cond-expr","locations":[{"start":{"line":290,"column":47},"end":{"line":290,"column":48}},{"start":{"line":290,"column":51},"end":{"line":290,"column":52}}]},"23":{"loc":{"start":{"line":298,"column":32},"end":{"line":298,"column":60}},"type":"cond-expr","locations":[{"start":{"line":298,"column":55},"end":{"line":298,"column":56}},{"start":{"line":298,"column":59},"end":{"line":298,"column":60}}]},"24":{"loc":{"start":{"line":298,"column":32},"end":{"line":298,"column":52}},"type":"binary-expr","locations":[{"start":{"line":298,"column":32},"end":{"line":298,"column":40}},{"start":{"line":298,"column":44},"end":{"line":298,"column":52}}]},"25":{"loc":{"start":{"line":304,"column":36},"end":{"line":304,"column":75}},"type":"cond-expr","locations":[{"start":{"line":304,"column":47},"end":{"line":304,"column":66}},{"start":{"line":304,"column":69},"end":{"line":304,"column":75}}]},"26":{"loc":{"start":{"line":305,"column":37},"end":{"line":305,"column":53}},"type":"cond-expr","locations":[{"start":{"line":305,"column":48},"end":{"line":305,"column":49}},{"start":{"line":305,"column":52},"end":{"line":305,"column":53}}]},"27":{"loc":{"start":{"line":313,"column":17},"end":{"line":339,"column":null}},"type":"binary-expr","locations":[{"start":{"line":313,"column":17},"end":{"line":313,"column":25}},{"start":{"line":314,"column":18},"end":{"line":338,"column":null}}]},"28":{"loc":{"start":{"line":321,"column":26},"end":{"line":321,"column":68}},"type":"cond-expr","locations":[{"start":{"line":321,"column":49},"end":{"line":321,"column":56}},{"start":{"line":321,"column":59},"end":{"line":321,"column":68}}]},"29":{"loc":{"start":{"line":321,"column":26},"end":{"line":321,"column":46}},"type":"binary-expr","locations":[{"start":{"line":321,"column":26},"end":{"line":321,"column":34}},{"start":{"line":321,"column":38},"end":{"line":321,"column":46}}]},"30":{"loc":{"start":{"line":351,"column":24},"end":{"line":351,"column":66}},"type":"cond-expr","locations":[{"start":{"line":351,"column":47},"end":{"line":351,"column":54}},{"start":{"line":351,"column":57},"end":{"line":351,"column":66}}]},"31":{"loc":{"start":{"line":351,"column":24},"end":{"line":351,"column":44}},"type":"binary-expr","locations":[{"start":{"line":351,"column":24},"end":{"line":351,"column":32}},{"start":{"line":351,"column":36},"end":{"line":351,"column":44}}]},"32":{"loc":{"start":{"line":377,"column":24},"end":{"line":377,"column":66}},"type":"cond-expr","locations":[{"start":{"line":377,"column":47},"end":{"line":377,"column":54}},{"start":{"line":377,"column":57},"end":{"line":377,"column":66}}]},"33":{"loc":{"start":{"line":377,"column":24},"end":{"line":377,"column":44}},"type":"binary-expr","locations":[{"start":{"line":377,"column":24},"end":{"line":377,"column":32}},{"start":{"line":377,"column":36},"end":{"line":377,"column":44}}]},"34":{"loc":{"start":{"line":397,"column":17},"end":{"line":424,"column":null}},"type":"binary-expr","locations":[{"start":{"line":397,"column":17},"end":{"line":397,"column":25}},{"start":{"line":398,"column":18},"end":{"line":423,"column":null}}]},"35":{"loc":{"start":{"line":406,"column":26},"end":{"line":406,"column":68}},"type":"cond-expr","locations":[{"start":{"line":406,"column":49},"end":{"line":406,"column":56}},{"start":{"line":406,"column":59},"end":{"line":406,"column":68}}]},"36":{"loc":{"start":{"line":406,"column":26},"end":{"line":406,"column":46}},"type":"binary-expr","locations":[{"start":{"line":406,"column":26},"end":{"line":406,"column":34}},{"start":{"line":406,"column":38},"end":{"line":406,"column":46}}]},"37":{"loc":{"start":{"line":427,"column":17},"end":{"line":456,"column":null}},"type":"binary-expr","locations":[{"start":{"line":427,"column":17},"end":{"line":427,"column":25}},{"start":{"line":428,"column":18},"end":{"line":455,"column":null}}]},"38":{"loc":{"start":{"line":437,"column":26},"end":{"line":437,"column":68}},"type":"cond-expr","locations":[{"start":{"line":437,"column":49},"end":{"line":437,"column":56}},{"start":{"line":437,"column":59},"end":{"line":437,"column":68}}]},"39":{"loc":{"start":{"line":437,"column":26},"end":{"line":437,"column":46}},"type":"binary-expr","locations":[{"start":{"line":437,"column":26},"end":{"line":437,"column":34}},{"start":{"line":437,"column":38},"end":{"line":437,"column":46}}]},"40":{"loc":{"start":{"line":469,"column":28},"end":{"line":469,"column":63}},"type":"cond-expr","locations":[{"start":{"line":469,"column":38},"end":{"line":469,"column":51}},{"start":{"line":469,"column":54},"end":{"line":469,"column":63}}]},"41":{"loc":{"start":{"line":472,"column":19},"end":{"line":472,"column":48}},"type":"cond-expr","locations":[{"start":{"line":472,"column":29},"end":{"line":472,"column":36}},{"start":{"line":472,"column":39},"end":{"line":472,"column":48}}]}},"s":{"0":1,"1":1,"2":1,"3":1,"4":1,"5":1,"6":1,"7":1,"8":1,"9":1,"10":1,"11":1,"12":1,"13":1,"14":8,"15":8,"16":6,"17":6,"18":6,"19":6,"20":6,"21":2,"22":2,"23":6,"24":2,"25":2,"26":6,"27":3,"28":1,"29":1,"30":3,"31":1,"32":1,"33":3,"34":1,"35":1,"36":6,"37":6,"38":2,"39":2,"40":6,"41":8,"42":0,"43":0,"44":8,"45":6,"46":6,"47":2,"48":4,"49":4,"50":4,"51":4,"52":4,"53":2,"54":1,"55":1,"56":1,"57":1,"58":2,"59":2,"60":1,"61":1,"62":2,"63":2,"64":4,"65":8,"66":0,"67":8,"68":188,"69":188,"70":188,"71":188,"72":188,"73":0,"74":4,"75":16,"76":64,"77":44,"78":22,"79":20,"80":1},"f":{"0":8,"1":6,"2":0,"3":0,"4":6,"5":6,"6":0,"7":188,"8":0,"9":4,"10":16,"11":64,"12":44,"13":22,"14":20},"b":{"0":[2],"1":[6,4],"2":[2],"3":[6,4],"4":[3],"5":[1],"6":[1],"7":[3,2],"8":[1],"9":[3,2],"10":[2],"11":[0,2],"12":[2],"13":[2,2],"14":[0,1],"15":[0,1],"16":[188,188],"17":[0,188],"18":[67,121],"19":[0,188],"20":[188,188],"21":[67,121],"22":[67,121],"23":[0,188],"24":[188,188],"25":[121,67],"26":[121,67],"27":[188,121],"28":[0,121],"29":[121,121],"30":[0,188],"31":[188,188],"32":[0,188],"33":[188,188],"34":[188,121],"35":[0,121],"36":[121,121],"37":[188,121],"38":[0,121],"39":[121,121],"40":[4,184],"41":[67,121]}}
,"C:\\Users\\raghav.khattar\\Desktop\\movie_explorer_reactjs_raghav-main\\src\\pages\\GenrePage.tsx": {"path":"C:\\Users\\raghav.khattar\\Desktop\\movie_explorer_reactjs_raghav-main\\src\\pages\\GenrePage.tsx","statementMap":{"0":{"start":{"line":1,"column":0},"end":{"line":1,"column":44}},"1":{"start":{"line":2,"column":0},"end":{"line":2,"column":44}},"2":{"start":{"line":3,"column":0},"end":{"line":3,"column":41}},"3":{"start":{"line":4,"column":0},"end":{"line":4,"column":68}},"4":{"start":{"line":5,"column":0},"end":{"line":5,"column":47}},"5":{"start":{"line":6,"column":0},"end":{"line":6,"column":47}},"6":{"start":{"line":7,"column":0},"end":{"line":7,"column":43}},"7":{"start":{"line":24,"column":18},"end":{"line":81,"column":1}},"8":{"start":{"line":25,"column":20},"end":{"line":25,"column":50}},"9":{"start":{"line":26,"column":46},"end":{"line":26,"column":67}},"10":{"start":{"line":27,"column":32},"end":{"line":27,"column":46}},"11":{"start":{"line":29,"column":2},"end":{"line":37,"column":14}},"12":{"start":{"line":30,"column":22},"end":{"line":34,"column":6}},"13":{"start":{"line":30,"column":33},"end":{"line":34,"column":6}},"14":{"start":{"line":31,"column":21},"end":{"line":31,"column":56}},"15":{"start":{"line":32,"column":6},"end":{"line":32,"column":32}},"16":{"start":{"line":33,"column":6},"end":{"line":33,"column":24}},"17":{"start":{"line":36,"column":4},"end":{"line":36,"column":16}},"18":{"start":{"line":39,"column":26},"end":{"line":47,"column":3}},"19":{"start":{"line":40,"column":4},"end":{"line":46,"column":7}},"20":{"start":{"line":41,"column":6},"end":{"line":41,"column":23}},"21":{"start":{"line":49,"column":2},"end":{"line":80,"column":4}},"22":{"start":{"line":74,"column":14},"end":{"line":74,"column":37}},"23":{"start":{"line":83,"column":0},"end":{"line":83,"column":25}}},"fnMap":{"0":{"name":"(anonymous_8)","decl":{"start":{"line":24,"column":18},"end":{"line":24,"column":21}},"loc":{"start":{"line":24,"column":23},"end":{"line":81,"column":1}}},"1":{"name":"(anonymous_9)","decl":{"start":{"line":29,"column":12},"end":{"line":29,"column":15}},"loc":{"start":{"line":29,"column":17},"end":{"line":37,"column":3}}},"2":{"name":"(anonymous_10)","decl":{"start":{"line":30,"column":22},"end":{"line":30,"column":31}},"loc":{"start":{"line":30,"column":33},"end":{"line":34,"column":6}}},"3":{"name":"(anonymous_11)","decl":{"start":{"line":30,"column":33},"end":{"line":30,"column":null}},"loc":{"start":{"line":30,"column":33},"end":{"line":34,"column":5}}},"4":{"name":"(anonymous_12)","decl":{"start":{"line":39,"column":26},"end":{"line":39,"column":29}},"loc":{"start":{"line":39,"column":31},"end":{"line":47,"column":3}}},"5":{"name":"(anonymous_13)","decl":{"start":{"line":40,"column":41},"end":{"line":40,"column":42}},"loc":{"start":{"line":41,"column":6},"end":{"line":41,"column":23}}},"6":{"name":"(anonymous_14)","decl":{"start":{"line":73,"column":33},"end":{"line":73,"column":34}},"loc":{"start":{"line":74,"column":14},"end":{"line":74,"column":37}}}},"branchMap":{"0":{"loc":{"start":{"line":31,"column":44},"end":{"line":31,"column":55}},"type":"binary-expr","locations":[{"start":{"line":31,"column":44},"end":{"line":31,"column":49}},{"start":{"line":31,"column":53},"end":{"line":31,"column":55}}]},"1":{"loc":{"start":{"line":68,"column":12},"end":{"line":68,"column":48}},"type":"binary-expr","locations":[{"start":{"line":68,"column":12},"end":{"line":68,"column":32}},{"start":{"line":68,"column":36},"end":{"line":68,"column":48}}]},"2":{"loc":{"start":{"line":68,"column":12},"end":{"line":68,"column":32}},"type":"cond-expr","locations":[{"start":{"line":68,"column":17},"end":{"line":68,"column":19}},{"start":{"line":68,"column":12},"end":{"line":68,"column":32}}]},"3":{"loc":{"start":{"line":68,"column":12},"end":{"line":68,"column":19}},"type":"binary-expr","locations":[{"start":{"line":68,"column":12},"end":{"line":68,"column":19}},{"start":{"line":68,"column":12},"end":{"line":68,"column":19}}]},"4":{"loc":{"start":{"line":71,"column":11},"end":{"line":75,"column":14}},"type":"cond-expr","locations":[{"start":{"line":72,"column":14},"end":{"line":72,"column":31}},{"start":{"line":73,"column":14},"end":{"line":75,"column":14}}]}},"s":{"0":1,"1":1,"2":1,"3":1,"4":1,"5":1,"6":1,"7":1,"8":6,"9":6,"10":6,"11":6,"12":4,"13":4,"14":4,"15":3,"16":3,"17":4,"18":6,"19":4,"20":24,"21":6,"22":2,"23":1},"f":{"0":6,"1":4,"2":4,"3":4,"4":4,"5":24,"6":2},"b":{"0":[4,0],"1":[6,0],"2":[0,6],"3":[6,6],"4":[4,2]}}
,"C:\\Users\\raghav.khattar\\Desktop\\movie_explorer_reactjs_raghav-main\\src\\pages\\HomePage.tsx": {"path":"C:\\Users\\raghav.khattar\\Desktop\\movie_explorer_reactjs_raghav-main\\src\\pages\\HomePage.tsx","statementMap":{"0":{"start":{"line":1,"column":0},"end":{"line":1,"column":34}},"1":{"start":{"line":2,"column":0},"end":{"line":2,"column":45}},"2":{"start":{"line":3,"column":0},"end":{"line":3,"column":42}},"3":{"start":{"line":4,"column":0},"end":{"line":4,"column":null}},"4":{"start":{"line":11,"column":0},"end":{"line":11,"column":46}},"5":{"start":{"line":12,"column":0},"end":{"line":12,"column":48}},"6":{"start":{"line":13,"column":0},"end":{"line":13,"column":40}},"7":{"start":{"line":14,"column":0},"end":{"line":14,"column":46}},"8":{"start":{"line":15,"column":0},"end":{"line":15,"column":33}},"9":{"start":{"line":16,"column":0},"end":{"line":16,"column":68}},"10":{"start":{"line":17,"column":0},"end":{"line":17,"column":48}},"11":{"start":{"line":18,"column":0},"end":{"line":18,"column":40}},"12":{"start":{"line":19,"column":0},"end":{"line":19,"column":47}},"13":{"start":{"line":20,"column":0},"end":{"line":20,"column":62}},"14":{"start":{"line":47,"column":28},"end":{"line":50,"column":2}},"15":{"start":{"line":54,"column":4},"end":{"line":54,"column":17}},"16":{"start":{"line":62,"column":2},"end":{"line":64,"column":4}},"17":{"start":{"line":63,"column":4},"end":{"line":63,"column":54}},"18":{"start":{"line":88,"column":2},"end":{"line":90,"column":4}},"19":{"start":{"line":89,"column":4},"end":{"line":89,"column":47}},"20":{"start":{"line":100,"column":2},"end":{"line":119,"column":4}},"21":{"start":{"line":101,"column":24},"end":{"line":101,"column":29}},"22":{"start":{"line":102,"column":4},"end":{"line":118,"column":6}},"23":{"start":{"line":121,"column":2},"end":{"line":140,"column":4}},"24":{"start":{"line":122,"column":24},"end":{"line":122,"column":29}},"25":{"start":{"line":123,"column":4},"end":{"line":139,"column":6}},"26":{"start":{"line":142,"column":2},"end":{"line":228,"column":4}},"27":{"start":{"line":143,"column":22},"end":{"line":162,"column":5}},"28":{"start":{"line":144,"column":26},"end":{"line":144,"column":31}},"29":{"start":{"line":145,"column":6},"end":{"line":161,"column":8}},"30":{"start":{"line":164,"column":22},"end":{"line":183,"column":5}},"31":{"start":{"line":165,"column":26},"end":{"line":165,"column":31}},"32":{"start":{"line":166,"column":6},"end":{"line":182,"column":8}},"33":{"start":{"line":185,"column":23},"end":{"line":185,"column":24}},"34":{"start":{"line":186,"column":25},"end":{"line":186,"column":26}},"35":{"start":{"line":187,"column":4},"end":{"line":193,"column":5}},"36":{"start":{"line":188,"column":6},"end":{"line":188,"column":23}},"37":{"start":{"line":189,"column":6},"end":{"line":189,"column":25}},"38":{"start":{"line":190,"column":11},"end":{"line":193,"column":5}},"39":{"start":{"line":191,"column":6},"end":{"line":191,"column":23}},"40":{"start":{"line":192,"column":6},"end":{"line":192,"column":25}},"41":{"start":{"line":195,"column":4},"end":{"line":227,"column":6}},"42":{"start":{"line":231,"column":2},"end":{"line":239,"column":4}},"43":{"start":{"line":232,"column":4},"end":{"line":238,"column":7}},"44":{"start":{"line":233,"column":6},"end":{"line":233,"column":23}},"45":{"start":{"line":55,"column":4},"end":{"line":59,"column":6}},"46":{"start":{"line":67,"column":4},"end":{"line":67,"column":61}},"47":{"start":{"line":68,"column":4},"end":{"line":79,"column":5}},"48":{"start":{"line":69,"column":23},"end":{"line":69,"column":46}},"49":{"start":{"line":70,"column":6},"end":{"line":70,"column":55}},"50":{"start":{"line":72,"column":6},"end":{"line":75,"column":9}},"51":{"start":{"line":77,"column":6},"end":{"line":77,"column":53}},"52":{"start":{"line":78,"column":6},"end":{"line":78,"column":42}},"53":{"start":{"line":85,"column":4},"end":{"line":85,"column":64}},"54":{"start":{"line":93,"column":4},"end":{"line":93,"column":40}},"55":{"start":{"line":97,"column":4},"end":{"line":97,"column":73}},"56":{"start":{"line":242,"column":38},"end":{"line":242,"column":48}},"57":{"start":{"line":243,"column":21},"end":{"line":243,"column":42}},"58":{"start":{"line":245,"column":4},"end":{"line":350,"column":6}},"59":{"start":{"line":297,"column":22},"end":{"line":297,"column":39}},"60":{"start":{"line":316,"column":22},"end":{"line":316,"column":39}},"61":{"start":{"line":332,"column":20},"end":{"line":332,"column":37}},"62":{"start":{"line":333,"column":61},"end":{"line":333,"column":84}},"63":{"start":{"line":354,"column":0},"end":{"line":354,"column":38}}},"fnMap":{"0":{"name":"(anonymous_8)","decl":{"start":{"line":53,"column":2},"end":{"line":53,"column":14}},"loc":{"start":{"line":53,"column":34},"end":{"line":60,"column":3}}},"1":{"name":"(anonymous_9)","decl":{"start":{"line":62,"column":21},"end":{"line":62,"column":24}},"loc":{"start":{"line":62,"column":26},"end":{"line":64,"column":3}}},"2":{"name":"(anonymous_10)","decl":{"start":{"line":88,"column":16},"end":{"line":88,"column":17}},"loc":{"start":{"line":88,"column":38},"end":{"line":90,"column":3}}},"3":{"name":"(anonymous_11)","decl":{"start":{"line":100,"column":14},"end":{"line":100,"column":15}},"loc":{"start":{"line":100,"column":29},"end":{"line":119,"column":3}}},"4":{"name":"(anonymous_12)","decl":{"start":{"line":121,"column":14},"end":{"line":121,"column":15}},"loc":{"start":{"line":121,"column":29},"end":{"line":140,"column":3}}},"5":{"name":"(anonymous_13)","decl":{"start":{"line":142,"column":22},"end":{"line":142,"column":25}},"loc":{"start":{"line":142,"column":27},"end":{"line":228,"column":3}}},"6":{"name":"(anonymous_14)","decl":{"start":{"line":143,"column":22},"end":{"line":143,"column":23}},"loc":{"start":{"line":143,"column":37},"end":{"line":162,"column":5}}},"7":{"name":"(anonymous_15)","decl":{"start":{"line":164,"column":22},"end":{"line":164,"column":23}},"loc":{"start":{"line":164,"column":37},"end":{"line":183,"column":5}}},"8":{"name":"(anonymous_16)","decl":{"start":{"line":231,"column":24},"end":{"line":231,"column":25}},"loc":{"start":{"line":231,"column":42},"end":{"line":239,"column":3}}},"9":{"name":"(anonymous_17)","decl":{"start":{"line":232,"column":45},"end":{"line":232,"column":46}},"loc":{"start":{"line":233,"column":6},"end":{"line":233,"column":23}}},"10":{"name":"(anonymous_18)","decl":{"start":{"line":66,"column":8},"end":{"line":66,"column":25}},"loc":{"start":{"line":66,"column":25},"end":{"line":80,"column":null}}},"11":{"name":"(anonymous_20)","decl":{"start":{"line":84,"column":2},"end":{"line":84,"column":22}},"loc":{"start":{"line":84,"column":22},"end":{"line":86,"column":3}}},"12":{"name":"(anonymous_21)","decl":{"start":{"line":92,"column":2},"end":{"line":92,"column":6}},"loc":{"start":{"line":92,"column":14},"end":{"line":94,"column":3}}},"13":{"name":"(anonymous_22)","decl":{"start":{"line":96,"column":2},"end":{"line":96,"column":6}},"loc":{"start":{"line":96,"column":14},"end":{"line":98,"column":3}}},"14":{"name":"(anonymous_23)","decl":{"start":{"line":241,"column":2},"end":{"line":241,"column":8}},"loc":{"start":{"line":241,"column":8},"end":{"line":351,"column":3}}},"15":{"name":"(anonymous_24)","decl":{"start":{"line":296,"column":36},"end":{"line":296,"column":37}},"loc":{"start":{"line":297,"column":22},"end":{"line":297,"column":39}}},"16":{"name":"(anonymous_25)","decl":{"start":{"line":315,"column":36},"end":{"line":315,"column":37}},"loc":{"start":{"line":316,"column":22},"end":{"line":316,"column":39}}},"17":{"name":"(anonymous_26)","decl":{"start":{"line":331,"column":33},"end":{"line":331,"column":34}},"loc":{"start":{"line":332,"column":20},"end":{"line":332,"column":37}}},"18":{"name":"(anonymous_27)","decl":{"start":{"line":333,"column":55},"end":{"line":333,"column":58}},"loc":{"start":{"line":333,"column":61},"end":{"line":333,"column":84}}}},"branchMap":{"0":{"loc":{"start":{"line":108,"column":17},"end":{"line":108,"column":47}},"type":"cond-expr","locations":[{"start":{"line":108,"column":33},"end":{"line":108,"column":39}},{"start":{"line":108,"column":42},"end":{"line":108,"column":47}}]},"1":{"loc":{"start":{"line":129,"column":16},"end":{"line":129,"column":46}},"type":"cond-expr","locations":[{"start":{"line":129,"column":32},"end":{"line":129,"column":37}},{"start":{"line":129,"column":40},"end":{"line":129,"column":46}}]},"2":{"loc":{"start":{"line":151,"column":19},"end":{"line":151,"column":49}},"type":"cond-expr","locations":[{"start":{"line":151,"column":35},"end":{"line":151,"column":41}},{"start":{"line":151,"column":44},"end":{"line":151,"column":49}}]},"3":{"loc":{"start":{"line":172,"column":18},"end":{"line":172,"column":48}},"type":"cond-expr","locations":[{"start":{"line":172,"column":34},"end":{"line":172,"column":39}},{"start":{"line":172,"column":42},"end":{"line":172,"column":48}}]},"4":{"loc":{"start":{"line":187,"column":4},"end":{"line":193,"column":5}},"type":"if","locations":[{"start":{"line":187,"column":4},"end":{"line":193,"column":5}},{"start":{"line":190,"column":11},"end":{"line":193,"column":5}}]},"5":{"loc":{"start":{"line":190,"column":11},"end":{"line":193,"column":5}},"type":"if","locations":[{"start":{"line":190,"column":11},"end":{"line":193,"column":5}}]},"6":{"loc":{"start":{"line":233,"column":49},"end":{"line":233,"column":70}},"type":"cond-expr","locations":[{"start":{"line":233,"column":65},"end":{"line":233,"column":66}},{"start":{"line":233,"column":69},"end":{"line":233,"column":70}}]},"7":{"loc":{"start":{"line":73,"column":20},"end":{"line":73,"column":41}},"type":"binary-expr","locations":[{"start":{"line":73,"column":20},"end":{"line":73,"column":35}},{"start":{"line":73,"column":39},"end":{"line":73,"column":41}}]},"8":{"loc":{"start":{"line":97,"column":11},"end":{"line":97,"column":72}},"type":"binary-expr","locations":[{"start":{"line":97,"column":11},"end":{"line":97,"column":40}},{"start":{"line":97,"column":44},"end":{"line":97,"column":72}}]},"9":{"loc":{"start":{"line":243,"column":21},"end":{"line":243,"column":42}},"type":"cond-expr","locations":[{"start":{"line":243,"column":37},"end":{"line":243,"column":38}},{"start":{"line":243,"column":41},"end":{"line":243,"column":42}}]},"10":{"loc":{"start":{"line":262,"column":19},"end":{"line":262,"column":67}},"type":"cond-expr","locations":[{"start":{"line":262,"column":35},"end":{"line":262,"column":36}},{"start":{"line":262,"column":39},"end":{"line":262,"column":67}}]},"11":{"loc":{"start":{"line":262,"column":39},"end":{"line":262,"column":67}},"type":"cond-expr","locations":[{"start":{"line":262,"column":55},"end":{"line":262,"column":56}},{"start":{"line":262,"column":59},"end":{"line":262,"column":67}}]},"12":{"loc":{"start":{"line":265,"column":21},"end":{"line":265,"column":42}},"type":"cond-expr","locations":[{"start":{"line":265,"column":37},"end":{"line":265,"column":38}},{"start":{"line":265,"column":41},"end":{"line":265,"column":42}}]},"13":{"loc":{"start":{"line":274,"column":22},"end":{"line":274,"column":63}},"type":"cond-expr","locations":[{"start":{"line":274,"column":38},"end":{"line":274,"column":39}},{"start":{"line":274,"column":42},"end":{"line":274,"column":63}}]},"14":{"loc":{"start":{"line":274,"column":42},"end":{"line":274,"column":63}},"type":"cond-expr","locations":[{"start":{"line":274,"column":58},"end":{"line":274,"column":59}},{"start":{"line":274,"column":62},"end":{"line":274,"column":63}}]},"15":{"loc":{"start":{"line":275,"column":28},"end":{"line":275,"column":61}},"type":"cond-expr","locations":[{"start":{"line":275,"column":44},"end":{"line":275,"column":50}},{"start":{"line":275,"column":53},"end":{"line":275,"column":61}}]},"16":{"loc":{"start":{"line":276,"column":23},"end":{"line":276,"column":44}},"type":"cond-expr","locations":[{"start":{"line":276,"column":39},"end":{"line":276,"column":40}},{"start":{"line":276,"column":43},"end":{"line":276,"column":44}}]},"17":{"loc":{"start":{"line":283,"column":30},"end":{"line":283,"column":86}},"type":"cond-expr","locations":[{"start":{"line":283,"column":46},"end":{"line":283,"column":52}},{"start":{"line":283,"column":55},"end":{"line":283,"column":86}}]},"18":{"loc":{"start":{"line":283,"column":55},"end":{"line":283,"column":86}},"type":"cond-expr","locations":[{"start":{"line":283,"column":71},"end":{"line":283,"column":77}},{"start":{"line":283,"column":80},"end":{"line":283,"column":86}}]},"19":{"loc":{"start":{"line":289,"column":19},"end":{"line":289,"column":67}},"type":"cond-expr","locations":[{"start":{"line":289,"column":37},"end":{"line":289,"column":59}},{"start":{"line":289,"column":62},"end":{"line":289,"column":67}}]},"20":{"loc":{"start":{"line":292,"column":17},"end":{"line":301,"column":null}},"type":"cond-expr","locations":[{"start":{"line":293,"column":18},"end":{"line":293,"column":138}},{"start":{"line":295,"column":18},"end":{"line":300,"column":null}}]},"21":{"loc":{"start":{"line":293,"column":89},"end":{"line":293,"column":130}},"type":"cond-expr","locations":[{"start":{"line":293,"column":105},"end":{"line":293,"column":106}},{"start":{"line":293,"column":109},"end":{"line":293,"column":130}}]},"22":{"loc":{"start":{"line":293,"column":109},"end":{"line":293,"column":130}},"type":"cond-expr","locations":[{"start":{"line":293,"column":125},"end":{"line":293,"column":126}},{"start":{"line":293,"column":129},"end":{"line":293,"column":130}}]},"23":{"loc":{"start":{"line":297,"column":65},"end":{"line":297,"column":86}},"type":"cond-expr","locations":[{"start":{"line":297,"column":81},"end":{"line":297,"column":82}},{"start":{"line":297,"column":85},"end":{"line":297,"column":86}}]},"24":{"loc":{"start":{"line":306,"column":26},"end":{"line":306,"column":54}},"type":"cond-expr","locations":[{"start":{"line":306,"column":42},"end":{"line":306,"column":43}},{"start":{"line":306,"column":46},"end":{"line":306,"column":54}}]},"25":{"loc":{"start":{"line":307,"column":71},"end":{"line":307,"column":102}},"type":"cond-expr","locations":[{"start":{"line":307,"column":87},"end":{"line":307,"column":93}},{"start":{"line":307,"column":96},"end":{"line":307,"column":102}}]},"26":{"loc":{"start":{"line":311,"column":17},"end":{"line":320,"column":null}},"type":"cond-expr","locations":[{"start":{"line":312,"column":18},"end":{"line":312,"column":138}},{"start":{"line":314,"column":18},"end":{"line":319,"column":null}}]},"27":{"loc":{"start":{"line":312,"column":89},"end":{"line":312,"column":130}},"type":"cond-expr","locations":[{"start":{"line":312,"column":105},"end":{"line":312,"column":106}},{"start":{"line":312,"column":109},"end":{"line":312,"column":130}}]},"28":{"loc":{"start":{"line":312,"column":109},"end":{"line":312,"column":130}},"type":"cond-expr","locations":[{"start":{"line":312,"column":125},"end":{"line":312,"column":126}},{"start":{"line":312,"column":129},"end":{"line":312,"column":130}}]},"29":{"loc":{"start":{"line":316,"column":65},"end":{"line":316,"column":86}},"type":"cond-expr","locations":[{"start":{"line":316,"column":81},"end":{"line":316,"column":82}},{"start":{"line":316,"column":85},"end":{"line":316,"column":86}}]},"30":{"loc":{"start":{"line":332,"column":63},"end":{"line":332,"column":84}},"type":"cond-expr","locations":[{"start":{"line":332,"column":79},"end":{"line":332,"column":80}},{"start":{"line":332,"column":83},"end":{"line":332,"column":84}}]}},"s":{"0":1,"1":1,"2":1,"3":1,"4":1,"5":1,"6":1,"7":1,"8":1,"9":1,"10":1,"11":1,"12":1,"13":1,"14":1,"15":3,"16":3,"17":0,"18":3,"19":0,"20":3,"21":0,"22":0,"23":3,"24":0,"25":0,"26":3,"27":9,"28":9,"29":9,"30":9,"31":9,"32":9,"33":9,"34":9,"35":9,"36":0,"37":0,"38":9,"39":0,"40":0,"41":9,"42":3,"43":6,"44":30,"45":3,"46":3,"47":3,"48":3,"49":2,"50":2,"51":1,"52":1,"53":3,"54":153,"55":30,"56":5,"57":5,"58":5,"59":0,"60":0,"61":40,"62":0,"63":1},"f":{"0":3,"1":0,"2":0,"3":0,"4":0,"5":9,"6":9,"7":9,"8":6,"9":30,"10":3,"11":3,"12":153,"13":30,"14":5,"15":0,"16":0,"17":40,"18":0},"b":{"0":[0,0],"1":[0,0],"2":[0,9],"3":[0,9],"4":[0,9],"5":[0],"6":[0,30],"7":[2,0],"8":[30,30],"9":[0,5],"10":[0,5],"11":[0,5],"12":[0,5],"13":[0,5],"14":[0,5],"15":[0,5],"16":[0,5],"17":[0,5],"18":[0,5],"19":[5,0],"20":[3,2],"21":[0,3],"22":[0,3],"23":[0,0],"24":[0,5],"25":[0,5],"26":[3,2],"27":[0,3],"28":[0,3],"29":[0,0],"30":[0,40]}}
,"C:\\Users\\raghav.khattar\\Desktop\\movie_explorer_reactjs_raghav-main\\src\\utils\\API.ts": {"path":"C:\\Users\\raghav.khattar\\Desktop\\movie_explorer_reactjs_raghav-main\\src\\utils\\API.ts","statementMap":{"0":{"start":{"line":1,"column":0},"end":{"line":1,"column":26}},"1":{"start":{"line":3,"column":25},"end":{"line":11,"column":null}},"2":{"start":{"line":3,"column":49},"end":{"line":11,"column":null}},"3":{"start":{"line":4,"column":2},"end":{"line":10,"column":3}},"4":{"start":{"line":5,"column":21},"end":{"line":5,"column":113}},"5":{"start":{"line":6,"column":4},"end":{"line":6,"column":25}},"6":{"start":{"line":9,"column":4},"end":{"line":9,"column":46}},"7":{"start":{"line":3,"column":13},"end":{"line":3,"column":25}},"8":{"start":{"line":13,"column":24},"end":{"line":23,"column":null}},"9":{"start":{"line":13,"column":48},"end":{"line":23,"column":null}},"10":{"start":{"line":14,"column":2},"end":{"line":22,"column":3}},"11":{"start":{"line":15,"column":21},"end":{"line":15,"column":110}},"12":{"start":{"line":16,"column":4},"end":{"line":16,"column":42}},"13":{"start":{"line":18,"column":4},"end":{"line":18,"column":25}},"14":{"start":{"line":21,"column":4},"end":{"line":21,"column":46}},"15":{"start":{"line":13,"column":13},"end":{"line":13,"column":24}},"16":{"start":{"line":24,"column":25},"end":{"line":39,"column":null}},"17":{"start":{"line":24,"column":36},"end":{"line":39,"column":null}},"18":{"start":{"line":25,"column":2},"end":{"line":38,"column":3}},"19":{"start":{"line":26,"column":21},"end":{"line":30,"column":6}},"20":{"start":{"line":32,"column":4},"end":{"line":32,"column":37}},"21":{"start":{"line":33,"column":4},"end":{"line":33,"column":36}},"22":{"start":{"line":34,"column":4},"end":{"line":34,"column":25}},"23":{"start":{"line":37,"column":4},"end":{"line":37,"column":47}},"24":{"start":{"line":24,"column":13},"end":{"line":24,"column":25}},"25":{"start":{"line":41,"column":28},"end":{"line":59,"column":null}},"26":{"start":{"line":41,"column":55},"end":{"line":59,"column":null}},"27":{"start":{"line":42,"column":2},"end":{"line":58,"column":3}},"28":{"start":{"line":43,"column":18},"end":{"line":43,"column":47}},"29":{"start":{"line":44,"column":21},"end":{"line":51,"column":null}},"30":{"start":{"line":53,"column":4},"end":{"line":53,"column":61}},"31":{"start":{"line":55,"column":4},"end":{"line":55,"column":25}},"32":{"start":{"line":57,"column":4},"end":{"line":57,"column":55}},"33":{"start":{"line":41,"column":13},"end":{"line":41,"column":28}},"34":{"start":{"line":61,"column":31},"end":{"line":69,"column":null}},"35":{"start":{"line":61,"column":42},"end":{"line":69,"column":null}},"36":{"start":{"line":62,"column":2},"end":{"line":68,"column":3}},"37":{"start":{"line":63,"column":21},"end":{"line":63,"column":107}},"38":{"start":{"line":64,"column":4},"end":{"line":64,"column":25}},"39":{"start":{"line":67,"column":4},"end":{"line":67,"column":55}},"40":{"start":{"line":61,"column":13},"end":{"line":61,"column":31}},"41":{"start":{"line":72,"column":31},"end":{"line":79,"column":null}},"42":{"start":{"line":72,"column":52},"end":{"line":79,"column":null}},"43":{"start":{"line":73,"column":2},"end":{"line":78,"column":3}},"44":{"start":{"line":74,"column":21},"end":{"line":74,"column":106}},"45":{"start":{"line":75,"column":4},"end":{"line":75,"column":25}},"46":{"start":{"line":77,"column":4},"end":{"line":77,"column":58}},"47":{"start":{"line":72,"column":13},"end":{"line":72,"column":31}},"48":{"start":{"line":81,"column":30},"end":{"line":134,"column":2}},"49":{"start":{"line":85,"column":18},"end":{"line":134,"column":2}},"50":{"start":{"line":87,"column":16},"end":{"line":87,"column":45}},"51":{"start":{"line":88,"column":38},"end":{"line":91,"column":4}},"52":{"start":{"line":93,"column":2},"end":{"line":95,"column":3}},"53":{"start":{"line":94,"column":4},"end":{"line":94,"column":25}},"54":{"start":{"line":98,"column":2},"end":{"line":133,"column":3}},"55":{"start":{"line":99,"column":21},"end":{"line":108,"column":null}},"56":{"start":{"line":111,"column":22},"end":{"line":119,"column":6}},"57":{"start":{"line":121,"column":4},"end":{"line":121,"column":21}},"58":{"start":{"line":123,"column":4},"end":{"line":123,"column":92}},"59":{"start":{"line":124,"column":4},"end":{"line":132,"column":6}},"60":{"start":{"line":81,"column":13},"end":{"line":81,"column":30}},"61":{"start":{"line":141,"column":34},"end":{"line":173,"column":2}},"62":{"start":{"line":141,"column":72},"end":{"line":173,"column":2}},"63":{"start":{"line":142,"column":2},"end":{"line":172,"column":3}},"64":{"start":{"line":143,"column":22},"end":{"line":143,"column":51}},"65":{"start":{"line":144,"column":4},"end":{"line":146,"column":5}},"66":{"start":{"line":145,"column":6},"end":{"line":145,"column":74}},"67":{"start":{"line":147,"column":4},"end":{"line":149,"column":5}},"68":{"start":{"line":148,"column":6},"end":{"line":148,"column":69}},"69":{"start":{"line":152,"column":21},"end":{"line":159,"column":6}},"70":{"start":{"line":162,"column":4},"end":{"line":165,"column":5}},"71":{"start":{"line":163,"column":42},"end":{"line":163,"column":81}},"72":{"start":{"line":163,"column":77},"end":{"line":163,"column":79}},"73":{"start":{"line":164,"column":6},"end":{"line":164,"column":138}},"74":{"start":{"line":167,"column":17},"end":{"line":167,"column":38}},"75":{"start":{"line":168,"column":4},"end":{"line":168,"column":16}},"76":{"start":{"line":170,"column":4},"end":{"line":170,"column":67}},"77":{"start":{"line":171,"column":4},"end":{"line":171,"column":16}},"78":{"start":{"line":141,"column":13},"end":{"line":141,"column":34}},"79":{"start":{"line":176,"column":34},"end":{"line":196,"column":2}},"80":{"start":{"line":176,"column":69},"end":{"line":196,"column":2}},"81":{"start":{"line":177,"column":20},"end":{"line":177,"column":21}},"82":{"start":{"line":178,"column":29},"end":{"line":178,"column":31}},"83":{"start":{"line":180,"column":2},"end":{"line":190,"column":3}},"84":{"start":{"line":181,"column":17},"end":{"line":181,"column":48}},"85":{"start":{"line":183,"column":4},"end":{"line":183,"column":65}},"86":{"start":{"line":183,"column":59},"end":{"line":183,"column":65}},"87":{"start":{"line":185,"column":4},"end":{"line":185,"column":64}},"88":{"start":{"line":185,"column":53},"end":{"line":185,"column":61}},"89":{"start":{"line":187,"column":4},"end":{"line":187,"column":65}},"90":{"start":{"line":187,"column":59},"end":{"line":187,"column":65}},"91":{"start":{"line":189,"column":4},"end":{"line":189,"column":18}},"92":{"start":{"line":192,"column":2},"end":{"line":192,"column":41}},"93":{"start":{"line":192,"column":29},"end":{"line":192,"column":41}},"94":{"start":{"line":194,"column":19},"end":{"line":194,"column":72}},"95":{"start":{"line":195,"column":2},"end":{"line":195,"column":18}},"96":{"start":{"line":176,"column":13},"end":{"line":176,"column":34}},"97":{"start":{"line":199,"column":35},"end":{"line":219,"column":2}},"98":{"start":{"line":199,"column":70},"end":{"line":219,"column":2}},"99":{"start":{"line":200,"column":20},"end":{"line":200,"column":21}},"100":{"start":{"line":201,"column":32},"end":{"line":201,"column":34}},"101":{"start":{"line":203,"column":2},"end":{"line":213,"column":3}},"102":{"start":{"line":204,"column":17},"end":{"line":204,"column":48}},"103":{"start":{"line":206,"column":4},"end":{"line":206,"column":65}},"104":{"start":{"line":206,"column":59},"end":{"line":206,"column":65}},"105":{"start":{"line":208,"column":4},"end":{"line":208,"column":67}},"106":{"start":{"line":208,"column":56},"end":{"line":208,"column":64}},"107":{"start":{"line":210,"column":4},"end":{"line":210,"column":65}},"108":{"start":{"line":210,"column":59},"end":{"line":210,"column":65}},"109":{"start":{"line":212,"column":4},"end":{"line":212,"column":18}},"110":{"start":{"line":215,"column":2},"end":{"line":215,"column":44}},"111":{"start":{"line":215,"column":32},"end":{"line":215,"column":44}},"112":{"start":{"line":217,"column":19},"end":{"line":217,"column":78}},"113":{"start":{"line":218,"column":2},"end":{"line":218,"column":18}},"114":{"start":{"line":199,"column":13},"end":{"line":199,"column":35}},"115":{"start":{"line":222,"column":32},"end":{"line":230,"column":null}},"116":{"start":{"line":222,"column":56},"end":{"line":230,"column":null}},"117":{"start":{"line":223,"column":2},"end":{"line":229,"column":3}},"118":{"start":{"line":224,"column":21},"end":{"line":224,"column":115}},"119":{"start":{"line":225,"column":4},"end":{"line":225,"column":32}},"120":{"start":{"line":228,"column":4},"end":{"line":228,"column":55}},"121":{"start":{"line":222,"column":13},"end":{"line":222,"column":32}},"122":{"start":{"line":233,"column":37},"end":{"line":249,"column":null}},"123":{"start":{"line":233,"column":75},"end":{"line":249,"column":null}},"124":{"start":{"line":234,"column":2},"end":{"line":248,"column":3}},"125":{"start":{"line":235,"column":21},"end":{"line":243,"column":null}},"126":{"start":{"line":245,"column":4},"end":{"line":245,"column":25}},"127":{"start":{"line":247,"column":4},"end":{"line":247,"column":57}},"128":{"start":{"line":233,"column":13},"end":{"line":233,"column":37}},"129":{"start":{"line":251,"column":27},"end":{"line":262,"column":null}},"130":{"start":{"line":251,"column":56},"end":{"line":262,"column":null}},"131":{"start":{"line":252,"column":2},"end":{"line":261,"column":3}},"132":{"start":{"line":253,"column":21},"end":{"line":257,"column":6}},"133":{"start":{"line":258,"column":4},"end":{"line":258,"column":25}},"134":{"start":{"line":260,"column":4},"end":{"line":260,"column":52}},"135":{"start":{"line":251,"column":13},"end":{"line":251,"column":27}},"136":{"start":{"line":264,"column":28},"end":{"line":275,"column":null}},"137":{"start":{"line":264,"column":84},"end":{"line":275,"column":null}},"138":{"start":{"line":265,"column":2},"end":{"line":274,"column":3}},"139":{"start":{"line":266,"column":21},"end":{"line":270,"column":6}},"140":{"start":{"line":271,"column":4},"end":{"line":271,"column":25}},"141":{"start":{"line":273,"column":4},"end":{"line":273,"column":52}},"142":{"start":{"line":264,"column":13},"end":{"line":264,"column":28}},"143":{"start":{"line":277,"column":30},"end":{"line":288,"column":null}},"144":{"start":{"line":277,"column":51},"end":{"line":288,"column":null}},"145":{"start":{"line":278,"column":2},"end":{"line":287,"column":3}},"146":{"start":{"line":279,"column":21},"end":{"line":283,"column":6}},"147":{"start":{"line":284,"column":4},"end":{"line":284,"column":25}},"148":{"start":{"line":286,"column":4},"end":{"line":286,"column":52}},"149":{"start":{"line":277,"column":13},"end":{"line":277,"column":30}}},"fnMap":{"0":{"name":"(anonymous_8)","decl":{"start":{"line":3,"column":25},"end":{"line":3,"column":32}},"loc":{"start":{"line":3,"column":49},"end":{"line":11,"column":null}}},"1":{"name":"(anonymous_9)","decl":{"start":{"line":3,"column":49},"end":{"line":3,"column":null}},"loc":{"start":{"line":3,"column":49},"end":{"line":11,"column":1}}},"2":{"name":"(anonymous_10)","decl":{"start":{"line":13,"column":24},"end":{"line":13,"column":31}},"loc":{"start":{"line":13,"column":48},"end":{"line":23,"column":null}}},"3":{"name":"(anonymous_11)","decl":{"start":{"line":13,"column":48},"end":{"line":13,"column":null}},"loc":{"start":{"line":13,"column":48},"end":{"line":23,"column":1}}},"4":{"name":"(anonymous_12)","decl":{"start":{"line":24,"column":25},"end":{"line":24,"column":34}},"loc":{"start":{"line":24,"column":36},"end":{"line":39,"column":null}}},"5":{"name":"(anonymous_13)","decl":{"start":{"line":24,"column":36},"end":{"line":24,"column":null}},"loc":{"start":{"line":24,"column":36},"end":{"line":39,"column":1}}},"6":{"name":"(anonymous_14)","decl":{"start":{"line":41,"column":28},"end":{"line":41,"column":35}},"loc":{"start":{"line":41,"column":55},"end":{"line":59,"column":null}}},"7":{"name":"(anonymous_15)","decl":{"start":{"line":41,"column":55},"end":{"line":41,"column":null}},"loc":{"start":{"line":41,"column":51},"end":{"line":59,"column":1}}},"8":{"name":"(anonymous_16)","decl":{"start":{"line":61,"column":31},"end":{"line":61,"column":40}},"loc":{"start":{"line":61,"column":42},"end":{"line":69,"column":null}}},"9":{"name":"(anonymous_17)","decl":{"start":{"line":61,"column":42},"end":{"line":61,"column":null}},"loc":{"start":{"line":61,"column":42},"end":{"line":69,"column":1}}},"10":{"name":"(anonymous_18)","decl":{"start":{"line":72,"column":31},"end":{"line":72,"column":38}},"loc":{"start":{"line":72,"column":52},"end":{"line":79,"column":null}}},"11":{"name":"(anonymous_19)","decl":{"start":{"line":72,"column":52},"end":{"line":72,"column":null}},"loc":{"start":{"line":72,"column":52},"end":{"line":79,"column":1}}},"12":{"name":"(anonymous_20)","decl":{"start":{"line":81,"column":30},"end":{"line":81,"column":null}},"loc":{"start":{"line":85,"column":18},"end":{"line":134,"column":2}}},"13":{"name":"(anonymous_21)","decl":{"start":{"line":85,"column":18},"end":{"line":85,"column":null}},"loc":{"start":{"line":84,"column":16},"end":{"line":134,"column":1}}},"14":{"name":"(anonymous_22)","decl":{"start":{"line":141,"column":34},"end":{"line":141,"column":41}},"loc":{"start":{"line":141,"column":72},"end":{"line":173,"column":2}}},"15":{"name":"(anonymous_23)","decl":{"start":{"line":141,"column":72},"end":{"line":141,"column":null}},"loc":{"start":{"line":141,"column":72},"end":{"line":173,"column":1}}},"16":{"name":"(anonymous_24)","decl":{"start":{"line":163,"column":70},"end":{"line":163,"column":73}},"loc":{"start":{"line":163,"column":77},"end":{"line":163,"column":79}}},"17":{"name":"(anonymous_25)","decl":{"start":{"line":176,"column":34},"end":{"line":176,"column":67}},"loc":{"start":{"line":176,"column":69},"end":{"line":196,"column":2}}},"18":{"name":"(anonymous_26)","decl":{"start":{"line":176,"column":69},"end":{"line":176,"column":null}},"loc":{"start":{"line":176,"column":69},"end":{"line":196,"column":1}}},"19":{"name":"(anonymous_27)","decl":{"start":{"line":185,"column":37},"end":{"line":185,"column":38}},"loc":{"start":{"line":185,"column":53},"end":{"line":185,"column":61}}},"20":{"name":"(anonymous_28)","decl":{"start":{"line":199,"column":35},"end":{"line":199,"column":68}},"loc":{"start":{"line":199,"column":70},"end":{"line":219,"column":2}}},"21":{"name":"(anonymous_29)","decl":{"start":{"line":199,"column":70},"end":{"line":199,"column":null}},"loc":{"start":{"line":199,"column":70},"end":{"line":219,"column":1}}},"22":{"name":"(anonymous_30)","decl":{"start":{"line":208,"column":40},"end":{"line":208,"column":41}},"loc":{"start":{"line":208,"column":56},"end":{"line":208,"column":64}}},"23":{"name":"(anonymous_31)","decl":{"start":{"line":222,"column":32},"end":{"line":222,"column":39}},"loc":{"start":{"line":222,"column":56},"end":{"line":230,"column":null}}},"24":{"name":"(anonymous_32)","decl":{"start":{"line":222,"column":56},"end":{"line":222,"column":null}},"loc":{"start":{"line":222,"column":56},"end":{"line":230,"column":1}}},"25":{"name":"(anonymous_33)","decl":{"start":{"line":233,"column":37},"end":{"line":233,"column":44}},"loc":{"start":{"line":233,"column":75},"end":{"line":249,"column":null}}},"26":{"name":"(anonymous_34)","decl":{"start":{"line":233,"column":75},"end":{"line":233,"column":null}},"loc":{"start":{"line":233,"column":75},"end":{"line":249,"column":1}}},"27":{"name":"(anonymous_35)","decl":{"start":{"line":251,"column":27},"end":{"line":251,"column":34}},"loc":{"start":{"line":251,"column":56},"end":{"line":262,"column":null}}},"28":{"name":"(anonymous_36)","decl":{"start":{"line":251,"column":56},"end":{"line":251,"column":null}},"loc":{"start":{"line":251,"column":56},"end":{"line":262,"column":1}}},"29":{"name":"(anonymous_37)","decl":{"start":{"line":264,"column":28},"end":{"line":264,"column":35}},"loc":{"start":{"line":264,"column":84},"end":{"line":275,"column":null}}},"30":{"name":"(anonymous_38)","decl":{"start":{"line":264,"column":84},"end":{"line":264,"column":null}},"loc":{"start":{"line":264,"column":84},"end":{"line":275,"column":1}}},"31":{"name":"(anonymous_39)","decl":{"start":{"line":277,"column":30},"end":{"line":277,"column":37}},"loc":{"start":{"line":277,"column":51},"end":{"line":288,"column":null}}},"32":{"name":"(anonymous_40)","decl":{"start":{"line":277,"column":51},"end":{"line":277,"column":null}},"loc":{"start":{"line":277,"column":51},"end":{"line":288,"column":1}}}},"branchMap":{"0":{"loc":{"start":{"line":41,"column":35},"end":{"line":41,"column":51}},"type":"default-arg","locations":[{"start":{"line":41,"column":50},"end":{"line":41,"column":51}}]},"1":{"loc":{"start":{"line":82,"column":2},"end":{"line":82,"column":18}},"type":"default-arg","locations":[{"start":{"line":82,"column":17},"end":{"line":82,"column":18}}]},"2":{"loc":{"start":{"line":93,"column":2},"end":{"line":95,"column":3}},"type":"if","locations":[{"start":{"line":93,"column":2},"end":{"line":95,"column":3}}]},"3":{"loc":{"start":{"line":93,"column":6},"end":{"line":93,"column":30}},"type":"binary-expr","locations":[{"start":{"line":93,"column":6},"end":{"line":93,"column":11}},{"start":{"line":93,"column":15},"end":{"line":93,"column":30}}]},"4":{"loc":{"start":{"line":112,"column":14},"end":{"line":112,"column":40}},"type":"binary-expr","locations":[{"start":{"line":112,"column":14},"end":{"line":112,"column":34}},{"start":{"line":112,"column":38},"end":{"line":112,"column":40}}]},"5":{"loc":{"start":{"line":113,"column":18},"end":{"line":118,"column":null}},"type":"binary-expr","locations":[{"start":{"line":113,"column":18},"end":{"line":113,"column":42}},{"start":{"line":113,"column":46},"end":{"line":118,"column":null}}]},"6":{"loc":{"start":{"line":116,"column":21},"end":{"line":116,"column":54}},"type":"binary-expr","locations":[{"start":{"line":116,"column":21},"end":{"line":116,"column":49}},{"start":{"line":116,"column":53},"end":{"line":116,"column":54}}]},"7":{"loc":{"start":{"line":116,"column":21},"end":{"line":116,"column":49}},"type":"cond-expr","locations":[{"start":{"line":116,"column":41},"end":{"line":116,"column":43}},{"start":{"line":116,"column":41},"end":{"line":116,"column":49}}]},"8":{"loc":{"start":{"line":116,"column":21},"end":{"line":116,"column":43}},"type":"binary-expr","locations":[{"start":{"line":116,"column":21},"end":{"line":116,"column":43}},{"start":{"line":116,"column":41},"end":{"line":116,"column":43}}]},"9":{"loc":{"start":{"line":144,"column":4},"end":{"line":146,"column":5}},"type":"if","locations":[{"start":{"line":144,"column":4},"end":{"line":146,"column":5}}]},"10":{"loc":{"start":{"line":147,"column":4},"end":{"line":149,"column":5}},"type":"if","locations":[{"start":{"line":147,"column":4},"end":{"line":149,"column":5}}]},"11":{"loc":{"start":{"line":162,"column":4},"end":{"line":165,"column":5}},"type":"if","locations":[{"start":{"line":162,"column":4},"end":{"line":165,"column":5}}]},"12":{"loc":{"start":{"line":164,"column":98},"end":{"line":164,"column":134}},"type":"binary-expr","locations":[{"start":{"line":164,"column":98},"end":{"line":164,"column":115}},{"start":{"line":164,"column":119},"end":{"line":164,"column":134}}]},"13":{"loc":{"start":{"line":183,"column":4},"end":{"line":183,"column":65}},"type":"if","locations":[{"start":{"line":183,"column":4},"end":{"line":183,"column":65}}]},"14":{"loc":{"start":{"line":183,"column":8},"end":{"line":183,"column":57}},"type":"binary-expr","locations":[{"start":{"line":183,"column":8},"end":{"line":183,"column":13}},{"start":{"line":183,"column":17},"end":{"line":183,"column":29}},{"start":{"line":183,"column":33},"end":{"line":183,"column":57}}]},"15":{"loc":{"start":{"line":187,"column":4},"end":{"line":187,"column":65}},"type":"if","locations":[{"start":{"line":187,"column":4},"end":{"line":187,"column":65}}]},"16":{"loc":{"start":{"line":187,"column":8},"end":{"line":187,"column":57}},"type":"binary-expr","locations":[{"start":{"line":187,"column":8},"end":{"line":187,"column":23}},{"start":{"line":187,"column":27},"end":{"line":187,"column":57}}]},"17":{"loc":{"start":{"line":192,"column":2},"end":{"line":192,"column":41}},"type":"if","locations":[{"start":{"line":192,"column":2},"end":{"line":192,"column":41}}]},"18":{"loc":{"start":{"line":206,"column":4},"end":{"line":206,"column":65}},"type":"if","locations":[{"start":{"line":206,"column":4},"end":{"line":206,"column":65}}]},"19":{"loc":{"start":{"line":206,"column":8},"end":{"line":206,"column":57}},"type":"binary-expr","locations":[{"start":{"line":206,"column":8},"end":{"line":206,"column":13}},{"start":{"line":206,"column":17},"end":{"line":206,"column":29}},{"start":{"line":206,"column":33},"end":{"line":206,"column":57}}]},"20":{"loc":{"start":{"line":210,"column":4},"end":{"line":210,"column":65}},"type":"if","locations":[{"start":{"line":210,"column":4},"end":{"line":210,"column":65}}]},"21":{"loc":{"start":{"line":210,"column":8},"end":{"line":210,"column":57}},"type":"binary-expr","locations":[{"start":{"line":210,"column":8},"end":{"line":210,"column":23}},{"start":{"line":210,"column":27},"end":{"line":210,"column":57}}]},"22":{"loc":{"start":{"line":215,"column":2},"end":{"line":215,"column":44}},"type":"if","locations":[{"start":{"line":215,"column":2},"end":{"line":215,"column":44}}]}},"s":{"0":3,"1":3,"2":1,"3":1,"4":1,"5":1,"6":0,"7":3,"8":3,"9":1,"10":1,"11":1,"12":1,"13":1,"14":0,"15":3,"16":3,"17":1,"18":1,"19":1,"20":1,"21":1,"22":1,"23":0,"24":3,"25":3,"26":2,"27":2,"28":2,"29":2,"30":2,"31":2,"32":0,"33":3,"34":3,"35":0,"36":0,"37":0,"38":0,"39":0,"40":3,"41":3,"42":0,"43":0,"44":0,"45":0,"46":0,"47":3,"48":3,"49":1,"50":1,"51":1,"52":1,"53":0,"54":1,"55":1,"56":1,"57":1,"58":0,"59":0,"60":3,"61":3,"62":0,"63":0,"64":0,"65":0,"66":0,"67":0,"68":0,"69":0,"70":0,"71":0,"72":0,"73":0,"74":0,"75":0,"76":0,"77":0,"78":3,"79":3,"80":1,"81":1,"82":1,"83":1,"84":1,"85":1,"86":0,"87":1,"88":2,"89":1,"90":1,"91":0,"92":1,"93":0,"94":1,"95":1,"96":3,"97":3,"98":0,"99":0,"100":0,"101":0,"102":0,"103":0,"104":0,"105":0,"106":0,"107":0,"108":0,"109":0,"110":0,"111":0,"112":0,"113":0,"114":3,"115":3,"116":0,"117":0,"118":0,"119":0,"120":0,"121":3,"122":3,"123":1,"124":1,"125":1,"126":1,"127":0,"128":3,"129":3,"130":1,"131":1,"132":1,"133":1,"134":0,"135":3,"136":3,"137":1,"138":1,"139":1,"140":1,"141":0,"142":3,"143":3,"144":1,"145":1,"146":1,"147":1,"148":0,"149":3},"f":{"0":1,"1":1,"2":1,"3":1,"4":1,"5":1,"6":2,"7":2,"8":0,"9":0,"10":0,"11":0,"12":1,"13":1,"14":0,"15":0,"16":0,"17":1,"18":1,"19":2,"20":0,"21":0,"22":0,"23":0,"24":0,"25":1,"26":1,"27":1,"28":1,"29":1,"30":1,"31":1,"32":1},"b":{"0":[0],"1":[0],"2":[0],"3":[1,0],"4":[1,0],"5":[1,0],"6":[0,0],"7":[0,0],"8":[0,0],"9":[0],"10":[0],"11":[0],"12":[0,0],"13":[0],"14":[1,1,1],"15":[1],"16":[1,1],"17":[0],"18":[0],"19":[0,0,0],"20":[0],"21":[0,0],"22":[0]}}
,"C:\\Users\\raghav.khattar\\Desktop\\movie_explorer_reactjs_raghav-main\\src\\utils\\HOC.tsx": {"path":"C:\\Users\\raghav.khattar\\Desktop\\movie_explorer_reactjs_raghav-main\\src\\utils\\HOC.tsx","statementMap":{"0":{"start":{"line":1,"column":0},"end":{"line":1,"column":47}},"1":{"start":{"line":3,"column":21},"end":{"line":8,"column":3}},"2":{"start":{"line":4,"column":4},"end":{"line":7,"column":6}},"3":{"start":{"line":5,"column":23},"end":{"line":5,"column":36}},"4":{"start":{"line":6,"column":6},"end":{"line":6,"column":58}},"5":{"start":{"line":10,"column":0},"end":{"line":10,"column":28}}},"fnMap":{"0":{"name":"(anonymous_0)","decl":{"start":{"line":3,"column":21},"end":{"line":3,"column":22}},"loc":{"start":{"line":3,"column":40},"end":{"line":8,"column":3}}},"1":{"name":"(anonymous_1)","decl":{"start":{"line":4,"column":11},"end":{"line":4,"column":12}},"loc":{"start":{"line":4,"column":27},"end":{"line":7,"column":5}}}},"branchMap":{},"s":{"0":3,"1":3,"2":5,"3":24,"4":24,"5":3},"f":{"0":5,"1":24},"b":{}}
}
