TN:
SF:src\components\AnimatedButton.tsx
FN:16,(anonymous_7)
FN:56,SuggestMovieButton
FN:60,(anonymous_9)
FN:60,(anonymous_10)
FNF:4
FNH:4
FNDA:9,(anonymous_7)
FNDA:9,SuggestMovieButton
FNDA:3,(anonymous_9)
FNDA:3,(anonymous_10)
DA:1,1
DA:2,1
DA:3,1
DA:4,1
DA:5,1
DA:7,1
DA:16,9
DA:56,1
DA:57,9
DA:58,9
DA:60,9
DA:61,3
DA:63,3
DA:64,3
DA:66,2
DA:67,1
DA:68,1
DA:70,1
DA:71,1
DA:74,1
DA:75,1
DA:79,9
LF:22
LH:22
BRDA:66,0,0,1
BRDA:66,0,1,1
BRDA:81,1,0,3
BRDA:81,1,1,6
BRF:4
BRH:4
end_of_record
TN:
SF:src\components\Carousel.tsx
FN:14,NextArrow
FN:39,PrevArrow
FN:73,(anonymous_3)
FN:125,(anonymous_4)
FNF:4
FNH:2
FNDA:0,NextArrow
FNDA:0,PrevArrow
FNDA:4,(anonymous_3)
FNDA:12,(anonymous_4)
DA:1,1
DA:2,1
DA:3,1
DA:4,1
DA:5,1
DA:6,1
DA:15,0
DA:40,0
DA:72,1
DA:74,4
DA:88,4
DA:113,4
DA:126,12
DA:223,1
LF:14
LH:12
BRF:0
BRH:0
end_of_record
TN:
SF:src\components\Footer.tsx
FN:3,Footer
FN:80,(anonymous_1)
FNF:2
FNH:2
FNDA:23,Footer
FNDA:92,(anonymous_1)
DA:1,4
DA:4,23
DA:81,92
DA:125,4
LF:4
LH:4
BRF:0
BRH:0
end_of_record
TN:
SF:src\components\GenreCard.tsx
FN:16,(anonymous_0)
FN:19,(anonymous_1)
FNF:2
FNH:2
FNDA:149,(anonymous_0)
FNDA:1,(anonymous_1)
DA:1,2
DA:3,2
DA:16,2
DA:17,149
DA:20,1
DA:61,2
LF:6
LH:6
BRDA:20,0,0,0
BRDA:20,0,1,1
BRDA:20,1,0,1
BRDA:20,1,1,1
BRF:4
BRH:3
end_of_record
TN:
SF:src\components\MovieCard.tsx
FN:19,(anonymous_1)
FNF:1
FNH:1
FNDA:8,(anonymous_1)
DA:1,3
DA:2,3
DA:3,3
DA:4,3
DA:19,3
DA:20,8
DA:21,8
DA:151,3
LF:8
LH:8
BRDA:121,0,0,8
BRDA:121,0,1,2
BRF:2
BRH:2
end_of_record
TN:
SF:src\components\NavbarNew.tsx
FN:34,(anonymous_8)
FN:50,(anonymous_9)
FN:54,(anonymous_10)
FN:58,(anonymous_11)
FN:62,(anonymous_12)
FN:66,(anonymous_13)
FN:70,(anonymous_14)
FN:74,(anonymous_15)
FN:78,(anonymous_16)
FN:78,(anonymous_17)
FN:42,(anonymous_18)
FN:46,(anonymous_19)
FN:89,(anonymous_20)
FN:300,(anonymous_21)
FNF:14
FNH:11
FNDA:18,(anonymous_8)
FNDA:0,(anonymous_9)
FNDA:1,(anonymous_10)
FNDA:1,(anonymous_11)
FNDA:1,(anonymous_12)
FNDA:1,(anonymous_13)
FNDA:4,(anonymous_14)
FNDA:0,(anonymous_15)
FNDA:1,(anonymous_16)
FNDA:1,(anonymous_17)
FNDA:18,(anonymous_18)
FNDA:18,(anonymous_19)
FNDA:31,(anonymous_20)
FNDA:0,(anonymous_21)
DA:1,4
DA:2,4
DA:3,4
DA:10,4
DA:16,4
DA:17,4
DA:18,4
DA:19,4
DA:20,4
DA:21,4
DA:22,4
DA:23,4
DA:35,18
DA:37,18
DA:43,18
DA:47,18
DA:50,18
DA:51,0
DA:54,18
DA:55,1
DA:58,18
DA:59,1
DA:62,18
DA:63,1
DA:66,18
DA:67,1
DA:70,18
DA:71,4
DA:74,18
DA:75,0
DA:78,18
DA:79,1
DA:80,1
DA:81,1
DA:83,0
DA:85,1
DA:90,31
DA:91,31
DA:92,31
DA:93,31
DA:95,31
DA:300,0
DA:314,4
LF:43
LH:39
BRDA:123,0,0,1
BRDA:123,0,1,30
BRDA:135,1,0,1
BRDA:135,1,1,30
BRDA:156,2,0,31
BRDA:156,2,1,30
BRDA:191,3,0,1
BRDA:191,3,1,30
BRDA:215,4,0,8
BRDA:215,4,1,23
BRDA:217,5,0,8
BRDA:217,5,1,0
BRDA:241,6,0,8
BRDA:241,6,1,2
BRDA:254,7,0,8
BRDA:254,7,1,6
BRF:16
BRH:15
end_of_record
TN:
SF:src\pages\AllMoviesPage.tsx
FN:52,(anonymous_8)
FN:63,(anonymous_9)
FN:79,(anonymous_10)
FN:79,(anonymous_11)
FN:85,(anonymous_12)
FN:108,(anonymous_13)
FN:112,(anonymous_14)
FN:124,(anonymous_15)
FN:145,(anonymous_16)
FN:166,(anonymous_17)
FN:187,(anonymous_18)
FN:188,(anonymous_19)
FN:67,(anonymous_20)
FN:75,(anonymous_21)
FN:116,(anonymous_22)
FN:120,(anonymous_23)
FN:196,(anonymous_24)
FN:221,(anonymous_25)
FN:223,(anonymous_26)
FN:246,(anonymous_27)
FNF:20
FNH:15
FNDA:3,(anonymous_8)
FNDA:0,(anonymous_9)
FNDA:3,(anonymous_10)
FNDA:3,(anonymous_11)
FNDA:2,(anonymous_12)
FNDA:0,(anonymous_13)
FNDA:0,(anonymous_14)
FNDA:7,(anonymous_15)
FNDA:7,(anonymous_16)
FNDA:7,(anonymous_17)
FNDA:6,(anonymous_18)
FNDA:36,(anonymous_19)
FNDA:3,(anonymous_20)
FNDA:3,(anonymous_21)
FNDA:84,(anonymous_22)
FNDA:7,(anonymous_23)
FNDA:7,(anonymous_24)
FNDA:56,(anonymous_25)
FNDA:0,(anonymous_26)
FNDA:0,(anonymous_27)
DA:1,1
DA:2,1
DA:3,1
DA:4,1
DA:12,1
DA:13,1
DA:14,1
DA:15,1
DA:16,1
DA:17,1
DA:34,1
DA:53,3
DA:54,3
DA:63,3
DA:64,0
DA:68,3
DA:69,3
DA:71,3
DA:72,3
DA:76,3
DA:79,3
DA:80,3
DA:81,3
DA:83,3
DA:85,3
DA:90,3
DA:97,3
DA:98,3
DA:101,0
DA:102,0
DA:108,3
DA:109,0
DA:112,3
DA:113,0
DA:117,84
DA:121,7
DA:124,3
DA:125,7
DA:126,7
DA:145,3
DA:146,7
DA:147,7
DA:166,3
DA:167,7
DA:168,7
DA:169,7
DA:170,0
DA:171,0
DA:172,7
DA:173,0
DA:174,0
DA:176,7
DA:187,3
DA:188,6
DA:189,36
DA:197,7
DA:198,7
DA:222,56
DA:223,0
DA:247,0
DA:278,1
LF:61
LH:50
BRDA:94,0,0,3
BRDA:94,0,1,0
BRDA:132,1,0,0
BRDA:132,1,1,7
BRDA:153,2,0,0
BRDA:153,2,1,7
BRDA:169,3,0,0
BRDA:169,3,1,7
BRDA:172,4,0,0
BRDA:187,5,0,0
BRDA:189,6,0,0
BRDA:189,6,1,36
BRDA:71,7,0,2
BRDA:71,7,1,1
BRDA:121,8,0,7
BRDA:121,8,1,7
BRDA:197,9,0,0
BRDA:197,9,1,7
BRDA:216,10,0,0
BRDA:216,10,1,7
BRDA:230,11,0,0
BRDA:230,11,1,7
BRDA:244,12,0,6
BRDA:244,12,1,1
BRDA:245,13,0,0
BRDA:245,13,1,6
BRDA:247,14,0,0
BRDA:247,14,1,0
BRF:28
BRH:15
end_of_record
TN:
SF:src\pages\AuthPage.tsx
FN:37,(anonymous_8)
FN:51,(anonymous_9)
FN:97,(anonymous_10)
FN:98,(anonymous_11)
FN:101,(anonymous_12)
FN:101,(anonymous_13)
FN:150,(anonymous_14)
FN:154,(anonymous_15)
FN:292,(anonymous_16)
FN:307,(anonymous_17)
FN:317,(anonymous_18)
FN:347,(anonymous_19)
FN:373,(anonymous_20)
FN:402,(anonymous_21)
FN:432,(anonymous_22)
FNF:15
FNH:11
FNDA:8,(anonymous_8)
FNDA:6,(anonymous_9)
FNDA:0,(anonymous_10)
FNDA:0,(anonymous_11)
FNDA:6,(anonymous_12)
FNDA:6,(anonymous_13)
FNDA:0,(anonymous_14)
FNDA:188,(anonymous_15)
FNDA:0,(anonymous_16)
FNDA:4,(anonymous_17)
FNDA:16,(anonymous_18)
FNDA:64,(anonymous_19)
FNDA:44,(anonymous_20)
FNDA:22,(anonymous_21)
FNDA:20,(anonymous_22)
DA:1,1
DA:2,1
DA:3,1
DA:4,1
DA:5,1
DA:6,1
DA:7,1
DA:8,1
DA:9,1
DA:10,1
DA:11,1
DA:12,1
DA:13,1
DA:14,1
DA:38,8
DA:39,8
DA:51,8
DA:52,6
DA:53,6
DA:54,6
DA:56,6
DA:58,6
DA:59,2
DA:60,2
DA:63,6
DA:64,2
DA:65,2
DA:68,6
DA:69,3
DA:70,1
DA:71,1
DA:74,3
DA:75,1
DA:76,1
DA:79,3
DA:80,1
DA:81,1
DA:85,6
DA:87,6
DA:88,2
DA:89,2
DA:94,6
DA:97,8
DA:98,0
DA:101,8
DA:102,6
DA:104,4
DA:105,4
DA:107,4
DA:113,4
DA:114,4
DA:115,2
DA:116,1
DA:117,1
DA:119,1
DA:123,1
DA:125,2
DA:132,2
DA:133,1
DA:136,1
DA:143,2
DA:144,2
DA:146,4
DA:150,8
DA:151,0
DA:155,188
DA:156,188
DA:157,188
DA:158,188
DA:160,188
DA:292,0
DA:307,4
DA:317,16
DA:347,64
DA:373,44
DA:402,22
DA:432,20
DA:483,1
LF:78
LH:75
BRDA:58,0,0,2
BRDA:58,1,0,6
BRDA:58,1,1,4
BRDA:63,2,0,2
BRDA:63,3,0,6
BRDA:63,3,1,4
BRDA:68,4,0,3
BRDA:69,5,0,1
BRDA:74,6,0,1
BRDA:74,7,0,3
BRDA:74,7,1,2
BRDA:79,8,0,1
BRDA:79,9,0,3
BRDA:79,9,1,2
BRDA:87,10,0,2
BRDA:90,11,0,0
BRDA:90,11,1,2
BRDA:102,12,0,2
BRDA:114,13,0,2
BRDA:114,13,1,2
BRDA:120,14,0,0
BRDA:120,14,1,1
BRDA:137,15,0,0
BRDA:137,15,1,1
BRDA:158,16,0,188
BRDA:158,16,1,188
BRDA:164,17,0,0
BRDA:164,17,1,188
BRDA:269,18,0,67
BRDA:269,18,1,121
BRDA:283,19,0,0
BRDA:283,19,1,188
BRDA:283,20,0,188
BRDA:283,20,1,188
BRDA:289,21,0,67
BRDA:289,21,1,121
BRDA:290,22,0,67
BRDA:290,22,1,121
BRDA:298,23,0,0
BRDA:298,23,1,188
BRDA:298,24,0,188
BRDA:298,24,1,188
BRDA:304,25,0,121
BRDA:304,25,1,67
BRDA:305,26,0,121
BRDA:305,26,1,67
BRDA:313,27,0,188
BRDA:313,27,1,121
BRDA:321,28,0,0
BRDA:321,28,1,121
BRDA:321,29,0,121
BRDA:321,29,1,121
BRDA:351,30,0,0
BRDA:351,30,1,188
BRDA:351,31,0,188
BRDA:351,31,1,188
BRDA:377,32,0,0
BRDA:377,32,1,188
BRDA:377,33,0,188
BRDA:377,33,1,188
BRDA:397,34,0,188
BRDA:397,34,1,121
BRDA:406,35,0,0
BRDA:406,35,1,121
BRDA:406,36,0,121
BRDA:406,36,1,121
BRDA:427,37,0,188
BRDA:427,37,1,121
BRDA:437,38,0,0
BRDA:437,38,1,121
BRDA:437,39,0,121
BRDA:437,39,1,121
BRDA:469,40,0,4
BRDA:469,40,1,184
BRDA:472,41,0,67
BRDA:472,41,1,121
BRF:76
BRH:65
end_of_record
TN:
SF:src\pages\GenrePage.tsx
FN:24,(anonymous_8)
FN:29,(anonymous_9)
FN:30,(anonymous_10)
FN:30,(anonymous_11)
FN:39,(anonymous_12)
FN:40,(anonymous_13)
FN:73,(anonymous_14)
FNF:7
FNH:7
FNDA:6,(anonymous_8)
FNDA:4,(anonymous_9)
FNDA:4,(anonymous_10)
FNDA:4,(anonymous_11)
FNDA:4,(anonymous_12)
FNDA:24,(anonymous_13)
FNDA:2,(anonymous_14)
DA:1,1
DA:2,1
DA:3,1
DA:4,1
DA:5,1
DA:6,1
DA:7,1
DA:24,1
DA:25,6
DA:26,6
DA:27,6
DA:29,6
DA:30,4
DA:31,4
DA:32,3
DA:33,3
DA:36,4
DA:39,6
DA:40,4
DA:41,24
DA:49,6
DA:74,2
DA:83,1
LF:23
LH:23
BRDA:31,0,0,4
BRDA:31,0,1,0
BRDA:68,1,0,6
BRDA:68,1,1,0
BRDA:68,2,0,0
BRDA:68,2,1,6
BRDA:68,3,0,6
BRDA:68,3,1,6
BRDA:71,4,0,4
BRDA:71,4,1,2
BRF:10
BRH:7
end_of_record
TN:
SF:src\pages\HomePage.tsx
FN:53,(anonymous_8)
FN:62,(anonymous_9)
FN:88,(anonymous_10)
FN:100,(anonymous_11)
FN:121,(anonymous_12)
FN:142,(anonymous_13)
FN:143,(anonymous_14)
FN:164,(anonymous_15)
FN:231,(anonymous_16)
FN:232,(anonymous_17)
FN:66,(anonymous_18)
FN:84,(anonymous_20)
FN:92,(anonymous_21)
FN:96,(anonymous_22)
FN:241,(anonymous_23)
FN:296,(anonymous_24)
FN:315,(anonymous_25)
FN:331,(anonymous_26)
FN:333,(anonymous_27)
FNF:19
FNH:12
FNDA:3,(anonymous_8)
FNDA:0,(anonymous_9)
FNDA:0,(anonymous_10)
FNDA:0,(anonymous_11)
FNDA:0,(anonymous_12)
FNDA:9,(anonymous_13)
FNDA:9,(anonymous_14)
FNDA:9,(anonymous_15)
FNDA:6,(anonymous_16)
FNDA:30,(anonymous_17)
FNDA:3,(anonymous_18)
FNDA:3,(anonymous_20)
FNDA:153,(anonymous_21)
FNDA:30,(anonymous_22)
FNDA:5,(anonymous_23)
FNDA:0,(anonymous_24)
FNDA:0,(anonymous_25)
FNDA:40,(anonymous_26)
FNDA:0,(anonymous_27)
DA:1,1
DA:2,1
DA:3,1
DA:4,1
DA:11,1
DA:12,1
DA:13,1
DA:14,1
DA:15,1
DA:16,1
DA:17,1
DA:18,1
DA:19,1
DA:20,1
DA:47,1
DA:54,3
DA:55,3
DA:62,3
DA:63,0
DA:67,3
DA:68,3
DA:69,3
DA:70,2
DA:72,2
DA:77,1
DA:78,1
DA:85,3
DA:88,3
DA:89,0
DA:93,153
DA:97,30
DA:100,3
DA:101,0
DA:102,0
DA:121,3
DA:122,0
DA:123,0
DA:142,3
DA:143,9
DA:144,9
DA:145,9
DA:164,9
DA:165,9
DA:166,9
DA:185,9
DA:186,9
DA:187,9
DA:188,0
DA:189,0
DA:190,9
DA:191,0
DA:192,0
DA:195,9
DA:231,3
DA:232,6
DA:233,30
DA:242,5
DA:243,5
DA:245,5
DA:297,0
DA:316,0
DA:332,40
DA:333,0
DA:354,1
LF:64
LH:51
BRDA:108,0,0,0
BRDA:108,0,1,0
BRDA:129,1,0,0
BRDA:129,1,1,0
BRDA:151,2,0,0
BRDA:151,2,1,9
BRDA:172,3,0,0
BRDA:172,3,1,9
BRDA:187,4,0,0
BRDA:187,4,1,9
BRDA:190,5,0,0
BRDA:233,6,0,0
BRDA:233,6,1,30
BRDA:73,7,0,2
BRDA:73,7,1,0
BRDA:97,8,0,30
BRDA:97,8,1,30
BRDA:243,9,0,0
BRDA:243,9,1,5
BRDA:262,10,0,0
BRDA:262,10,1,5
BRDA:262,11,0,0
BRDA:262,11,1,5
BRDA:265,12,0,0
BRDA:265,12,1,5
BRDA:274,13,0,0
BRDA:274,13,1,5
BRDA:274,14,0,0
BRDA:274,14,1,5
BRDA:275,15,0,0
BRDA:275,15,1,5
BRDA:276,16,0,0
BRDA:276,16,1,5
BRDA:283,17,0,0
BRDA:283,17,1,5
BRDA:283,18,0,0
BRDA:283,18,1,5
BRDA:289,19,0,5
BRDA:289,19,1,0
BRDA:292,20,0,3
BRDA:292,20,1,2
BRDA:293,21,0,0
BRDA:293,21,1,3
BRDA:293,22,0,0
BRDA:293,22,1,3
BRDA:297,23,0,0
BRDA:297,23,1,0
BRDA:306,24,0,0
BRDA:306,24,1,5
BRDA:307,25,0,0
BRDA:307,25,1,5
BRDA:311,26,0,3
BRDA:311,26,1,2
BRDA:312,27,0,0
BRDA:312,27,1,3
BRDA:312,28,0,0
BRDA:312,28,1,3
BRDA:316,29,0,0
BRDA:316,29,1,0
BRDA:332,30,0,0
BRDA:332,30,1,40
BRF:61
BRH:29
end_of_record
TN:
SF:src\utils\API.ts
FN:3,(anonymous_8)
FN:3,(anonymous_9)
FN:13,(anonymous_10)
FN:13,(anonymous_11)
FN:24,(anonymous_12)
FN:24,(anonymous_13)
FN:41,(anonymous_14)
FN:41,(anonymous_15)
FN:61,(anonymous_16)
FN:61,(anonymous_17)
FN:72,(anonymous_18)
FN:72,(anonymous_19)
FN:81,(anonymous_20)
FN:85,(anonymous_21)
FN:141,(anonymous_22)
FN:141,(anonymous_23)
FN:163,(anonymous_24)
FN:176,(anonymous_25)
FN:176,(anonymous_26)
FN:185,(anonymous_27)
FN:199,(anonymous_28)
FN:199,(anonymous_29)
FN:208,(anonymous_30)
FN:222,(anonymous_31)
FN:222,(anonymous_32)
FN:233,(anonymous_33)
FN:233,(anonymous_34)
FN:251,(anonymous_35)
FN:251,(anonymous_36)
FN:264,(anonymous_37)
FN:264,(anonymous_38)
FN:277,(anonymous_39)
FN:277,(anonymous_40)
FNF:33
FNH:21
FNDA:1,(anonymous_8)
FNDA:1,(anonymous_9)
FNDA:1,(anonymous_10)
FNDA:1,(anonymous_11)
FNDA:1,(anonymous_12)
FNDA:1,(anonymous_13)
FNDA:2,(anonymous_14)
FNDA:2,(anonymous_15)
FNDA:0,(anonymous_16)
FNDA:0,(anonymous_17)
FNDA:0,(anonymous_18)
FNDA:0,(anonymous_19)
FNDA:1,(anonymous_20)
FNDA:1,(anonymous_21)
FNDA:0,(anonymous_22)
FNDA:0,(anonymous_23)
FNDA:0,(anonymous_24)
FNDA:1,(anonymous_25)
FNDA:1,(anonymous_26)
FNDA:2,(anonymous_27)
FNDA:0,(anonymous_28)
FNDA:0,(anonymous_29)
FNDA:0,(anonymous_30)
FNDA:0,(anonymous_31)
FNDA:0,(anonymous_32)
FNDA:1,(anonymous_33)
FNDA:1,(anonymous_34)
FNDA:1,(anonymous_35)
FNDA:1,(anonymous_36)
FNDA:1,(anonymous_37)
FNDA:1,(anonymous_38)
FNDA:1,(anonymous_39)
FNDA:1,(anonymous_40)
DA:1,3
DA:3,3
DA:4,1
DA:5,1
DA:6,1
DA:9,0
DA:13,3
DA:14,1
DA:15,1
DA:16,1
DA:18,1
DA:21,0
DA:24,3
DA:25,1
DA:26,1
DA:32,1
DA:33,1
DA:34,1
DA:37,0
DA:41,3
DA:42,2
DA:43,2
DA:44,2
DA:53,2
DA:55,2
DA:57,0
DA:61,3
DA:62,0
DA:63,0
DA:64,0
DA:67,0
DA:72,3
DA:73,0
DA:74,0
DA:75,0
DA:77,0
DA:81,3
DA:85,1
DA:87,1
DA:88,1
DA:93,1
DA:94,0
DA:98,1
DA:99,1
DA:111,1
DA:121,1
DA:123,0
DA:124,0
DA:141,3
DA:142,0
DA:143,0
DA:144,0
DA:145,0
DA:147,0
DA:148,0
DA:152,0
DA:162,0
DA:163,0
DA:164,0
DA:167,0
DA:168,0
DA:170,0
DA:171,0
DA:176,3
DA:177,1
DA:178,1
DA:180,1
DA:181,1
DA:183,1
DA:185,2
DA:187,1
DA:189,0
DA:192,1
DA:194,1
DA:195,1
DA:199,3
DA:200,0
DA:201,0
DA:203,0
DA:204,0
DA:206,0
DA:208,0
DA:210,0
DA:212,0
DA:215,0
DA:217,0
DA:218,0
DA:222,3
DA:223,0
DA:224,0
DA:225,0
DA:228,0
DA:233,3
DA:234,1
DA:235,1
DA:245,1
DA:247,0
DA:251,3
DA:252,1
DA:253,1
DA:258,1
DA:260,0
DA:264,3
DA:265,1
DA:266,1
DA:271,1
DA:273,0
DA:277,3
DA:278,1
DA:279,1
DA:284,1
DA:286,0
LF:112
LH:63
BRDA:41,0,0,0
BRDA:82,1,0,0
BRDA:93,2,0,0
BRDA:93,3,0,1
BRDA:93,3,1,0
BRDA:112,4,0,1
BRDA:112,4,1,0
BRDA:113,5,0,1
BRDA:113,5,1,0
BRDA:116,6,0,0
BRDA:116,6,1,0
BRDA:116,7,0,0
BRDA:116,7,1,0
BRDA:116,8,0,0
BRDA:116,8,1,0
BRDA:144,9,0,0
BRDA:147,10,0,0
BRDA:162,11,0,0
BRDA:164,12,0,0
BRDA:164,12,1,0
BRDA:183,13,0,0
BRDA:183,14,0,1
BRDA:183,14,1,1
BRDA:183,14,2,1
BRDA:187,15,0,1
BRDA:187,16,0,1
BRDA:187,16,1,1
BRDA:192,17,0,0
BRDA:206,18,0,0
BRDA:206,19,0,0
BRDA:206,19,1,0
BRDA:206,19,2,0
BRDA:210,20,0,0
BRDA:210,21,0,0
BRDA:210,21,1,0
BRDA:215,22,0,0
BRF:36
BRH:9
end_of_record
TN:
SF:src\utils\HOC.tsx
FN:3,(anonymous_0)
FN:4,(anonymous_1)
FNF:2
FNH:2
FNDA:5,(anonymous_0)
FNDA:24,(anonymous_1)
DA:1,3
DA:3,3
DA:4,5
DA:5,24
DA:6,24
DA:10,3
LF:6
LH:6
BRF:0
BRH:0
end_of_record
