TN:
SF:src\components\AddMovieForm.tsx
FN:13,(anonymous_8)
FN:24,(anonymous_9)
FN:26,(anonymous_10)
FN:26,(anonymous_11)
FN:47,(anonymous_12)
FN:81,(anonymous_13)
FN:81,(anonymous_14)
FN:195,(anonymous_15)
FN:208,(anonymous_16)
FN:223,(anonymous_17)
FN:239,(anonymous_18)
FN:270,(anonymous_19)
FN:282,(anonymous_20)
FN:295,(anonymous_21)
FN:313,(anonymous_22)
FNF:15
FNH:13
FNDA:21,(anonymous_8)
FNDA:6,(anonymous_9)
FNDA:0,(anonymous_10)
FNDA:0,(anonymous_11)
FNDA:1,(anonymous_12)
FNDA:1,(anonymous_13)
FNDA:1,(anonymous_14)
FNDA:2,(anonymous_15)
FNDA:2,(anonymous_16)
FNDA:2,(anonymous_17)
FNDA:2,(anonymous_18)
FNDA:1,(anonymous_19)
FNDA:2,(anonymous_20)
FNDA:2,(anonymous_21)
FNDA:2,(anonymous_22)
DA:1,1
DA:2,1
DA:6,1
DA:7,1
DA:8,1
DA:9,1
DA:10,1
DA:11,1
DA:13,1
DA:14,21
DA:15,21
DA:16,21
DA:17,21
DA:18,21
DA:19,21
DA:20,21
DA:21,21
DA:22,21
DA:24,21
DA:25,6
DA:26,0
DA:27,0
DA:28,0
DA:29,0
DA:30,0
DA:31,0
DA:32,0
DA:33,0
DA:34,0
DA:35,0
DA:37,0
DA:38,0
DA:43,0
DA:47,21
DA:48,1
DA:49,1
DA:51,1
DA:52,0
DA:53,0
DA:55,1
DA:56,0
DA:57,0
DA:59,1
DA:60,0
DA:61,0
DA:63,1
DA:64,0
DA:65,0
DA:67,1
DA:68,0
DA:69,0
DA:72,1
DA:73,0
DA:78,1
DA:81,21
DA:82,1
DA:84,1
DA:85,1
DA:87,1
DA:88,1
DA:89,1
DA:90,1
DA:91,1
DA:92,1
DA:93,1
DA:94,1
DA:95,1
DA:97,1
DA:98,1
DA:99,1
DA:101,1
DA:102,1
DA:105,1
DA:106,1
DA:107,1
DA:108,0
DA:109,0
DA:111,0
DA:113,0
DA:117,1
DA:118,0
DA:123,0
DA:124,0
DA:125,0
DA:126,0
DA:127,0
DA:128,0
DA:129,0
DA:130,0
DA:132,0
DA:133,0
DA:139,21
DA:195,2
DA:208,2
DA:223,2
DA:239,2
DA:270,1
DA:282,2
DA:296,2
DA:314,2
DA:347,1
LF:101
LH:62
BRDA:25,0,0,0
BRDA:39,1,0,0
BRDA:39,1,1,0
BRDA:51,2,0,0
BRDA:55,3,0,0
BRDA:59,4,0,0
BRDA:63,5,0,0
BRDA:67,6,0,0
BRDA:67,7,0,1
BRDA:67,7,1,1
BRDA:72,8,0,0
BRDA:74,9,0,0
BRDA:74,9,1,0
BRDA:84,10,0,0
BRDA:98,11,0,1
BRDA:101,12,0,1
BRDA:107,13,0,0
BRDA:107,13,1,1
BRDA:108,14,0,0
BRDA:114,15,0,0
BRDA:114,15,1,0
BRDA:119,16,0,0
BRDA:119,16,1,0
BRDA:134,17,0,0
BRDA:134,17,1,0
BRDA:151,18,0,0
BRDA:151,18,1,21
BRDA:186,19,0,0
BRDA:186,19,1,21
BRDA:239,20,0,0
BRDA:239,20,1,2
BRDA:296,21,0,2
BRDA:296,21,1,0
BRDA:296,22,0,0
BRDA:296,22,1,2
BRDA:296,23,0,2
BRDA:296,23,1,2
BRDA:299,24,0,21
BRDA:299,24,1,4
BRDA:314,25,0,2
BRDA:314,25,1,0
BRDA:314,26,0,0
BRDA:314,26,1,2
BRDA:314,27,0,2
BRDA:314,27,1,2
BRDA:317,28,0,21
BRDA:317,28,1,2
BRDA:338,29,0,0
BRDA:338,29,1,21
BRF:49
BRH:21
end_of_record
TN:
SF:src\components\AllMovies.tsx
FN:52,(anonymous_1)
FN:63,(anonymous_2)
FN:78,(anonymous_3)
FN:81,(anonymous_4)
FN:83,(anonymous_5)
FN:94,(anonymous_6)
FN:100,(anonymous_7)
FN:104,(anonymous_8)
FN:116,(anonymous_9)
FN:137,(anonymous_10)
FN:158,(anonymous_11)
FN:179,(anonymous_12)
FN:180,(anonymous_13)
FN:67,(anonymous_14)
FN:74,(anonymous_15)
FN:108,(anonymous_16)
FN:112,(anonymous_17)
FN:188,(anonymous_18)
FN:213,(anonymous_19)
FN:215,(anonymous_20)
FN:238,(anonymous_21)
FNF:21
FNH:16
FNDA:3,(anonymous_1)
FNDA:0,(anonymous_2)
FNDA:3,(anonymous_3)
FNDA:3,(anonymous_4)
FNDA:2,(anonymous_5)
FNDA:0,(anonymous_6)
FNDA:0,(anonymous_7)
FNDA:0,(anonymous_8)
FNDA:7,(anonymous_9)
FNDA:7,(anonymous_10)
FNDA:7,(anonymous_11)
FNDA:6,(anonymous_12)
FNDA:36,(anonymous_13)
FNDA:3,(anonymous_14)
FNDA:3,(anonymous_15)
FNDA:86,(anonymous_16)
FNDA:7,(anonymous_17)
FNDA:7,(anonymous_18)
FNDA:56,(anonymous_19)
FNDA:0,(anonymous_20)
FNDA:2,(anonymous_21)
DA:1,1
DA:2,1
DA:3,1
DA:4,1
DA:12,1
DA:13,1
DA:14,1
DA:15,1
DA:16,1
DA:17,1
DA:34,1
DA:53,3
DA:54,3
DA:63,3
DA:64,0
DA:68,3
DA:69,3
DA:70,3
DA:71,3
DA:75,3
DA:78,3
DA:79,3
DA:80,3
DA:82,3
DA:83,2
DA:91,3
DA:92,3
DA:95,0
DA:96,0
DA:100,3
DA:101,0
DA:104,3
DA:105,0
DA:109,86
DA:113,7
DA:116,3
DA:117,7
DA:118,7
DA:137,3
DA:138,7
DA:139,7
DA:158,3
DA:159,7
DA:160,7
DA:161,7
DA:162,0
DA:163,0
DA:164,7
DA:165,0
DA:166,0
DA:168,7
DA:179,3
DA:180,6
DA:181,36
DA:189,7
DA:190,7
DA:214,56
DA:215,0
DA:239,2
DA:270,1
LF:60
LH:50
BRDA:89,0,0,3
BRDA:89,0,1,0
BRDA:124,1,0,0
BRDA:124,1,1,7
BRDA:145,2,0,0
BRDA:145,2,1,7
BRDA:161,3,0,0
BRDA:161,3,1,7
BRDA:164,4,0,0
BRDA:179,5,0,0
BRDA:181,6,0,0
BRDA:181,6,1,36
BRDA:70,7,0,2
BRDA:70,7,1,1
BRDA:113,8,0,7
BRDA:113,8,1,7
BRDA:189,9,0,0
BRDA:189,9,1,7
BRDA:208,10,0,0
BRDA:208,10,1,7
BRDA:222,11,0,0
BRDA:222,11,1,7
BRDA:236,12,0,6
BRDA:236,12,1,1
BRDA:237,13,0,0
BRDA:237,13,1,6
BRDA:239,14,0,0
BRDA:239,14,1,2
BRF:28
BRH:16
end_of_record
TN:
SF:src\components\AnimatedButton.tsx
FN:16,(anonymous_7)
FN:56,SuggestMovieButton
FN:60,(anonymous_9)
FN:60,(anonymous_10)
FNF:4
FNH:4
FNDA:9,(anonymous_7)
FNDA:9,SuggestMovieButton
FNDA:3,(anonymous_9)
FNDA:3,(anonymous_10)
DA:1,1
DA:2,1
DA:3,1
DA:4,1
DA:5,1
DA:7,1
DA:16,9
DA:56,1
DA:57,9
DA:58,9
DA:60,9
DA:61,3
DA:63,3
DA:64,3
DA:66,2
DA:67,1
DA:68,1
DA:70,1
DA:71,1
DA:74,1
DA:75,1
DA:79,9
LF:22
LH:22
BRDA:66,0,0,1
BRDA:66,0,1,1
BRDA:81,1,0,3
BRDA:81,1,1,6
BRF:4
BRH:4
end_of_record
TN:
SF:src\components\Carousel.tsx
FN:14,NextArrow
FN:39,PrevArrow
FN:73,(anonymous_3)
FN:125,(anonymous_4)
FNF:4
FNH:2
FNDA:0,NextArrow
FNDA:0,PrevArrow
FNDA:4,(anonymous_3)
FNDA:12,(anonymous_4)
DA:1,1
DA:2,1
DA:3,1
DA:4,1
DA:5,1
DA:6,1
DA:15,0
DA:40,0
DA:72,1
DA:74,4
DA:88,4
DA:113,4
DA:126,12
DA:223,1
LF:14
LH:12
BRF:0
BRH:0
end_of_record
TN:
SF:src\components\Footer.tsx
FN:3,Footer
FN:80,(anonymous_1)
FNF:2
FNH:2
FNDA:44,Footer
FNDA:176,(anonymous_1)
DA:1,5
DA:4,44
DA:81,176
DA:125,5
LF:4
LH:4
BRF:0
BRH:0
end_of_record
TN:
SF:src\components\GenreCard.tsx
FN:16,(anonymous_0)
FN:19,(anonymous_1)
FNF:2
FNH:2
FNDA:149,(anonymous_0)
FNDA:1,(anonymous_1)
DA:1,2
DA:3,2
DA:16,2
DA:17,149
DA:20,1
DA:61,2
LF:6
LH:6
BRDA:20,0,0,0
BRDA:20,0,1,1
BRDA:20,1,0,1
BRDA:20,1,1,1
BRF:4
BRH:3
end_of_record
TN:
SF:src\components\GenrePage.tsx
FN:24,(anonymous_8)
FN:29,(anonymous_9)
FN:30,(anonymous_10)
FN:30,(anonymous_11)
FN:39,(anonymous_12)
FN:40,(anonymous_13)
FN:73,(anonymous_14)
FNF:7
FNH:7
FNDA:6,(anonymous_8)
FNDA:4,(anonymous_9)
FNDA:4,(anonymous_10)
FNDA:4,(anonymous_11)
FNDA:4,(anonymous_12)
FNDA:24,(anonymous_13)
FNDA:2,(anonymous_14)
DA:1,1
DA:2,1
DA:3,1
DA:4,1
DA:5,1
DA:6,1
DA:7,1
DA:24,1
DA:25,6
DA:26,6
DA:27,6
DA:29,6
DA:30,4
DA:31,4
DA:32,3
DA:33,3
DA:36,4
DA:39,6
DA:40,4
DA:41,24
DA:49,6
DA:74,2
DA:83,1
LF:23
LH:23
BRDA:31,0,0,4
BRDA:31,0,1,0
BRDA:68,1,0,6
BRDA:68,1,1,0
BRDA:68,2,0,0
BRDA:68,2,1,6
BRDA:68,3,0,6
BRDA:68,3,1,6
BRDA:71,4,0,4
BRDA:71,4,1,2
BRF:10
BRH:7
end_of_record
TN:
SF:src\components\HomePage.tsx
FN:53,(anonymous_8)
FN:62,(anonymous_9)
FN:86,(anonymous_10)
FN:98,(anonymous_11)
FN:119,(anonymous_12)
FN:140,(anonymous_13)
FN:141,(anonymous_14)
FN:162,(anonymous_15)
FN:229,(anonymous_16)
FN:230,(anonymous_17)
FN:66,(anonymous_18)
FN:82,(anonymous_20)
FN:90,(anonymous_21)
FN:94,(anonymous_22)
FN:239,(anonymous_23)
FN:294,(anonymous_24)
FN:313,(anonymous_25)
FN:329,(anonymous_26)
FN:331,(anonymous_27)
FNF:19
FNH:12
FNDA:3,(anonymous_8)
FNDA:0,(anonymous_9)
FNDA:0,(anonymous_10)
FNDA:0,(anonymous_11)
FNDA:0,(anonymous_12)
FNDA:9,(anonymous_13)
FNDA:9,(anonymous_14)
FNDA:9,(anonymous_15)
FNDA:6,(anonymous_16)
FNDA:30,(anonymous_17)
FNDA:3,(anonymous_18)
FNDA:3,(anonymous_20)
FNDA:153,(anonymous_21)
FNDA:30,(anonymous_22)
FNDA:5,(anonymous_23)
FNDA:0,(anonymous_24)
FNDA:0,(anonymous_25)
FNDA:40,(anonymous_26)
FNDA:0,(anonymous_27)
DA:1,1
DA:2,1
DA:3,1
DA:4,1
DA:11,1
DA:12,1
DA:13,1
DA:14,1
DA:15,1
DA:16,1
DA:17,1
DA:18,1
DA:19,1
DA:20,1
DA:47,1
DA:54,3
DA:55,3
DA:62,3
DA:63,0
DA:67,3
DA:68,3
DA:69,3
DA:70,2
DA:75,1
DA:76,1
DA:83,3
DA:86,3
DA:87,0
DA:91,153
DA:95,30
DA:98,3
DA:99,0
DA:100,0
DA:119,3
DA:120,0
DA:121,0
DA:140,3
DA:141,9
DA:142,9
DA:143,9
DA:162,9
DA:163,9
DA:164,9
DA:183,9
DA:184,9
DA:185,9
DA:186,0
DA:187,0
DA:188,9
DA:189,0
DA:190,0
DA:193,9
DA:229,3
DA:230,6
DA:231,30
DA:240,5
DA:241,5
DA:243,5
DA:295,0
DA:314,0
DA:330,40
DA:331,0
DA:345,1
LF:63
LH:50
BRDA:106,0,0,0
BRDA:106,0,1,0
BRDA:127,1,0,0
BRDA:127,1,1,0
BRDA:149,2,0,0
BRDA:149,2,1,9
BRDA:170,3,0,0
BRDA:170,3,1,9
BRDA:185,4,0,0
BRDA:185,4,1,9
BRDA:188,5,0,0
BRDA:231,6,0,0
BRDA:231,6,1,30
BRDA:71,7,0,2
BRDA:71,7,1,0
BRDA:95,8,0,30
BRDA:95,8,1,30
BRDA:241,9,0,0
BRDA:241,9,1,5
BRDA:260,10,0,0
BRDA:260,10,1,5
BRDA:260,11,0,0
BRDA:260,11,1,5
BRDA:263,12,0,0
BRDA:263,12,1,5
BRDA:272,13,0,0
BRDA:272,13,1,5
BRDA:272,14,0,0
BRDA:272,14,1,5
BRDA:273,15,0,0
BRDA:273,15,1,5
BRDA:274,16,0,0
BRDA:274,16,1,5
BRDA:281,17,0,0
BRDA:281,17,1,5
BRDA:281,18,0,0
BRDA:281,18,1,5
BRDA:287,19,0,5
BRDA:287,19,1,0
BRDA:290,20,0,3
BRDA:290,20,1,2
BRDA:291,21,0,0
BRDA:291,21,1,3
BRDA:291,22,0,0
BRDA:291,22,1,3
BRDA:295,23,0,0
BRDA:295,23,1,0
BRDA:304,24,0,0
BRDA:304,24,1,5
BRDA:305,25,0,0
BRDA:305,25,1,5
BRDA:309,26,0,3
BRDA:309,26,1,2
BRDA:310,27,0,0
BRDA:310,27,1,3
BRDA:310,28,0,0
BRDA:310,28,1,3
BRDA:314,29,0,0
BRDA:314,29,1,0
BRDA:330,30,0,0
BRDA:330,30,1,40
BRF:61
BRH:29
end_of_record
TN:
SF:src\components\LoginSignup.tsx
FN:39,(anonymous_8)
FN:53,(anonymous_9)
FN:99,(anonymous_10)
FN:100,(anonymous_11)
FN:103,(anonymous_12)
FN:103,(anonymous_13)
FN:152,(anonymous_14)
FN:156,(anonymous_15)
FN:294,(anonymous_16)
FN:309,(anonymous_17)
FN:319,(anonymous_18)
FN:349,(anonymous_19)
FN:375,(anonymous_20)
FN:404,(anonymous_21)
FN:434,(anonymous_22)
FNF:15
FNH:11
FNDA:8,(anonymous_8)
FNDA:6,(anonymous_9)
FNDA:0,(anonymous_10)
FNDA:0,(anonymous_11)
FNDA:6,(anonymous_12)
FNDA:6,(anonymous_13)
FNDA:0,(anonymous_14)
FNDA:188,(anonymous_15)
FNDA:0,(anonymous_16)
FNDA:4,(anonymous_17)
FNDA:16,(anonymous_18)
FNDA:64,(anonymous_19)
FNDA:44,(anonymous_20)
FNDA:22,(anonymous_21)
FNDA:20,(anonymous_22)
DA:1,1
DA:2,1
DA:3,1
DA:4,1
DA:5,1
DA:6,1
DA:7,1
DA:8,1
DA:9,1
DA:10,1
DA:11,1
DA:12,1
DA:13,1
DA:14,1
DA:40,8
DA:41,8
DA:53,8
DA:54,6
DA:55,6
DA:56,6
DA:58,6
DA:60,6
DA:61,2
DA:62,2
DA:65,6
DA:66,2
DA:67,2
DA:70,6
DA:71,3
DA:72,1
DA:73,1
DA:76,3
DA:77,1
DA:78,1
DA:81,3
DA:82,1
DA:83,1
DA:87,6
DA:89,6
DA:90,2
DA:91,2
DA:96,6
DA:99,8
DA:100,0
DA:103,8
DA:104,6
DA:106,4
DA:107,4
DA:109,4
DA:115,4
DA:116,4
DA:117,2
DA:118,1
DA:119,1
DA:121,1
DA:125,1
DA:127,2
DA:134,2
DA:135,1
DA:138,1
DA:145,2
DA:146,2
DA:148,4
DA:152,8
DA:153,0
DA:157,188
DA:158,188
DA:159,188
DA:160,188
DA:162,188
DA:294,0
DA:309,4
DA:319,16
DA:349,64
DA:375,44
DA:404,22
DA:434,20
DA:485,1
LF:78
LH:75
BRDA:60,0,0,2
BRDA:60,1,0,6
BRDA:60,1,1,4
BRDA:65,2,0,2
BRDA:65,3,0,6
BRDA:65,3,1,4
BRDA:70,4,0,3
BRDA:71,5,0,1
BRDA:76,6,0,1
BRDA:76,7,0,3
BRDA:76,7,1,2
BRDA:81,8,0,1
BRDA:81,9,0,3
BRDA:81,9,1,2
BRDA:89,10,0,2
BRDA:92,11,0,0
BRDA:92,11,1,2
BRDA:104,12,0,2
BRDA:116,13,0,2
BRDA:116,13,1,2
BRDA:122,14,0,0
BRDA:122,14,1,1
BRDA:139,15,0,0
BRDA:139,15,1,1
BRDA:160,16,0,188
BRDA:160,16,1,188
BRDA:166,17,0,0
BRDA:166,17,1,188
BRDA:271,18,0,67
BRDA:271,18,1,121
BRDA:285,19,0,0
BRDA:285,19,1,188
BRDA:285,20,0,188
BRDA:285,20,1,188
BRDA:291,21,0,67
BRDA:291,21,1,121
BRDA:292,22,0,67
BRDA:292,22,1,121
BRDA:300,23,0,0
BRDA:300,23,1,188
BRDA:300,24,0,188
BRDA:300,24,1,188
BRDA:306,25,0,121
BRDA:306,25,1,67
BRDA:307,26,0,121
BRDA:307,26,1,67
BRDA:315,27,0,188
BRDA:315,27,1,121
BRDA:323,28,0,0
BRDA:323,28,1,121
BRDA:323,29,0,121
BRDA:323,29,1,121
BRDA:353,30,0,0
BRDA:353,30,1,188
BRDA:353,31,0,188
BRDA:353,31,1,188
BRDA:379,32,0,0
BRDA:379,32,1,188
BRDA:379,33,0,188
BRDA:379,33,1,188
BRDA:399,34,0,188
BRDA:399,34,1,121
BRDA:408,35,0,0
BRDA:408,35,1,121
BRDA:408,36,0,121
BRDA:408,36,1,121
BRDA:429,37,0,188
BRDA:429,37,1,121
BRDA:439,38,0,0
BRDA:439,38,1,121
BRDA:439,39,0,121
BRDA:439,39,1,121
BRDA:471,40,0,4
BRDA:471,40,1,184
BRDA:474,41,0,67
BRDA:474,41,1,121
BRF:76
BRH:65
end_of_record
TN:
SF:src\components\MovieCard.tsx
FN:19,(anonymous_1)
FNF:1
FNH:1
FNDA:10,(anonymous_1)
DA:1,3
DA:2,3
DA:3,3
DA:4,3
DA:19,3
DA:20,10
DA:21,10
DA:151,3
LF:8
LH:8
BRF:0
BRH:0
end_of_record
TN:
SF:src\components\NavbarNew.tsx
FN:41,(anonymous_8)
FN:57,(anonymous_9)
FN:61,(anonymous_10)
FN:65,(anonymous_11)
FN:69,(anonymous_12)
FN:73,(anonymous_13)
FN:77,(anonymous_14)
FN:81,(anonymous_15)
FN:85,(anonymous_16)
FN:85,(anonymous_17)
FN:49,(anonymous_18)
FN:53,(anonymous_19)
FN:96,(anonymous_20)
FN:259,(anonymous_21)
FNF:14
FNH:4
FNDA:16,(anonymous_8)
FNDA:0,(anonymous_9)
FNDA:0,(anonymous_10)
FNDA:0,(anonymous_11)
FNDA:0,(anonymous_12)
FNDA:0,(anonymous_13)
FNDA:0,(anonymous_14)
FNDA:0,(anonymous_15)
FNDA:0,(anonymous_16)
FNDA:0,(anonymous_17)
FNDA:16,(anonymous_18)
FNDA:16,(anonymous_19)
FNDA:39,(anonymous_20)
FNDA:0,(anonymous_21)
DA:4,4
DA:5,4
DA:6,4
DA:13,4
DA:19,4
DA:20,4
DA:21,4
DA:22,4
DA:23,4
DA:24,4
DA:25,4
DA:26,4
DA:37,4
DA:38,4
DA:39,4
DA:42,16
DA:44,16
DA:50,16
DA:54,16
DA:57,16
DA:58,0
DA:61,16
DA:62,0
DA:65,16
DA:66,0
DA:69,16
DA:70,0
DA:73,16
DA:74,0
DA:77,16
DA:78,0
DA:81,16
DA:82,0
DA:85,16
DA:86,0
DA:87,0
DA:88,0
DA:90,0
DA:92,0
DA:97,39
DA:98,39
DA:100,39
DA:259,0
DA:272,4
LF:44
LH:31
BRDA:39,0,0,0
BRDA:39,0,1,4
BRDA:128,1,0,0
BRDA:128,1,1,39
BRDA:140,2,0,0
BRDA:140,2,1,39
BRDA:159,3,0,39
BRDA:159,3,1,39
BRDA:182,4,0,0
BRDA:182,4,1,39
BRDA:204,5,0,0
BRDA:204,5,1,39
BRDA:206,6,0,0
BRDA:206,6,1,0
BRDA:221,7,0,0
BRDA:221,7,1,0
BRDA:234,8,0,0
BRDA:234,8,1,0
BRF:18
BRH:7
end_of_record
TN:
SF:src\utils\API.ts
FN:3,(anonymous_8)
FN:3,(anonymous_9)
FN:13,(anonymous_10)
FN:13,(anonymous_11)
FN:22,(anonymous_12)
FN:22,(anonymous_13)
FN:38,(anonymous_14)
FN:38,(anonymous_15)
FN:47,(anonymous_16)
FN:47,(anonymous_17)
FN:58,(anonymous_18)
FN:58,(anonymous_19)
FN:67,(anonymous_20)
FN:71,(anonymous_21)
FN:124,(anonymous_22)
FN:124,(anonymous_23)
FN:146,(anonymous_24)
FN:159,(anonymous_25)
FN:159,(anonymous_26)
FN:168,(anonymous_27)
FN:182,(anonymous_28)
FN:182,(anonymous_29)
FN:191,(anonymous_30)
FN:205,(anonymous_31)
FN:205,(anonymous_32)
FN:216,(anonymous_33)
FN:216,(anonymous_34)
FN:234,(anonymous_35)
FN:234,(anonymous_36)
FN:247,(anonymous_37)
FN:247,(anonymous_38)
FN:260,(anonymous_39)
FN:260,(anonymous_40)
FNF:33
FNH:20
FNDA:1,(anonymous_8)
FNDA:1,(anonymous_9)
FNDA:1,(anonymous_10)
FNDA:1,(anonymous_11)
FNDA:1,(anonymous_12)
FNDA:1,(anonymous_13)
FNDA:1,(anonymous_14)
FNDA:1,(anonymous_15)
FNDA:0,(anonymous_16)
FNDA:0,(anonymous_17)
FNDA:1,(anonymous_18)
FNDA:1,(anonymous_19)
FNDA:1,(anonymous_20)
FNDA:1,(anonymous_21)
FNDA:0,(anonymous_22)
FNDA:0,(anonymous_23)
FNDA:0,(anonymous_24)
FNDA:0,(anonymous_25)
FNDA:0,(anonymous_26)
FNDA:0,(anonymous_27)
FNDA:0,(anonymous_28)
FNDA:0,(anonymous_29)
FNDA:0,(anonymous_30)
FNDA:1,(anonymous_31)
FNDA:1,(anonymous_32)
FNDA:0,(anonymous_33)
FNDA:0,(anonymous_34)
FNDA:2,(anonymous_35)
FNDA:2,(anonymous_36)
FNDA:1,(anonymous_37)
FNDA:1,(anonymous_38)
FNDA:1,(anonymous_39)
FNDA:1,(anonymous_40)
DA:1,4
DA:3,4
DA:4,1
DA:5,1
DA:6,1
DA:9,0
DA:13,4
DA:14,1
DA:15,1
DA:16,1
DA:19,0
DA:22,4
DA:23,1
DA:24,1
DA:30,1
DA:31,1
DA:32,1
DA:35,0
DA:38,4
DA:39,1
DA:40,1
DA:41,1
DA:44,0
DA:47,4
DA:48,0
DA:49,0
DA:50,0
DA:53,0
DA:58,4
DA:59,1
DA:60,1
DA:61,1
DA:63,0
DA:67,4
DA:71,1
DA:72,1
DA:77,1
DA:78,0
DA:82,1
DA:83,1
DA:94,1
DA:104,1
DA:106,0
DA:107,0
DA:124,4
DA:125,0
DA:126,0
DA:127,0
DA:128,0
DA:130,0
DA:131,0
DA:135,0
DA:145,0
DA:146,0
DA:147,0
DA:150,0
DA:151,0
DA:153,0
DA:154,0
DA:159,4
DA:160,0
DA:161,0
DA:163,0
DA:164,0
DA:166,0
DA:168,0
DA:170,0
DA:172,0
DA:175,0
DA:177,0
DA:178,0
DA:182,4
DA:183,0
DA:184,0
DA:186,0
DA:187,0
DA:189,0
DA:191,0
DA:193,0
DA:195,0
DA:198,0
DA:200,0
DA:201,0
DA:205,4
DA:206,1
DA:207,1
DA:208,1
DA:211,0
DA:216,4
DA:217,0
DA:218,0
DA:228,0
DA:230,0
DA:234,4
DA:235,2
DA:236,2
DA:241,1
DA:243,0
DA:247,4
DA:248,1
DA:249,1
DA:254,1
DA:256,0
DA:260,4
DA:261,1
DA:262,1
DA:267,1
DA:269,0
LF:108
LH:52
BRDA:38,0,0,0
BRDA:68,1,0,0
BRDA:77,2,0,0
BRDA:77,3,0,1
BRDA:77,3,1,0
BRDA:95,4,0,1
BRDA:95,4,1,0
BRDA:96,5,0,1
BRDA:96,5,1,0
BRDA:99,6,0,0
BRDA:99,6,1,0
BRDA:99,7,0,0
BRDA:99,7,1,0
BRDA:99,8,0,0
BRDA:99,8,1,0
BRDA:127,9,0,0
BRDA:130,10,0,0
BRDA:145,11,0,0
BRDA:147,12,0,0
BRDA:147,12,1,0
BRDA:166,13,0,0
BRDA:166,14,0,0
BRDA:166,14,1,0
BRDA:166,14,2,0
BRDA:170,15,0,0
BRDA:170,16,0,0
BRDA:170,16,1,0
BRDA:175,17,0,0
BRDA:189,18,0,0
BRDA:189,19,0,0
BRDA:189,19,1,0
BRDA:189,19,2,0
BRDA:193,20,0,0
BRDA:193,21,0,0
BRDA:193,21,1,0
BRDA:198,22,0,0
BRF:36
BRH:3
end_of_record
TN:
SF:src\utils\HOC.tsx
FN:3,(anonymous_0)
FN:4,(anonymous_1)
FNF:2
FNH:2
FNDA:6,(anonymous_0)
FNDA:45,(anonymous_1)
DA:1,4
DA:3,4
DA:4,6
DA:5,45
DA:6,45
DA:10,4
LF:6
LH:6
BRF:0
BRH:0
end_of_record
